  Building Custom Rule M:/Torque2DCmake/tools/CMake/CMakeLists.txt
  crc.cc
  hashFunction.cc
  assetBase.cc
  assetFieldTypes.cc
  assetManager.cc
  assetQuery.cc
  assetTagsManifest.cc
  declaredAssets.cc
  referencedAssets.cc
M:\Torque2DCmake\engine\source\Box2D/Common/b2Settings.h(28): fatal error C1017: invalid integer constant expression (compiling source file M:\Torque2DCmake\engine\source\assets\assetBase.cc)
M:\Torque2DCmake\engine\source\Box2D/Common/b2Settings.h(28): fatal error C1017: invalid integer constant expression (compiling source file M:\Torque2DCmake\engine\source\assets\assetManager.cc)
  AudioAsset.cc
  audio.cc
M:\Torque2DCmake\engine\source\Box2D/Common/b2Settings.h(28): fatal error C1017: invalid integer constant expression (compiling source file M:\Torque2DCmake\engine\source\assets\assetTagsManifest.cc)
M:\Torque2DCmake\engine\source\Box2D/Common/b2Settings.h(28): fatal error C1017: invalid integer constant expression (compiling source file M:\Torque2DCmake\engine\source\assets\assetFieldTypes.cc)
  audioBuffer.cc
M:\Torque2DCmake\engine\source\Box2D/Common/b2Settings.h(28): fatal error C1017: invalid integer constant expression (compiling source file M:\Torque2DCmake\engine\source\assets\assetQuery.cc)
  audioDataBlock.cc
  audioDescriptions.cc
M:\Torque2DCmake\engine\source\platform/platformAL.h(60): fatal error C1083: Cannot open include file: 'al/altypes.h': No such file or directory (compiling source file M:\Torque2DCmake\engine\source\audio\AudioAsset.cc)
  audioStreamSourceFactory.cc
M:\Torque2DCmake\engine\source\platform/platformAL.h(60): fatal error C1083: Cannot open include file: 'al/altypes.h': No such file or directory (compiling source file M:\Torque2DCmake\engine\source\audio\audio.cc)
  audio_ScriptBinding.cc
M:\Torque2DCmake\engine\source\platform/platformAL.h(60): fatal error C1083: Cannot open include file: 'al/altypes.h': No such file or directory (compiling source file M:\Torque2DCmake\engine\source\audio\audioDataBlock.cc)
M:\Torque2DCmake\engine\source\platform/platformAL.h(60): fatal error C1083: Cannot open include file: 'al/altypes.h': No such file or directory (compiling source file M:\Torque2DCmake\engine\source\audio\audioBuffer.cc)
M:\Torque2DCmake\engine\source\platform/platformAL.h(60): fatal error C1083: Cannot open include file: 'al/altypes.h': No such file or directory (compiling source file M:\Torque2DCmake\engine\source\audio\audioDescriptions.cc)
  vorbisStreamSource.cc
  wavStreamSource.cc
  BitmapFont.cc
  BitmapFontCharacter.cc
M:\Torque2DCmake\engine\source\platform/platformAL.h(60): fatal error C1083: Cannot open include file: 'al/altypes.h': No such file or directory (compiling source file M:\Torque2DCmake\engine\source\audio\audioStreamSourceFactory.cc)
  b2BroadPhase.cpp
M:\Torque2DCmake\engine\source\platform/platformAL.h(60): fatal error C1083: Cannot open include file: 'al/altypes.h': No such file or directory (compiling source file M:\Torque2DCmake\engine\source\audio\vorbisStreamSource.cc)
  b2CollideCircle.cpp
M:\Torque2DCmake\engine\source\platform/platformAL.h(60): fatal error C1083: Cannot open include file: 'al/altypes.h': No such file or directory (compiling source file M:\Torque2DCmake\engine\source\audio\wavStreamSource.cc)
  b2CollideEdge.cpp
  b2CollidePolygon.cpp
M:\Torque2DCmake\engine\source\Box2D\Collision\b2CollideCircle.cpp(141): warning C4456: declaration of 'separation' hides previous local declaration
  M:\Torque2DCmake\engine\source\Box2D\Collision\b2CollideCircle.cpp(64): note: see declaration of 'separation'
  b2Collision.cpp
  b2Distance.cpp
  b2DynamicTree.cpp
  b2TimeOfImpact.cpp
  b2ChainShape.cpp
  b2CircleShape.cpp
  b2EdgeShape.cpp
  b2PolygonShape.cpp
  b2BlockAllocator.cpp
  b2Draw.cpp
  b2FreeList.cpp
  b2Math.cpp
  b2Settings.cpp
M:\Torque2DCmake\engine\source\Box2D\Collision\Shapes\b2PolygonShape.cpp(284): warning C4457: declaration of 'distance' hides function parameter
  M:\Torque2DCmake\engine\source\Box2D\Collision\Shapes\b2PolygonShape.cpp(260): note: see declaration of 'distance'
M:\Torque2DCmake\engine\source\Box2D/Common/b2Settings.h(28): fatal error C1017: invalid integer constant expression (compiling source file M:\Torque2DCmake\engine\source\audio\audio_ScriptBinding.cc)
  b2StackAllocator.cpp
  b2Stat.cpp
  b2Timer.cpp
  b2TrackedBlock.cpp
  b2Body.cpp
  b2ContactManager.cpp
M:\Torque2DCmake\engine\source\Box2D/Common/b2Settings.h(28): fatal error C1017: invalid integer constant expression (compiling source file M:\Torque2DCmake\engine\source\bitmapFont\BitmapFont.cc)
  b2Fixture.cpp
M:\Torque2DCmake\engine\source\Box2D/Common/b2Settings.h(28): fatal error C1017: invalid integer constant expression (compiling source file M:\Torque2DCmake\engine\source\bitmapFont\BitmapFontCharacter.cc)
  b2Island.cpp
  b2World.cpp
  b2WorldCallbacks.cpp
  b2ChainAndCircleContact.cpp
  b2ChainAndPolygonContact.cpp
  b2CircleContact.cpp
M:\Torque2DCmake\engine\source\Box2D\Dynamics\b2Island.cpp(315): warning C4456: declaration of 'i' hides previous local declaration
  M:\Torque2DCmake\engine\source\Box2D\Dynamics\b2Island.cpp(310): note: see declaration of 'i'
  b2Contact.cpp
  b2ContactSolver.cpp
  b2EdgeAndCircleContact.cpp
  b2EdgeAndPolygonContact.cpp
  b2PolygonAndCircleContact.cpp
  b2PolygonContact.cpp
  b2DistanceJoint.cpp
  b2FrictionJoint.cpp
  b2GearJoint.cpp
  b2Joint.cpp
  b2MotorJoint.cpp
  b2MouseJoint.cpp
  b2PrismaticJoint.cpp
  b2PulleyJoint.cpp
  b2RevoluteJoint.cpp
  b2RopeJoint.cpp
  b2WeldJoint.cpp
  b2WheelJoint.cpp
  b2Particle.cpp
  b2ParticleAssembly.cpp
  b2ParticleGroup.cpp
  b2ParticleSystem.cpp
  b2VoronoiDiagram.cpp
  b2Rope.cpp
  bitTables.cc
  hashTable.cc
M:\Torque2DCmake\engine\source\Box2D\Dynamics\Joints\b2WheelJoint.cpp(144): warning C4456: declaration of 'd' hides previous local declaration
  M:\Torque2DCmake\engine\source\Box2D\Dynamics\Joints\b2WheelJoint.cpp(106): note: see declaration of 'd'
  nameTags.cpp
  undo.cc
  vector.cc
  dynamicConsoleMethodComponent.cpp
  simComponent.cpp
  behaviorComponent.cpp
  behaviorInstance.cpp
  behaviorTemplate.cpp
M:\Torque2DCmake\engine\source\Box2D\Particle\b2ParticleSystem.cpp(1737): warning C4456: declaration of 'i' hides previous local declaration
  M:\Torque2DCmake\engine\source\Box2D\Particle\b2ParticleSystem.cpp(1734): note: see declaration of 'i'
M:\Torque2DCmake\engine\source\Box2D\Particle\b2ParticleSystem.cpp(1779): warning C4456: declaration of 'i' hides previous local declaration
  M:\Torque2DCmake\engine\source\Box2D\Particle\b2ParticleSystem.cpp(1776): note: see declaration of 'i'
  CMDscan.cc
  ConsoleTypeValidators.cc
M:\Torque2DCmake\engine\source\Box2D/Common/b2Settings.h(28): fatal error C1017: invalid integer constant expression (compiling source file M:\Torque2DCmake\engine\source\component\behaviors\behaviorComponent.cpp)
CMDscan.cc(1581): warning C4505: 'yyunput': unreferenced local function has been removed (compiling source file M:\Torque2DCmake\engine\source\console\CMDscan.cc)
  Package.cc
  astAlloc.cc
  astNodes.cc
  cmdgram.cc
  codeBlock.cc
  compiledEval.cc
  compiler.cc
  console.cc
M:\Torque2DCmake\engine\source\console\astNodes.cc(110): warning C4458: declaration of 'next' hides class member
  M:\Torque2DCmake\engine\source\console/ast.h(47): note: see declaration of 'StmtNode::next' (compiling source file M:\Torque2DCmake\engine\source\console\astNodes.cc)
  consoleBaseType.cc
M:\Torque2DCmake\engine\source\console\codeBlock.cc(412): warning C4456: declaration of 'i' hides previous local declaration
  M:\Torque2DCmake\engine\source\console\codeBlock.cc(394): note: see declaration of 'i'
M:\Torque2DCmake\engine\source\console\codeBlock.cc(419): warning C4456: declaration of 'i' hides previous local declaration
  M:\Torque2DCmake\engine\source\console\codeBlock.cc(394): note: see declaration of 'i'
M:\Torque2DCmake\engine\source\console\codeBlock.cc(422): warning C4458: declaration of 'codeSize' hides class member
  M:\Torque2DCmake\engine\source\console/codeBlock.h(74): note: see declaration of 'CodeBlock::codeSize' (compiling source file M:\Torque2DCmake\engine\source\console\codeBlock.cc)
m:\torque2dcmake\projects\test\cmake\tools\cmake\bison.simple(505): warning C4701: potentially uninitialized local variable 'yyval' used
  consoleDictionary.cc
  consoleDoc.cc
  consoleExprEvalState.cc
m:\torque2dcmake\engine\source\console\codeblock.cc(452): warning C4701: potentially uninitialized local variable 'globalSize' used
  consoleFunctions.cc
  consoleLogger.cc
M:\Torque2DCmake\engine\source\console\compiledEval.cc(239): warning C4505: 'getUnit': unreferenced local function has been removed
M:\Torque2DCmake\engine\source\console\compiledEval.cc(264): warning C4505: 'setUnit': unreferenced local function has been removed
m:\torque2dcmake\engine\source\console\compiledeval.cc(823): warning C4701: potentially uninitialized local variable 'failJump' used
  consoleNamespace.cc
  consoleObject.cc
M:\Torque2DCmake\engine\source\console\consoleDictionary.cc(196): warning C4456: declaration of 'walk' hides previous local declaration
  M:\Torque2DCmake\engine\source\console\consoleDictionary.cc(183): note: see declaration of 'walk'
M:\Torque2DCmake\engine\source\console\console.cc(722): warning C4459: declaration of 'scratchBuffer' hides global declaration
  M:\Torque2DCmake\engine\source\console\console.cc(58): note: see declaration of 'scratchBuffer'
M:\Torque2DCmake\engine\source\console\console.cc(729): warning C4459: declaration of 'scratchBuffer' hides global declaration
  M:\Torque2DCmake\engine\source\console\console.cc(58): note: see declaration of 'scratchBuffer'
  consoleParser.cc
  consoleTypes.cc
  metaScripting_ScriptBinding.cc
  profiler.cc
  telnetDebugger.cc
M:\Torque2DCmake\engine\source\console\console.cc(63): warning C4505: 'dbgGetCurrentFrame': unreferenced local function has been removed
m:\torque2dcmake\engine\source\console\consoleparser.cc(37): warning C4706: assignment within conditional expression
m:\torque2dcmake\engine\source\console\consoleparser.cc(78): warning C4706: assignment within conditional expression
m:\torque2dcmake\engine\source\console\consoleparser.cc(51): warning C4706: assignment within conditional expression
  RemoteDebugger1.cc
  RemoteDebuggerBase.cc
  RemoteDebuggerBridge.cc
  delegateSignal.cpp
M:\Torque2DCmake\engine\source\delegates\delegateSignal.cpp(30): warning C4458: declaration of 'order' hides class member
  M:\Torque2DCmake\engine\source\delegates/delegateSignal.h(76): note: see declaration of 'SignalBase::DelegateLink::order' (compiling source file M:\Torque2DCmake\engine\source\delegates\delegateSignal.cpp)
  defaultGame.cc
M:\Torque2DCmake\engine\source\console\consoleObject.cc(33): warning C4211: nonstandard extension used: redefined extern to static
  gameConnection.cc
M:\Torque2DCmake\engine\source\Box2D/Common/b2Settings.h(28): fatal error C1017: invalid integer constant expression (compiling source file M:\Torque2DCmake\engine\source\console\consoleTypes.cc)
  gameInterface.cc
  module.cc
m:\torque2dcmake\engine\source\console\metascripting_scriptbinding.cc(179): warning C4706: assignment within conditional expression
  version.cc
  DynamicTexture.cc
  PNGImage.cpp
  TextureDictionary.cc
  TextureHandle.cc
  TextureManager.cc
M:\Torque2DCmake\engine\source\platform/platformAL.h(60): fatal error C1083: Cannot open include file: 'al/altypes.h': No such file or directory (compiling source file M:\Torque2DCmake\engine\source\game\defaultGame.cc)
  bitmapBmp.cc
  bitmapJpeg.cc
M:\Torque2DCmake\engine\source\Box2D/Common/b2Settings.h(28): fatal error C1017: invalid integer constant expression (compiling source file M:\Torque2DCmake\engine\source\game\gameConnection.cc)
  bitmapPng.cc
M:\Torque2DCmake\engine\source\graphics\PNGImage.cpp(98): warning C4611: interaction between '_setjmp' and C++ object destruction is non-portable
  color.cc
M:\Torque2DCmake\engine\source\graphics\bitmapBmp.cc(119): warning C4458: declaration of 'width' hides class member
  M:\Torque2DCmake\engine\source\graphics/gBitmap.h(139): note: see declaration of 'GBitmap::width' (compiling source file M:\Torque2DCmake\engine\source\graphics\bitmapBmp.cc)
M:\Torque2DCmake\engine\source\graphics\bitmapBmp.cc(120): warning C4458: declaration of 'height' hides class member
  M:\Torque2DCmake\engine\source\graphics/gBitmap.h(140): note: see declaration of 'GBitmap::height' (compiling source file M:\Torque2DCmake\engine\source\graphics\bitmapBmp.cc)
  dgl.cc
  dglMatrix.cc
  gBitmap.cc
  gFont.cc
m:\torque2dcmake\engine\source\graphics\bitmapbmp.cc(174): warning C4701: potentially uninitialized local variable 'bi' used
  gPalette.cc
  splineUtil.cc
M:\Torque2DCmake\engine\source\graphics\bitmapPng.cc(192): warning C4458: declaration of 'width' hides class member
  M:\Torque2DCmake\engine\source\graphics/gBitmap.h(139): note: see declaration of 'GBitmap::width' (compiling source file M:\Torque2DCmake\engine\source\graphics\bitmapPng.cc)
M:\Torque2DCmake\engine\source\graphics\bitmapPng.cc(193): warning C4458: declaration of 'height' hides class member
  M:\Torque2DCmake\engine\source\graphics/gBitmap.h(140): note: see declaration of 'GBitmap::height' (compiling source file M:\Torque2DCmake\engine\source\graphics\bitmapPng.cc)
  guiArrayCtrl.cc
M:\Torque2DCmake\engine\source\graphics\gBitmap.cc(456): warning C4458: declaration of 'width' hides class member
  M:\Torque2DCmake\engine\source\graphics/gBitmap.h(139): note: see declaration of 'GBitmap::width' (compiling source file M:\Torque2DCmake\engine\source\graphics\gBitmap.cc)
M:\Torque2DCmake\engine\source\graphics\gBitmap.cc(457): warning C4458: declaration of 'height' hides class member
  M:\Torque2DCmake\engine\source\graphics/gBitmap.h(140): note: see declaration of 'GBitmap::height' (compiling source file M:\Torque2DCmake\engine\source\graphics\gBitmap.cc)
M:\Torque2DCmake\engine\source\graphics\gBitmap.cc(721): warning C4458: declaration of 'width' hides class member
  M:\Torque2DCmake\engine\source\graphics/gBitmap.h(139): note: see declaration of 'GBitmap::width' (compiling source file M:\Torque2DCmake\engine\source\graphics\gBitmap.cc)
M:\Torque2DCmake\engine\source\graphics\gBitmap.cc(722): warning C4458: declaration of 'height' hides class member
  M:\Torque2DCmake\engine\source\graphics/gBitmap.h(140): note: see declaration of 'GBitmap::height' (compiling source file M:\Torque2DCmake\engine\source\graphics\gBitmap.cc)
M:\Torque2DCmake\engine\source\graphics\dgl.cc(736): warning C4456: declaration of 'i' hides previous local declaration
  M:\Torque2DCmake\engine\source\graphics\dgl.cc(616): note: see declaration of 'i'
  guiBackgroundCtrl.cc
m:\torque2dcmake\engine\source\graphics\gFont_ScriptBinding.h(246): warning C4456: declaration of 'i' hides previous local declaration (compiling source file M:\Torque2DCmake\engine\source\graphics\gFont.cc)
  m:\torque2dcmake\engine\source\graphics\gFont_ScriptBinding.h(226): note: see declaration of 'i' (compiling source file M:\Torque2DCmake\engine\source\graphics\gFont.cc)
  guiBitmapBorderCtrl.cc
M:\Torque2DCmake\engine\source\graphics\gFont.cc(663): warning C4456: declaration of 'buf' hides previous local declaration
  M:\Torque2DCmake\engine\source\graphics\gFont.cc(621): note: see declaration of 'buf'
M:\Torque2DCmake\engine\source\graphics\gFont.cc(1080): warning C4456: declaration of 'temp' hides previous local declaration
  M:\Torque2DCmake\engine\source\graphics\gFont.cc(1061): note: see declaration of 'temp'
M:\Torque2DCmake\engine\source\graphics\gFont.cc(1104): warning C4456: declaration of 'temp' hides previous local declaration
  M:\Torque2DCmake\engine\source\graphics\gFont.cc(1061): note: see declaration of 'temp'
M:\Torque2DCmake\engine\source\graphics\gFont.cc(1142): warning C4456: declaration of 'temp' hides previous local declaration
  M:\Torque2DCmake\engine\source\graphics\gFont.cc(1061): note: see declaration of 'temp'
M:\Torque2DCmake\engine\source\graphics\gFont.cc(1176): warning C4456: declaration of 'temp' hides previous local declaration
  M:\Torque2DCmake\engine\source\graphics\gFont.cc(1061): note: see declaration of 'temp'
  guiBitmapCtrl.cc
  guiBubbleTextCtrl.cc
  guiCanvas.cc
  guiColorPicker.cc
  guiConsole.cc
M:\Torque2DCmake\engine\source\Box2D/Common/b2Settings.h(28): fatal error C1017: invalid integer constant expression (compiling source file M:\Torque2DCmake\engine\source\gui\guiArrayCtrl.cc)
  guiConsoleEditCtrl.cc
M:\Torque2DCmake\engine\source\Box2D/Common/b2Settings.h(28): fatal error C1017: invalid integer constant expression (compiling source file M:\Torque2DCmake\engine\source\gui\guiBackgroundCtrl.cc)
  guiConsoleTextCtrl.cc
M:\Torque2DCmake\engine\source\Box2D/Common/b2Settings.h(28): fatal error C1017: invalid integer constant expression (compiling source file M:\Torque2DCmake\engine\source\gui\guiBitmapBorderCtrl.cc)
  guiControl.cc
M:\Torque2DCmake\engine\source\Box2D/Common/b2Settings.h(28): fatal error C1017: invalid integer constant expression (compiling source file M:\Torque2DCmake\engine\source\gui\guiBitmapCtrl.cc)
  guiDefaultControlRender.cc
M:\Torque2DCmake\engine\source\Box2D/Common/b2Settings.h(28): fatal error C1017: invalid integer constant expression (compiling source file M:\Torque2DCmake\engine\source\gui\guiBubbleTextCtrl.cc)
  guiFadeinBitmapCtrl.cc
M:\Torque2DCmake\engine\source\Box2D/Common/b2Settings.h(28): fatal error C1017: invalid integer constant expression (compiling source file M:\Torque2DCmake\engine\source\gui\guiCanvas.cc)
  guiInputCtrl.cc
M:\Torque2DCmake\engine\source\platform/platformAL.h(60): fatal error C1083: Cannot open include file: 'al/altypes.h': No such file or directory (compiling source file M:\Torque2DCmake\engine\source\gui\guiColorPicker.cc)
  guiListBoxCtrl.cc
M:\Torque2DCmake\engine\source\Box2D/Common/b2Settings.h(28): fatal error C1017: invalid integer constant expression (compiling source file M:\Torque2DCmake\engine\source\gui\guiConsole.cc)
  guiMLTextCtrl.cc
M:\Torque2DCmake\engine\source\Box2D/Common/b2Settings.h(28): fatal error C1017: invalid integer constant expression (compiling source file M:\Torque2DCmake\engine\source\gui\guiConsoleEditCtrl.cc)
  guiMLTextEditCtrl.cc
M:\Torque2DCmake\engine\source\Box2D/Common/b2Settings.h(28): fatal error C1017: invalid integer constant expression (compiling source file M:\Torque2DCmake\engine\source\gui\guiConsoleTextCtrl.cc)
  guiMessageVectorCtrl.cc
M:\Torque2DCmake\engine\source\Box2D/Common/b2Settings.h(28): fatal error C1017: invalid integer constant expression (compiling source file M:\Torque2DCmake\engine\source\gui\guiControl.cc)
  guiMouseEventCtrl.cc
M:\Torque2DCmake\engine\source\Box2D/Common/b2Settings.h(28): fatal error C1017: invalid integer constant expression (compiling source file M:\Torque2DCmake\engine\source\gui\guiDefaultControlRender.cc)
  guiPopUpCtrl.cc
M:\Torque2DCmake\engine\source\Box2D/Common/b2Settings.h(28): fatal error C1017: invalid integer constant expression (compiling source file M:\Torque2DCmake\engine\source\gui\guiInputCtrl.cc)
  guiPopUpCtrlEx.cc
M:\Torque2DCmake\engine\source\Box2D/Common/b2Settings.h(28): fatal error C1017: invalid integer constant expression (compiling source file M:\Torque2DCmake\engine\source\gui\guiFadeinBitmapCtrl.cc)
  guiProgressCtrl.cc
M:\Torque2DCmake\engine\source\Box2D/Common/b2Settings.h(28): fatal error C1017: invalid integer constant expression (compiling source file M:\Torque2DCmake\engine\source\gui\guiMLTextCtrl.cc)
M:\Torque2DCmake\engine\source\Box2D/Common/b2Settings.h(28): fatal error C1017: invalid integer constant expression (compiling source file M:\Torque2DCmake\engine\source\gui\guiListBoxCtrl.cc)
  guiScriptNotifyControl.cc
  guiSliderCtrl.cc
M:\Torque2DCmake\engine\source\Box2D/Common/b2Settings.h(28): fatal error C1017: invalid integer constant expression (compiling source file M:\Torque2DCmake\engine\source\gui\guiMLTextEditCtrl.cc)
  guiTabPageCtrl.cc
M:\Torque2DCmake\engine\source\Box2D/Common/b2Settings.h(28): fatal error C1017: invalid integer constant expression (compiling source file M:\Torque2DCmake\engine\source\gui\guiMessageVectorCtrl.cc)
  guiTextCtrl.cc
M:\Torque2DCmake\engine\source\Box2D/Common/b2Settings.h(28): fatal error C1017: invalid integer constant expression (compiling source file M:\Torque2DCmake\engine\source\gui\guiMouseEventCtrl.cc)
  guiTextEditCtrl.cc
M:\Torque2DCmake\engine\source\Box2D/Common/b2Settings.h(28): fatal error C1017: invalid integer constant expression (compiling source file M:\Torque2DCmake\engine\source\gui\guiPopUpCtrl.cc)
  guiTextEditSliderCtrl.cc
M:\Torque2DCmake\engine\source\Box2D/Common/b2Settings.h(28): fatal error C1017: invalid integer constant expression (compiling source file M:\Torque2DCmake\engine\source\gui\guiPopUpCtrlEx.cc)
  guiTextListCtrl.cc
M:\Torque2DCmake\engine\source\Box2D/Common/b2Settings.h(28): fatal error C1017: invalid integer constant expression (compiling source file M:\Torque2DCmake\engine\source\gui\guiSliderCtrl.cc)
  guiTickCtrl.cc
M:\Torque2DCmake\engine\source\Box2D/Common/b2Settings.h(28): fatal error C1017: invalid integer constant expression (compiling source file M:\Torque2DCmake\engine\source\gui\guiScriptNotifyControl.cc)
M:\Torque2DCmake\engine\source\Box2D/Common/b2Settings.h(28): fatal error C1017: invalid integer constant expression (compiling source file M:\Torque2DCmake\engine\source\gui\guiProgressCtrl.cc)
  guiTreeViewCtrl.cc
  guiTypes.cc
M:\Torque2DCmake\engine\source\Box2D/Common/b2Settings.h(28): fatal error C1017: invalid integer constant expression (compiling source file M:\Torque2DCmake\engine\source\gui\guiTabPageCtrl.cc)
  messageVector.cc
M:\Torque2DCmake\engine\source\Box2D/Common/b2Settings.h(28): fatal error C1017: invalid integer constant expression (compiling source file M:\Torque2DCmake\engine\source\gui\guiTextCtrl.cc)
  guiBitmapButtonCtrl.cc
M:\Torque2DCmake\engine\source\Box2D/Common/b2Settings.h(28): fatal error C1017: invalid integer constant expression (compiling source file M:\Torque2DCmake\engine\source\gui\guiTextEditSliderCtrl.cc)
M:\Torque2DCmake\engine\source\Box2D/Common/b2Settings.h(28): fatal error C1017: invalid integer constant expression (compiling source file M:\Torque2DCmake\engine\source\gui\guiTextEditCtrl.cc)
  guiBorderButton.cc
  guiButtonBaseCtrl.cc
M:\Torque2DCmake\engine\source\Box2D/Common/b2Settings.h(28): fatal error C1017: invalid integer constant expression (compiling source file M:\Torque2DCmake\engine\source\gui\guiTextListCtrl.cc)
  guiButtonCtrl.cc
M:\Torque2DCmake\engine\source\Box2D/Common/b2Settings.h(28): fatal error C1017: invalid integer constant expression (compiling source file M:\Torque2DCmake\engine\source\gui\guiTickCtrl.cc)
  guiCheckBoxCtrl.cc
M:\Torque2DCmake\engine\source\Box2D/Common/b2Settings.h(28): fatal error C1017: invalid integer constant expression (compiling source file M:\Torque2DCmake\engine\source\gui\guiTreeViewCtrl.cc)
  guiIconButtonCtrl.cc
M:\Torque2DCmake\engine\source\Box2D/Common/b2Settings.h(28): fatal error C1017: invalid integer constant expression (compiling source file M:\Torque2DCmake\engine\source\gui\guiTypes.cc)
  guiRadioCtrl.cc
  guiToolboxButtonCtrl.cc
M:\Torque2DCmake\engine\source\platform/platformAL.h(60): fatal error C1083: Cannot open include file: 'al/altypes.h': No such file or directory (compiling source file M:\Torque2DCmake\engine\source\gui\buttons\guiBitmapButtonCtrl.cc)
  guiAutoScrollCtrl.cc
M:\Torque2DCmake\engine\source\Box2D/Common/b2Settings.h(28): fatal error C1017: invalid integer constant expression (compiling source file M:\Torque2DCmake\engine\source\gui\buttons\guiBorderButton.cc)
  guiCtrlArrayCtrl.cc
M:\Torque2DCmake\engine\source\platform/platformAL.h(60): fatal error C1083: Cannot open include file: 'al/altypes.h': No such file or directory (compiling source file M:\Torque2DCmake\engine\source\gui\buttons\guiButtonBaseCtrl.cc)
  guiDragAndDropCtrl.cc
M:\Torque2DCmake\engine\source\platform/platformAL.h(60): fatal error C1083: Cannot open include file: 'al/altypes.h': No such file or directory (compiling source file M:\Torque2DCmake\engine\source\gui\buttons\guiButtonCtrl.cc)
  guiDynamicCtrlArrayCtrl.cc
M:\Torque2DCmake\engine\source\platform/platformAL.h(60): fatal error C1083: Cannot open include file: 'al/altypes.h': No such file or directory (compiling source file M:\Torque2DCmake\engine\source\gui\buttons\guiIconButtonCtrl.cc)
M:\Torque2DCmake\engine\source\Box2D/Common/b2Settings.h(28): fatal error C1017: invalid integer constant expression (compiling source file M:\Torque2DCmake\engine\source\gui\buttons\guiCheckBoxCtrl.cc)
  guiFormCtrl.cc
  guiFrameCtrl.cc
M:\Torque2DCmake\engine\source\Box2D/Common/b2Settings.h(28): fatal error C1017: invalid integer constant expression (compiling source file M:\Torque2DCmake\engine\source\gui\buttons\guiRadioCtrl.cc)
  guiGridCtrl.cc
M:\Torque2DCmake\engine\source\platform/platformAL.h(60): fatal error C1083: Cannot open include file: 'al/altypes.h': No such file or directory (compiling source file M:\Torque2DCmake\engine\source\gui\buttons\guiToolboxButtonCtrl.cc)
  guiPaneCtrl.cc
M:\Torque2DCmake\engine\source\Box2D/Common/b2Settings.h(28): fatal error C1017: invalid integer constant expression (compiling source file M:\Torque2DCmake\engine\source\gui\containers\guiCtrlArrayCtrl.cc)
M:\Torque2DCmake\engine\source\Box2D/Common/b2Settings.h(28): fatal error C1017: invalid integer constant expression (compiling source file M:\Torque2DCmake\engine\source\gui\containers\guiAutoScrollCtrl.cc)
  guiRolloutCtrl.cc
M:\Torque2DCmake\engine\source\Box2D/Common/b2Settings.h(28): fatal error C1017: invalid integer constant expression (compiling source file M:\Torque2DCmake\engine\source\gui\containers\guiDragAndDropCtrl.cc)
  guiScrollCtrl.cc
  guiStackCtrl.cc
M:\Torque2DCmake\engine\source\Box2D/Common/b2Settings.h(28): fatal error C1017: invalid integer constant expression (compiling source file M:\Torque2DCmake\engine\source\gui\containers\guiDynamicCtrlArrayCtrl.cc)
  guiTabBookCtrl.cc
M:\Torque2DCmake\engine\source\Box2D/Common/b2Settings.h(28): fatal error C1017: invalid integer constant expression (compiling source file M:\Torque2DCmake\engine\source\gui\containers\guiFormCtrl.cc)
  guiWindowCtrl.cc
M:\Torque2DCmake\engine\source\Box2D/Common/b2Settings.h(28): fatal error C1017: invalid integer constant expression (compiling source file M:\Torque2DCmake\engine\source\gui\containers\guiFrameCtrl.cc)
  guiControlListPopup.cc
M:\Torque2DCmake\engine\source\Box2D/Common/b2Settings.h(28): fatal error C1017: invalid integer constant expression (compiling source file M:\Torque2DCmake\engine\source\gui\containers\guiGridCtrl.cc)
  guiDebugger.cc
M:\Torque2DCmake\engine\source\Box2D/Common/b2Settings.h(28): fatal error C1017: invalid integer constant expression (compiling source file M:\Torque2DCmake\engine\source\gui\containers\guiPaneCtrl.cc)
  guiEditCtrl.cc
M:\Torque2DCmake\engine\source\Box2D/Common/b2Settings.h(28): fatal error C1017: invalid integer constant expression (compiling source file M:\Torque2DCmake\engine\source\gui\containers\guiStackCtrl.cc)
  guiFilterCtrl.cc
M:\Torque2DCmake\engine\source\Box2D/Common/b2Settings.h(28): fatal error C1017: invalid integer constant expression (compiling source file M:\Torque2DCmake\engine\source\gui\containers\guiRolloutCtrl.cc)
  guiGraphCtrl.cc
M:\Torque2DCmake\engine\source\Box2D/Common/b2Settings.h(28): fatal error C1017: invalid integer constant expression (compiling source file M:\Torque2DCmake\engine\source\gui\containers\guiScrollCtrl.cc)
  guiImageList.cc
M:\Torque2DCmake\engine\source\Box2D/Common/b2Settings.h(28): fatal error C1017: invalid integer constant expression (compiling source file M:\Torque2DCmake\engine\source\gui\containers\guiTabBookCtrl.cc)
  guiInspector.cc
M:\Torque2DCmake\engine\source\Box2D/Common/b2Settings.h(28): fatal error C1017: invalid integer constant expression (compiling source file M:\Torque2DCmake\engine\source\gui\containers\guiWindowCtrl.cc)
  guiInspectorTypes.cc
M:\Torque2DCmake\engine\source\Box2D/Common/b2Settings.h(28): fatal error C1017: invalid integer constant expression (compiling source file M:\Torque2DCmake\engine\source\gui\editor\guiControlListPopup.cc)
  guiMenuBar.cc
M:\Torque2DCmake\engine\source\Box2D/Common/b2Settings.h(28): fatal error C1017: invalid integer constant expression (compiling source file M:\Torque2DCmake\engine\source\gui\editor\guiEditCtrl.cc)
  guiSeparatorCtrl.cc
M:\Torque2DCmake\engine\source\Box2D/Common/b2Settings.h(28): fatal error C1017: invalid integer constant expression (compiling source file M:\Torque2DCmake\engine\source\gui\editor\guiDebugger.cc)
  lang.cc
M:\Torque2DCmake\engine\source\Box2D/Common/b2Settings.h(28): fatal error C1017: invalid integer constant expression (compiling source file M:\Torque2DCmake\engine\source\gui\editor\guiGraphCtrl.cc)
  actionMap.cc
M:\Torque2DCmake\engine\source\Box2D/Common/b2Settings.h(28): fatal error C1017: invalid integer constant expression (compiling source file M:\Torque2DCmake\engine\source\gui\editor\guiImageList.cc)
M:\Torque2DCmake\engine\source\Box2D/Common/b2Settings.h(28): fatal error C1017: invalid integer constant expression (compiling source file M:\Torque2DCmake\engine\source\gui\editor\guiFilterCtrl.cc)
  bitStream.cc
  bufferStream.cc
M:\Torque2DCmake\engine\source\Box2D/Common/b2Settings.h(28): fatal error C1017: invalid integer constant expression (compiling source file M:\Torque2DCmake\engine\source\gui\editor\guiInspector.cc)
  byteBuffer.cpp
  fileObject.cc
M:\Torque2DCmake\engine\source\Box2D/Common/b2Settings.h(28): fatal error C1017: invalid integer constant expression (compiling source file M:\Torque2DCmake\engine\source\gui\editor\guiInspectorTypes.cc)
  fileStream.cc
  fileStreamObject.cc
M:\Torque2DCmake\engine\source\Box2D/Common/b2Settings.h(28): fatal error C1017: invalid integer constant expression (compiling source file M:\Torque2DCmake\engine\source\gui\editor\guiMenuBar.cc)
  fileSystem_ScriptBinding.cc
M:\Torque2DCmake\engine\source\Box2D/Common/b2Settings.h(28): fatal error C1017: invalid integer constant expression (compiling source file M:\Torque2DCmake\engine\source\gui\editor\guiSeparatorCtrl.cc)
  filterStream.cc
  memStream.cc
m:\torque2dcmake\engine\source\gui\language\lang.cc(79): warning C4706: assignment within conditional expression
m:\torque2dcmake\engine\source\gui\language\lang.cc(232): warning C4706: assignment within conditional expression
m:\torque2dcmake\engine\source\gui\language\lang.cc(320): warning C4706: assignment within conditional expression
m:\torque2dcmake\engine\source\gui\language\lang.cc(356): warning C4706: assignment within conditional expression
  nStream.cc
  resizeStream.cc
  streamObject.cc
M:\Torque2DCmake\engine\source\input\actionMap.cc(353): warning C4310: cast truncates constant value
M:\Torque2DCmake\engine\source\input\actionMap.cc(547): warning C4310: cast truncates constant value
M:\Torque2DCmake\engine\source\input\actionMap.cc(971): warning C4310: cast truncates constant value
M:\Torque2DCmake\engine\source\io\bitStream.cc(288): warning C4458: declaration of 'dataPtr' hides class member
  m:\torque2dcmake\engine\source\io\bitStream.h(53): note: see declaration of 'BitStream::dataPtr' (compiling source file M:\Torque2DCmake\engine\source\io\bitStream.cc)
M:\Torque2DCmake\engine\source\io\bitStream.cc(294): warning C4458: declaration of 'dataPtr' hides class member
  m:\torque2dcmake\engine\source\io\bitStream.h(53): note: see declaration of 'BitStream::dataPtr' (compiling source file M:\Torque2DCmake\engine\source\io\bitStream.cc)
  resourceDictionary.cc
  resourceManager.cc
  centralDir.cc
m:\torque2dcmake\engine\source\io\filestreamobject_scriptbinding.h(62): warning C4701: potentially uninitialized local variable 'mode' used
  compressor.cc
  deflate.cc
  extraField.cc
M:\Torque2DCmake\engine\source\io\fileSystem_ScriptBinding.cc(50): warning C4505: 'backslash': unreferenced local function has been removed
  fileHeader.cc
  stored.cc
  zipArchive.cc
  zipCryptStream.cc
  zipObject.cc
  zipSubStream.cc
  zipTempStream.cc
  mBox.cc
m:\torque2dcmake\engine\source\collection\sparseArray.h(120): warning C4456: declaration of 'remove' hides previous local declaration (compiling source file M:\Torque2DCmake\engine\source\io\zip\zipArchive.cc)
  m:\torque2dcmake\engine\source\collection\sparseArray.h(116): note: see declaration of 'remove' (compiling source file M:\Torque2DCmake\engine\source\io\zip\zipArchive.cc)
  m:\torque2dcmake\engine\source\collection\sparseArray.h(115): note: while compiling class template member function 'T *SparseArray<T>::remove(U32)'
          with
          [
              T=Zip::ZipArchive::ZipEntry
          ] (compiling source file M:\Torque2DCmake\engine\source\io\zip\zipArchive.cc)
  M:\Torque2DCmake\engine\source\collection/simpleHashTable.h(87): note: see reference to function template instantiation 'T *SparseArray<T>::remove(U32)' being compiled
          with
          [
              T=Zip::ZipArchive::ZipEntry
          ] (compiling source file M:\Torque2DCmake\engine\source\io\zip\zipArchive.cc)
  M:\Torque2DCmake\engine\source\collection/simpleHashTable.h(81): note: while compiling class template member function 'void SimpleHashTable<Zip::ZipArchive::ZipEntry>::insert(T *,U8 *,U32)'
          with
          [
              T=Zip::ZipArchive::ZipEntry
          ] (compiling source file M:\Torque2DCmake\engine\source\io\zip\zipArchive.cc)
  M:\Torque2DCmake\engine\source\collection/simpleHashTable.h(98): note: see reference to function template instantiation 'void SimpleHashTable<Zip::ZipArchive::ZipEntry>::insert(T *,U8 *,U32)' being compiled
          with
          [
              T=Zip::ZipArchive::ZipEntry
          ] (compiling source file M:\Torque2DCmake\engine\source\io\zip\zipArchive.cc)
  M:\Torque2DCmake\engine\source\collection/simpleHashTable.h(96): note: while compiling class template member function 'void SimpleHashTable<Zip::ZipArchive::ZipEntry>::insert(T *,const char *)'
          with
          [
              T=Zip::ZipArchive::ZipEntry
          ] (compiling source file M:\Torque2DCmake\engine\source\io\zip\zipArchive.cc)
  M:\Torque2DCmake\engine\source\io\zip\zipArchive.cc(151): note: see reference to function template instantiation 'void SimpleHashTable<Zip::ZipArchive::ZipEntry>::insert(T *,const char *)' being compiled
          with
          [
              T=Zip::ZipArchive::ZipEntry
          ]
  M:\Torque2DCmake\engine\source\io/zip/zipArchive.h(289): note: see reference to class template instantiation 'SimpleHashTable<Zip::ZipArchive::ZipEntry>' being compiled (compiling source file M:\Torque2DCmake\engine\source\io\zip\zipArchive.cc)
  mMathAMD.cc
  mMathAltivec.cc
  mMathFn.cc
  mMathSSE.cc
  mMath_C.cc
  mMatrix.cc
M:\Torque2DCmake\engine\source\io\resource\resourceManager.cc(381): warning C4456: declaration of 'zipPath' hides previous local declaration
  M:\Torque2DCmake\engine\source\io\resource\resourceManager.cc(349): note: see declaration of 'zipPath'
m:\torque2dcmake\engine\source\io\resource\resourcemanager.cc(243): warning C4702: unreachable code
m:\torque2dcmake\engine\source\io\resource\resourcemanager.cc(244): warning C4702: unreachable code
m:\torque2dcmake\engine\source\io\resource\resourcemanager.cc(247): warning C4702: unreachable code
m:\torque2dcmake\engine\source\io\resource\resourcemanager.cc(249): warning C4702: unreachable code
m:\torque2dcmake\engine\source\io\resource\resourcemanager.cc(252): warning C4702: unreachable code
m:\torque2dcmake\engine\source\io\resource\resourcemanager.cc(253): warning C4702: unreachable code
m:\torque2dcmake\engine\source\io\resource\resourcemanager.cc(257): warning C4702: unreachable code
m:\torque2dcmake\engine\source\io\resource\resourcemanager.cc(260): warning C4702: unreachable code
m:\torque2dcmake\engine\source\io\resource\resourcemanager.cc(262): warning C4702: unreachable code
m:\torque2dcmake\engine\source\io\resource\resourcemanager.cc(265): warning C4702: unreachable code
m:\torque2dcmake\engine\source\io\resource\resourcemanager.cc(266): warning C4702: unreachable code
m:\torque2dcmake\engine\source\io\resource\resourcemanager.cc(267): warning C4702: unreachable code
m:\torque2dcmake\engine\source\io\resource\resourcemanager.cc(268): warning C4702: unreachable code
m:\torque2dcmake\engine\source\io\resource\resourcemanager.cc(274): warning C4702: unreachable code
m:\torque2dcmake\engine\source\io\resource\resourcemanager.cc(276): warning C4702: unreachable code
m:\torque2dcmake\engine\source\io\resource\resourcemanager.cc(279): warning C4702: unreachable code
m:\torque2dcmake\engine\source\io\resource\resourcemanager.cc(281): warning C4702: unreachable code
m:\torque2dcmake\engine\source\io\resource\resourcemanager.cc(283): warning C4702: unreachable code
  mPlaneTransformer.cc
m:\torque2dcmake\engine\source\io\zip\zipobject.cc(122): warning C4706: assignment within conditional expression
m:\torque2dcmake\engine\source\io\zip\zipobject.cc(134): warning C4706: assignment within conditional expression
  mPoint.cpp
  mQuadPatch.cc
  mQuat.cc
  mRandom.cc
  mSolver.cc
  mSplinePatch.cc
  mathTypes.cc
  mathUtils.cc
  math_ScriptBinding.cc
  rectClipper.cpp
  dataChunker.cc
  frameAllocator_ScriptBinding.cc
  dispatcher.cc
  eventManager.cc
  message.cc
  messageForwarder.cc
  scriptMsgListener.cc
M:\Torque2DCmake\engine\source\Box2D/Common/b2Settings.h(28): fatal error C1017: invalid integer constant expression (compiling source file M:\Torque2DCmake\engine\source\math\mathUtils.cc)
  moduleDefinition.cc
  moduleManager.cc
  moduleMergeDefinition.cc
m:\torque2dcmake\engine\source\collection\sparseArray.h(120): warning C4456: declaration of 'remove' hides previous local declaration (compiling source file M:\Torque2DCmake\engine\source\messaging\dispatcher.cc)
  m:\torque2dcmake\engine\source\collection\sparseArray.h(116): note: see declaration of 'remove' (compiling source file M:\Torque2DCmake\engine\source\messaging\dispatcher.cc)
  m:\torque2dcmake\engine\source\collection\sparseArray.h(115): note: while compiling class template member function 'T *SparseArray<T>::remove(U32)'
          with
          [
              T=Dispatcher::MessageQueue
          ] (compiling source file M:\Torque2DCmake\engine\source\messaging\dispatcher.cc)
  M:\Torque2DCmake\engine\source\collection/simpleHashTable.h(87): note: see reference to function template instantiation 'T *SparseArray<T>::remove(U32)' being compiled
          with
          [
              T=Dispatcher::MessageQueue
          ] (compiling source file M:\Torque2DCmake\engine\source\messaging\dispatcher.cc)
  M:\Torque2DCmake\engine\source\collection/simpleHashTable.h(81): note: while compiling class template member function 'void SimpleHashTable<Dispatcher::MessageQueue>::insert(T *,U8 *,U32)'
          with
          [
              T=Dispatcher::MessageQueue
          ] (compiling source file M:\Torque2DCmake\engine\source\messaging\dispatcher.cc)
  M:\Torque2DCmake\engine\source\collection/simpleHashTable.h(98): note: see reference to function template instantiation 'void SimpleHashTable<Dispatcher::MessageQueue>::insert(T *,U8 *,U32)' being compiled
          with
          [
              T=Dispatcher::MessageQueue
          ] (compiling source file M:\Torque2DCmake\engine\source\messaging\dispatcher.cc)
  M:\Torque2DCmake\engine\source\collection/simpleHashTable.h(96): note: while compiling class template member function 'void SimpleHashTable<Dispatcher::MessageQueue>::insert(T *,const char *)'
          with
          [
              T=Dispatcher::MessageQueue
          ] (compiling source file M:\Torque2DCmake\engine\source\messaging\dispatcher.cc)
  M:\Torque2DCmake\engine\source\messaging\dispatcher.cc(134): note: see reference to function template instantiation 'void SimpleHashTable<Dispatcher::MessageQueue>::insert(T *,const char *)' being compiled
          with
          [
              T=Dispatcher::MessageQueue
          ]
  M:\Torque2DCmake\engine\source\messaging\dispatcher.cc(88): note: see reference to class template instantiation 'SimpleHashTable<Dispatcher::MessageQueue>' being compiled
m:\torque2dcmake\engine\source\collection\sparseArray.h(120): warning C4456: declaration of 'remove' hides previous local declaration (compiling source file M:\Torque2DCmake\engine\source\messaging\eventManager.cc)
  m:\torque2dcmake\engine\source\collection\sparseArray.h(116): note: see declaration of 'remove' (compiling source file M:\Torque2DCmake\engine\source\messaging\eventManager.cc)
  m:\torque2dcmake\engine\source\collection\sparseArray.h(115): note: while compiling class template member function 'T *SparseArray<T>::remove(U32)'
          with
          [
              T=Vector<EventManagerListener::Subscriber>
          ] (compiling source file M:\Torque2DCmake\engine\source\messaging\eventManager.cc)
  M:\Torque2DCmake\engine\source\collection/simpleHashTable.h(87): note: see reference to function template instantiation 'T *SparseArray<T>::remove(U32)' being compiled
          with
          [
              T=Vector<EventManagerListener::Subscriber>
          ] (compiling source file M:\Torque2DCmake\engine\source\messaging\eventManager.cc)
  M:\Torque2DCmake\engine\source\collection/simpleHashTable.h(81): note: while compiling class template member function 'void SimpleHashTable<Vector<EventManagerListener::Subscriber>>::insert(T *,U8 *,U32)'
          with
          [
              T=Vector<EventManagerListener::Subscriber>
          ] (compiling source file M:\Torque2DCmake\engine\source\messaging\eventManager.cc)
  M:\Torque2DCmake\engine\source\collection/simpleHashTable.h(98): note: see reference to function template instantiation 'void SimpleHashTable<Vector<EventManagerListener::Subscriber>>::insert(T *,U8 *,U32)' being compiled
          with
          [
              T=Vector<EventManagerListener::Subscriber>
          ] (compiling source file M:\Torque2DCmake\engine\source\messaging\eventManager.cc)
  M:\Torque2DCmake\engine\source\collection/simpleHashTable.h(96): note: while compiling class template member function 'void SimpleHashTable<Vector<EventManagerListener::Subscriber>>::insert(T *,const char *)'
          with
          [
              T=Vector<EventManagerListener::Subscriber>
          ] (compiling source file M:\Torque2DCmake\engine\source\messaging\eventManager.cc)
  M:\Torque2DCmake\engine\source\messaging\eventManager.cc(152): note: see reference to function template instantiation 'void SimpleHashTable<Vector<EventManagerListener::Subscriber>>::insert(T *,const char *)' being compiled
          with
          [
              T=Vector<EventManagerListener::Subscriber>
          ]
  M:\Torque2DCmake\engine\source\messaging/eventManager.h(47): note: see reference to class template instantiation 'SimpleHashTable<Vector<EventManagerListener::Subscriber>>' being compiled (compiling source file M:\Torque2DCmake\engine\source\messaging\eventManager.cc)
  RemoteCommandEvent.cc
  connectionProtocol.cc
  connectionStringTable.cc
  httpObject.cc
M:\Torque2DCmake\engine\source\Box2D/Common/b2Settings.h(28): fatal error C1017: invalid integer constant expression (compiling source file M:\Torque2DCmake\engine\source\module\moduleDefinition.cc)
  netConnection.cc
  netDownload.cc
M:\Torque2DCmake\engine\source\Box2D/Common/b2Settings.h(28): fatal error C1017: invalid integer constant expression (compiling source file M:\Torque2DCmake\engine\source\module\moduleManager.cc)
  netEvent.cc
  netGhost.cc
M:\Torque2DCmake\engine\source\Box2D/Common/b2Settings.h(28): fatal error C1017: invalid integer constant expression (compiling source file M:\Torque2DCmake\engine\source\network\RemoteCommandEvent.cc)
  netInterface.cc
  netObject.cc
  netStringTable.cc
  netTest.cc
  networkProcessList.cc
  serverQuery.cc
  tcpObject.cc
  telnetConsole.cc
  SimXMLDocument.cpp
  taml.cc
  tamlCustom.cc
  tamlWriteNode.cc
  tamlBinaryReader.cc
M:\Torque2DCmake\engine\source\Box2D/Common/b2Settings.h(28): fatal error C1017: invalid integer constant expression (compiling source file M:\Torque2DCmake\engine\source\network\serverQuery.cc)
  tamlBinaryWriter.cc
  tamlJSONParser.cc
M:\Torque2DCmake\engine\source\persistence/taml/json/tamlJSONParser.h(31): fatal error C1083: Cannot open include file: 'rapidjson/document.h': No such file or directory (compiling source file M:\Torque2DCmake\engine\source\persistence\taml\json\tamlJSONParser.cc)
  tamlJSONReader.cc
  tamlJSONWriter.cc
M:\Torque2DCmake\engine\source\persistence/taml/json/tamlJSONWriter.h(31): fatal error C1083: Cannot open include file: 'rapidjson/document.h': No such file or directory (compiling source file M:\Torque2DCmake\engine\source\persistence\taml\taml.cc)
  tamlXmlParser.cc
m:\torque2dcmake\engine\source\persistence\simxmldocument.cpp(63): warning C4702: unreachable code
  tamlXmlReader.cc
  tamlXmlWriter.cc
  tinystr.cpp
  tinyxml.cpp
  tinyxmlerror.cpp
  tinyxmlparser.cpp
  CursorManager.cc
M:\Torque2DCmake\engine\source\persistence/taml/json/tamlJSONReader.h(35): fatal error C1083: Cannot open include file: 'rapidjson/document.h': No such file or directory (compiling source file M:\Torque2DCmake\engine\source\persistence\taml\json\tamlJSONReader.cc)
  Tickable.cc
M:\Torque2DCmake\engine\source\persistence/taml/json/tamlJSONWriter.h(31): fatal error C1083: Cannot open include file: 'rapidjson/document.h': No such file or directory (compiling source file M:\Torque2DCmake\engine\source\persistence\taml\json\tamlJSONWriter.cc)
  platform.cc
M:\Torque2DCmake\engine\source\persistence\tinyXML\tinyxml.cpp(654): warning C4458: declaration of 'value' hides class member
  m:\torque2dcmake\engine\source\persistence\tinyxml\tinyxml.h(765): note: see declaration of 'TiXmlNode::value' (compiling source file M:\Torque2DCmake\engine\source\persistence\tinyXML\tinyxml.cpp)
  platformAssert.cc
  platformCPU.cc
  platformFileIO.cc
  platformFont.cc
  platformMemory.cc
  platformNet.cpp
  platformNetAsync.cpp
  platformNet_ScriptBinding.cc
  platformString.cc
  platformVideo.cc
m:\torque2dcmake\engine\source\platform\platformString_ScriptBinding.h(285): warning C4456: declaration of 'scan' hides previous local declaration (compiling source file M:\Torque2DCmake\engine\source\platform\platformString.cc)
  m:\torque2dcmake\engine\source\platform\platformString_ScriptBinding.h(270): note: see declaration of 'scan' (compiling source file M:\Torque2DCmake\engine\source\platform\platformString.cc)
m:\torque2dcmake\engine\source\platform\platformstring_scriptbinding.h(298): warning C4702: unreachable code
  popupMenu.cc
  fileDialog.cc
  msgBox.cpp
  SimObjectList.cc
  scriptGroup.cc
  scriptObject.cc
M:\Torque2DCmake\engine\source\platform\platformNet.cpp(250): warning C4189: 'useVDP': local variable is initialized but not referenced
M:\Torque2DCmake\engine\source\platform\platformNet.cpp(1859): warning C4456: declaration of 'ipAddr' hides previous local declaration
  M:\Torque2DCmake\engine\source\platform\platformNet.cpp(1845): note: see declaration of 'ipAddr'
M:\Torque2DCmake\engine\source\platform\platformNet.cpp(1975): warning C4101: 'listenAddress': unreferenced local variable
M:\Torque2DCmake\engine\source\platform\platformNet.cpp(120): warning C4505: 'strerror_wsa': unreferenced local function has been removed
  simBase.cc
M:\Torque2DCmake\engine\source\Box2D/Common/b2Settings.h(28): fatal error C1017: invalid integer constant expression (compiling source file M:\Torque2DCmake\engine\source\platform\platformVideo.cc)
  simConsoleEvent.cc
  simConsoleThreadExecEvent.cc
M:\Torque2DCmake\engine\source\Box2D/Common/b2Settings.h(28): fatal error C1017: invalid integer constant expression (compiling source file M:\Torque2DCmake\engine\source\platform\menus\popupMenu.cc)
  simDatablock.cc
  simDictionary.cc
  simFieldDictionary.cc
  simManager.cc
  simObject.cc
  simSerialize.cpp
  simSet.cc
  findMatch.cc
  stringBuffer.cc
  stringStack.cc
M:\Torque2DCmake\engine\source\sim\simFieldDictionary.cc(153): warning C4456: declaration of 'i' hides previous local declaration
  M:\Torque2DCmake\engine\source\sim\simFieldDictionary.cc(148): note: see declaration of 'i'
M:\Torque2DCmake\engine\source\sim\simFieldDictionary.cc(199): warning C4456: declaration of 'i' hides previous local declaration
  M:\Torque2DCmake\engine\source\sim\simFieldDictionary.cc(194): note: see declaration of 'i'
  stringTable.cc
  stringUnit.cpp
  unicode.cc
M:\Torque2DCmake\engine\source\sim\simObject.cc(1211): warning C4458: declaration of 'objectName' hides class member
  M:\Torque2DCmake\engine\source\sim/simObject.h(280): note: see declaration of 'SimObject::objectName' (compiling source file M:\Torque2DCmake\engine\source\sim\simObject.cc)
M:\Torque2DCmake\engine\source\sim\simObject.cc(1265): warning C4458: declaration of 'objectName' hides class member
  M:\Torque2DCmake\engine\source\sim/simObject.h(280): note: see declaration of 'SimObject::objectName' (compiling source file M:\Torque2DCmake\engine\source\sim\simObject.cc)
M:\Torque2DCmake\engine\source\string\stringTable.cc(242): warning C4456: declaration of 'temp' hides previous local declaration
  M:\Torque2DCmake\engine\source\string\stringTable.cc(217): note: see declaration of 'temp'
  unitTesting.cc
  platformFileIoTests.cc
  platformMemoryTests.cc
  platformStringTests.cc
  levelInfo.cc
  AnimationAsset.cc
  FontAsset.cc
M:\Torque2DCmake\engine\source\testing\googleTest\include\gtest/gtest-printers.h(497): warning C4996: 'std::tr1': warning STL4002: The non-Standard std::tr1 namespace and TR1-only machinery are deprecated and will be REMOVED. You can define _SILENCE_TR1_NAMESPACE_DEPRECATION_WARNING to acknowledge that you have received this warning. (compiling source file M:\Torque2DCmake\engine\source\testing\tests\platformFileIoTests.cc)
  C:\Program Files (x86)\Microsoft Visual Studio\2017\Professional\VC\Tools\MSVC\14.16.27023\include\tuple(1333): note: see declaration of 'std::tr1' (compiling source file M:\Torque2DCmake\engine\source\testing\tests\platformFileIoTests.cc)
M:\Torque2DCmake\engine\source\testing\googleTest\include\gtest/gtest-printers.h(502): warning C4996: 'std::tr1': warning STL4002: The non-Standard std::tr1 namespace and TR1-only machinery are deprecated and will be REMOVED. You can define _SILENCE_TR1_NAMESPACE_DEPRECATION_WARNING to acknowledge that you have received this warning. (compiling source file M:\Torque2DCmake\engine\source\testing\tests\platformFileIoTests.cc)
  C:\Program Files (x86)\Microsoft Visual Studio\2017\Professional\VC\Tools\MSVC\14.16.27023\include\tuple(1333): note: see declaration of 'std::tr1' (compiling source file M:\Torque2DCmake\engine\source\testing\tests\platformFileIoTests.cc)
M:\Torque2DCmake\engine\source\testing\googleTest\include\gtest/gtest-printers.h(507): warning C4996: 'std::tr1': warning STL4002: The non-Standard std::tr1 namespace and TR1-only machinery are deprecated and will be REMOVED. You can define _SILENCE_TR1_NAMESPACE_DEPRECATION_WARNING to acknowledge that you have received this warning. (compiling source file M:\Torque2DCmake\engine\source\testing\tests\platformFileIoTests.cc)
  C:\Program Files (x86)\Microsoft Visual Studio\2017\Professional\VC\Tools\MSVC\14.16.27023\include\tuple(1333): note: see declaration of 'std::tr1' (compiling source file M:\Torque2DCmake\engine\source\testing\tests\platformFileIoTests.cc)
M:\Torque2DCmake\engine\source\testing\googleTest\include\gtest/gtest-printers.h(512): warning C4996: 'std::tr1': warning STL4002: The non-Standard std::tr1 namespace and TR1-only machinery are deprecated and will be REMOVED. You can define _SILENCE_TR1_NAMESPACE_DEPRECATION_WARNING to acknowledge that you have received this warning. (compiling source file M:\Torque2DCmake\engine\source\testing\tests\platformFileIoTests.cc)
  C:\Program Files (x86)\Microsoft Visual Studio\2017\Professional\VC\Tools\MSVC\14.16.27023\include\tuple(1333): note: see declaration of 'std::tr1' (compiling source file M:\Torque2DCmake\engine\source\testing\tests\platformFileIoTests.cc)
M:\Torque2DCmake\engine\source\testing\googleTest\include\gtest/gtest-printers.h(517): warning C4996: 'std::tr1': warning STL4002: The non-Standard std::tr1 namespace and TR1-only machinery are deprecated and will be REMOVED. You can define _SILENCE_TR1_NAMESPACE_DEPRECATION_WARNING to acknowledge that you have received this warning. (compiling source file M:\Torque2DCmake\engine\source\testing\tests\platformFileIoTests.cc)
  C:\Program Files (x86)\Microsoft Visual Studio\2017\Professional\VC\Tools\MSVC\14.16.27023\include\tuple(1333): note: see declaration of 'std::tr1' (compiling source file M:\Torque2DCmake\engine\source\testing\tests\platformFileIoTests.cc)
M:\Torque2DCmake\engine\source\testing\googleTest\include\gtest/gtest-printers.h(522): warning C4996: 'std::tr1': warning STL4002: The non-Standard std::tr1 namespace and TR1-only machinery are deprecated and will be REMOVED. You can define _SILENCE_TR1_NAMESPACE_DEPRECATION_WARNING to acknowledge that you have received this warning. (compiling source file M:\Torque2DCmake\engine\source\testing\tests\platformFileIoTests.cc)
  C:\Program Files (x86)\Microsoft Visual Studio\2017\Professional\VC\Tools\MSVC\14.16.27023\include\tuple(1333): note: see declaration of 'std::tr1' (compiling source file M:\Torque2DCmake\engine\source\testing\tests\platformFileIoTests.cc)
M:\Torque2DCmake\engine\source\testing\googleTest\include\gtest/gtest-printers.h(529): warning C4996: 'std::tr1': warning STL4002: The non-Standard std::tr1 namespace and TR1-only machinery are deprecated and will be REMOVED. You can define _SILENCE_TR1_NAMESPACE_DEPRECATION_WARNING to acknowledge that you have received this warning. (compiling source file M:\Torque2DCmake\engine\source\testing\tests\platformFileIoTests.cc)
  C:\Program Files (x86)\Microsoft Visual Studio\2017\Professional\VC\Tools\MSVC\14.16.27023\include\tuple(1333): note: see declaration of 'std::tr1' (compiling source file M:\Torque2DCmake\engine\source\testing\tests\platformFileIoTests.cc)
M:\Torque2DCmake\engine\source\testing\googleTest\include\gtest/gtest-printers.h(536): warning C4996: 'std::tr1': warning STL4002: The non-Standard std::tr1 namespace and TR1-only machinery are deprecated and will be REMOVED. You can define _SILENCE_TR1_NAMESPACE_DEPRECATION_WARNING to acknowledge that you have received this warning. (compiling source file M:\Torque2DCmake\engine\source\testing\tests\platformFileIoTests.cc)
  C:\Program Files (x86)\Microsoft Visual Studio\2017\Professional\VC\Tools\MSVC\14.16.27023\include\tuple(1333): note: see declaration of 'std::tr1' (compiling source file M:\Torque2DCmake\engine\source\testing\tests\platformFileIoTests.cc)
M:\Torque2DCmake\engine\source\testing\googleTest\include\gtest/gtest-printers.h(543): warning C4996: 'std::tr1': warning STL4002: The non-Standard std::tr1 namespace and TR1-only machinery are deprecated and will be REMOVED. You can define _SILENCE_TR1_NAMESPACE_DEPRECATION_WARNING to acknowledge that you have received this warning. (compiling source file M:\Torque2DCmake\engine\source\testing\tests\platformFileIoTests.cc)
  C:\Program Files (x86)\Microsoft Visual Studio\2017\Professional\VC\Tools\MSVC\14.16.27023\include\tuple(1333): note: see declaration of 'std::tr1' (compiling source file M:\Torque2DCmake\engine\source\testing\tests\platformFileIoTests.cc)
M:\Torque2DCmake\engine\source\testing\googleTest\include\gtest/gtest-printers.h(550): warning C4996: 'std::tr1': warning STL4002: The non-Standard std::tr1 namespace and TR1-only machinery are deprecated and will be REMOVED. You can define _SILENCE_TR1_NAMESPACE_DEPRECATION_WARNING to acknowledge that you have received this warning. (compiling source file M:\Torque2DCmake\engine\source\testing\tests\platformFileIoTests.cc)
  C:\Program Files (x86)\Microsoft Visual Studio\2017\Professional\VC\Tools\MSVC\14.16.27023\include\tuple(1333): note: see declaration of 'std::tr1' (compiling source file M:\Torque2DCmake\engine\source\testing\tests\platformFileIoTests.cc)
M:\Torque2DCmake\engine\source\testing\googleTest\include\gtest/gtest-printers.h(558): warning C4996: 'std::tr1': warning STL4002: The non-Standard std::tr1 namespace and TR1-only machinery are deprecated and will be REMOVED. You can define _SILENCE_TR1_NAMESPACE_DEPRECATION_WARNING to acknowledge that you have received this warning. (compiling source file M:\Torque2DCmake\engine\source\testing\tests\platformFileIoTests.cc)
  C:\Program Files (x86)\Microsoft Visual Studio\2017\Professional\VC\Tools\MSVC\14.16.27023\include\tuple(1333): note: see declaration of 'std::tr1' (compiling source file M:\Torque2DCmake\engine\source\testing\tests\platformFileIoTests.cc)
m:\torque2dcmake\engine\source\string\unicode.cc(463): warning C4701: potentially uninitialized local variable 'unitCount' used
  ImageAsset.cc
M:\Torque2DCmake\engine\source\testing\googleTest\include\gtest/internal/gtest-param-util-generated.h(2839): warning C4996: 'std::tr1': warning STL4002: The non-Standard std::tr1 namespace and TR1-only machinery are deprecated and will be REMOVED. You can define _SILENCE_TR1_NAMESPACE_DEPRECATION_WARNING to acknowledge that you have received this warning. (compiling source file M:\Torque2DCmake\engine\source\testing\tests\platformFileIoTests.cc)
  C:\Program Files (x86)\Microsoft Visual Studio\2017\Professional\VC\Tools\MSVC\14.16.27023\include\tuple(1333): note: see declaration of 'std::tr1' (compiling source file M:\Torque2DCmake\engine\source\testing\tests\platformFileIoTests.cc)
  M:\Torque2DCmake\engine\source\testing\googleTest\include\gtest/internal/gtest-param-util-generated.h(2949): note: see reference to class template instantiation 'testing::internal::CartesianProductGenerator2<T1,T2>' being compiled (compiling source file M:\Torque2DCmake\engine\source\testing\tests\platformFileIoTests.cc)
M:\Torque2DCmake\engine\source\testing\googleTest\include\gtest/internal/gtest-param-util-generated.h(2841): warning C4996: 'std::tr1': warning STL4002: The non-Standard std::tr1 namespace and TR1-only machinery are deprecated and will be REMOVED. You can define _SILENCE_TR1_NAMESPACE_DEPRECATION_WARNING to acknowledge that you have received this warning. (compiling source file M:\Torque2DCmake\engine\source\testing\tests\platformFileIoTests.cc)
  C:\Program Files (x86)\Microsoft Visual Studio\2017\Professional\VC\Tools\MSVC\14.16.27023\include\tuple(1333): note: see declaration of 'std::tr1' (compiling source file M:\Torque2DCmake\engine\source\testing\tests\platformFileIoTests.cc)
M:\Torque2DCmake\engine\source\testing\googleTest\include\gtest/internal/gtest-param-util-generated.h(2954): warning C4996: 'std::tr1': warning STL4002: The non-Standard std::tr1 namespace and TR1-only machinery are deprecated and will be REMOVED. You can define _SILENCE_TR1_NAMESPACE_DEPRECATION_WARNING to acknowledge that you have received this warning. (compiling source file M:\Torque2DCmake\engine\source\testing\tests\platformFileIoTests.cc)
  C:\Program Files (x86)\Microsoft Visual Studio\2017\Professional\VC\Tools\MSVC\14.16.27023\include\tuple(1333): note: see declaration of 'std::tr1' (compiling source file M:\Torque2DCmake\engine\source\testing\tests\platformFileIoTests.cc)
  M:\Torque2DCmake\engine\source\testing\googleTest\include\gtest/internal/gtest-param-util-generated.h(3081): note: see reference to class template instantiation 'testing::internal::CartesianProductGenerator3<T1,T2,T3>' being compiled (compiling source file M:\Torque2DCmake\engine\source\testing\tests\platformFileIoTests.cc)
M:\Torque2DCmake\engine\source\testing\googleTest\include\gtest/internal/gtest-param-util-generated.h(2956): warning C4996: 'std::tr1': warning STL4002: The non-Standard std::tr1 namespace and TR1-only machinery are deprecated and will be REMOVED. You can define _SILENCE_TR1_NAMESPACE_DEPRECATION_WARNING to acknowledge that you have received this warning. (compiling source file M:\Torque2DCmake\engine\source\testing\tests\platformFileIoTests.cc)
  C:\Program Files (x86)\Microsoft Visual Studio\2017\Professional\VC\Tools\MSVC\14.16.27023\include\tuple(1333): note: see declaration of 'std::tr1' (compiling source file M:\Torque2DCmake\engine\source\testing\tests\platformFileIoTests.cc)
M:\Torque2DCmake\engine\source\testing\googleTest\include\gtest/internal/gtest-param-util-generated.h(3086): warning C4996: 'std::tr1': warning STL4002: The non-Standard std::tr1 namespace and TR1-only machinery are deprecated and will be REMOVED. You can define _SILENCE_TR1_NAMESPACE_DEPRECATION_WARNING to acknowledge that you have received this warning. (compiling source file M:\Torque2DCmake\engine\source\testing\tests\platformFileIoTests.cc)
  C:\Program Files (x86)\Microsoft Visual Studio\2017\Professional\VC\Tools\MSVC\14.16.27023\include\tuple(1333): note: see declaration of 'std::tr1' (compiling source file M:\Torque2DCmake\engine\source\testing\tests\platformFileIoTests.cc)
  M:\Torque2DCmake\engine\source\testing\googleTest\include\gtest/internal/gtest-param-util-generated.h(3232): note: see reference to class template instantiation 'testing::internal::CartesianProductGenerator4<T1,T2,T3,T4>' being compiled (compiling source file M:\Torque2DCmake\engine\source\testing\tests\platformFileIoTests.cc)
M:\Torque2DCmake\engine\source\testing\googleTest\include\gtest/internal/gtest-param-util-generated.h(3088): warning C4996: 'std::tr1': warning STL4002: The non-Standard std::tr1 namespace and TR1-only machinery are deprecated and will be REMOVED. You can define _SILENCE_TR1_NAMESPACE_DEPRECATION_WARNING to acknowledge that you have received this warning. (compiling source file M:\Torque2DCmake\engine\source\testing\tests\platformFileIoTests.cc)
  C:\Program Files (x86)\Microsoft Visual Studio\2017\Professional\VC\Tools\MSVC\14.16.27023\include\tuple(1333): note: see declaration of 'std::tr1' (compiling source file M:\Torque2DCmake\engine\source\testing\tests\platformFileIoTests.cc)
M:\Torque2DCmake\engine\source\testing\googleTest\include\gtest/internal/gtest-param-util-generated.h(3237): warning C4996: 'std::tr1': warning STL4002: The non-Standard std::tr1 namespace and TR1-only machinery are deprecated and will be REMOVED. You can define _SILENCE_TR1_NAMESPACE_DEPRECATION_WARNING to acknowledge that you have received this warning. (compiling source file M:\Torque2DCmake\engine\source\testing\tests\platformFileIoTests.cc)
  C:\Program Files (x86)\Microsoft Visual Studio\2017\Professional\VC\Tools\MSVC\14.16.27023\include\tuple(1333): note: see declaration of 'std::tr1' (compiling source file M:\Torque2DCmake\engine\source\testing\tests\platformFileIoTests.cc)
  M:\Torque2DCmake\engine\source\testing\googleTest\include\gtest/internal/gtest-param-util-generated.h(3399): note: see reference to class template instantiation 'testing::internal::CartesianProductGenerator5<T1,T2,T3,T4,T5>' being compiled (compiling source file M:\Torque2DCmake\engine\source\testing\tests\platformFileIoTests.cc)
M:\Torque2DCmake\engine\source\testing\googleTest\include\gtest/internal/gtest-param-util-generated.h(3239): warning C4996: 'std::tr1': warning STL4002: The non-Standard std::tr1 namespace and TR1-only machinery are deprecated and will be REMOVED. You can define _SILENCE_TR1_NAMESPACE_DEPRECATION_WARNING to acknowledge that you have received this warning. (compiling source file M:\Torque2DCmake\engine\source\testing\tests\platformFileIoTests.cc)
  C:\Program Files (x86)\Microsoft Visual Studio\2017\Professional\VC\Tools\MSVC\14.16.27023\include\tuple(1333): note: see declaration of 'std::tr1' (compiling source file M:\Torque2DCmake\engine\source\testing\tests\platformFileIoTests.cc)
M:\Torque2DCmake\engine\source\testing\googleTest\include\gtest/internal/gtest-param-util-generated.h(3405): warning C4996: 'std::tr1': warning STL4002: The non-Standard std::tr1 namespace and TR1-only machinery are deprecated and will be REMOVED. You can define _SILENCE_TR1_NAMESPACE_DEPRECATION_WARNING to acknowledge that you have received this warning. (compiling source file M:\Torque2DCmake\engine\source\testing\tests\platformFileIoTests.cc)
  C:\Program Files (x86)\Microsoft Visual Studio\2017\Professional\VC\Tools\MSVC\14.16.27023\include\tuple(1333): note: see declaration of 'std::tr1' (compiling source file M:\Torque2DCmake\engine\source\testing\tests\platformFileIoTests.cc)
  M:\Torque2DCmake\engine\source\testing\googleTest\include\gtest/internal/gtest-param-util-generated.h(3585): note: see reference to class template instantiation 'testing::internal::CartesianProductGenerator6<T1,T2,T3,T4,T5,T6>' being compiled (compiling source file M:\Torque2DCmake\engine\source\testing\tests\platformFileIoTests.cc)
M:\Torque2DCmake\engine\source\testing\googleTest\include\gtest/internal/gtest-param-util-generated.h(3408): warning C4996: 'std::tr1': warning STL4002: The non-Standard std::tr1 namespace and TR1-only machinery are deprecated and will be REMOVED. You can define _SILENCE_TR1_NAMESPACE_DEPRECATION_WARNING to acknowledge that you have received this warning. (compiling source file M:\Torque2DCmake\engine\source\testing\tests\platformFileIoTests.cc)
  C:\Program Files (x86)\Microsoft Visual Studio\2017\Professional\VC\Tools\MSVC\14.16.27023\include\tuple(1333): note: see declaration of 'std::tr1' (compiling source file M:\Torque2DCmake\engine\source\testing\tests\platformFileIoTests.cc)
M:\Torque2DCmake\engine\source\testing\googleTest\include\gtest/internal/gtest-param-util-generated.h(3591): warning C4996: 'std::tr1': warning STL4002: The non-Standard std::tr1 namespace and TR1-only machinery are deprecated and will be REMOVED. You can define _SILENCE_TR1_NAMESPACE_DEPRECATION_WARNING to acknowledge that you have received this warning. (compiling source file M:\Torque2DCmake\engine\source\testing\tests\platformFileIoTests.cc)
  C:\Program Files (x86)\Microsoft Visual Studio\2017\Professional\VC\Tools\MSVC\14.16.27023\include\tuple(1333): note: see declaration of 'std::tr1' (compiling source file M:\Torque2DCmake\engine\source\testing\tests\platformFileIoTests.cc)
  M:\Torque2DCmake\engine\source\testing\googleTest\include\gtest/internal/gtest-param-util-generated.h(3788): note: see reference to class template instantiation 'testing::internal::CartesianProductGenerator7<T1,T2,T3,T4,T5,T6,T7>' being compiled (compiling source file M:\Torque2DCmake\engine\source\testing\tests\platformFileIoTests.cc)
M:\Torque2DCmake\engine\source\testing\googleTest\include\gtest/internal/gtest-param-util-generated.h(3594): warning C4996: 'std::tr1': warning STL4002: The non-Standard std::tr1 namespace and TR1-only machinery are deprecated and will be REMOVED. You can define _SILENCE_TR1_NAMESPACE_DEPRECATION_WARNING to acknowledge that you have received this warning. (compiling source file M:\Torque2DCmake\engine\source\testing\tests\platformFileIoTests.cc)
  C:\Program Files (x86)\Microsoft Visual Studio\2017\Professional\VC\Tools\MSVC\14.16.27023\include\tuple(1333): note: see declaration of 'std::tr1' (compiling source file M:\Torque2DCmake\engine\source\testing\tests\platformFileIoTests.cc)
M:\Torque2DCmake\engine\source\testing\googleTest\include\gtest/internal/gtest-param-util-generated.h(3794): warning C4996: 'std::tr1': warning STL4002: The non-Standard std::tr1 namespace and TR1-only machinery are deprecated and will be REMOVED. You can define _SILENCE_TR1_NAMESPACE_DEPRECATION_WARNING to acknowledge that you have received this warning. (compiling source file M:\Torque2DCmake\engine\source\testing\tests\platformFileIoTests.cc)
  C:\Program Files (x86)\Microsoft Visual Studio\2017\Professional\VC\Tools\MSVC\14.16.27023\include\tuple(1333): note: see declaration of 'std::tr1' (compiling source file M:\Torque2DCmake\engine\source\testing\tests\platformFileIoTests.cc)
  M:\Torque2DCmake\engine\source\testing\googleTest\include\gtest/internal/gtest-param-util-generated.h(4010): note: see reference to class template instantiation 'testing::internal::CartesianProductGenerator8<T1,T2,T3,T4,T5,T6,T7,T8>' being compiled (compiling source file M:\Torque2DCmake\engine\source\testing\tests\platformFileIoTests.cc)
M:\Torque2DCmake\engine\source\testing\googleTest\include\gtest/internal/gtest-param-util-generated.h(3797): warning C4996: 'std::tr1': warning STL4002: The non-Standard std::tr1 namespace and TR1-only machinery are deprecated and will be REMOVED. You can define _SILENCE_TR1_NAMESPACE_DEPRECATION_WARNING to acknowledge that you have received this warning. (compiling source file M:\Torque2DCmake\engine\source\testing\tests\platformFileIoTests.cc)
  C:\Program Files (x86)\Microsoft Visual Studio\2017\Professional\VC\Tools\MSVC\14.16.27023\include\tuple(1333): note: see declaration of 'std::tr1' (compiling source file M:\Torque2DCmake\engine\source\testing\tests\platformFileIoTests.cc)
M:\Torque2DCmake\engine\source\testing\googleTest\include\gtest/internal/gtest-param-util-generated.h(4016): warning C4996: 'std::tr1': warning STL4002: The non-Standard std::tr1 namespace and TR1-only machinery are deprecated and will be REMOVED. You can define _SILENCE_TR1_NAMESPACE_DEPRECATION_WARNING to acknowledge that you have received this warning. (compiling source file M:\Torque2DCmake\engine\source\testing\tests\platformFileIoTests.cc)
  C:\Program Files (x86)\Microsoft Visual Studio\2017\Professional\VC\Tools\MSVC\14.16.27023\include\tuple(1333): note: see declaration of 'std::tr1' (compiling source file M:\Torque2DCmake\engine\source\testing\tests\platformFileIoTests.cc)
  M:\Torque2DCmake\engine\source\testing\googleTest\include\gtest/internal/gtest-param-util-generated.h(4249): note: see reference to class template instantiation 'testing::internal::CartesianProductGenerator9<T1,T2,T3,T4,T5,T6,T7,T8,T9>' being compiled (compiling source file M:\Torque2DCmake\engine\source\testing\tests\platformFileIoTests.cc)
M:\Torque2DCmake\engine\source\testing\googleTest\include\gtest/internal/gtest-param-util-generated.h(4019): warning C4996: 'std::tr1': warning STL4002: The non-Standard std::tr1 namespace and TR1-only machinery are deprecated and will be REMOVED. You can define _SILENCE_TR1_NAMESPACE_DEPRECATION_WARNING to acknowledge that you have received this warning. (compiling source file M:\Torque2DCmake\engine\source\testing\tests\platformFileIoTests.cc)
  C:\Program Files (x86)\Microsoft Visual Studio\2017\Professional\VC\Tools\MSVC\14.16.27023\include\tuple(1333): note: see declaration of 'std::tr1' (compiling source file M:\Torque2DCmake\engine\source\testing\tests\platformFileIoTests.cc)
M:\Torque2DCmake\engine\source\testing\googleTest\include\gtest/internal/gtest-param-util-generated.h(4255): warning C4996: 'std::tr1': warning STL4002: The non-Standard std::tr1 namespace and TR1-only machinery are deprecated and will be REMOVED. You can define _SILENCE_TR1_NAMESPACE_DEPRECATION_WARNING to acknowledge that you have received this warning. (compiling source file M:\Torque2DCmake\engine\source\testing\tests\platformFileIoTests.cc)
  C:\Program Files (x86)\Microsoft Visual Studio\2017\Professional\VC\Tools\MSVC\14.16.27023\include\tuple(1333): note: see declaration of 'std::tr1' (compiling source file M:\Torque2DCmake\engine\source\testing\tests\platformFileIoTests.cc)
  M:\Torque2DCmake\engine\source\testing\googleTest\include\gtest/internal/gtest-param-util-generated.h(4505): note: see reference to class template instantiation 'testing::internal::CartesianProductGenerator10<T1,T2,T3,T4,T5,T6,T7,T8,T9,T10>' being compiled (compiling source file M:\Torque2DCmake\engine\source\testing\tests\platformFileIoTests.cc)
M:\Torque2DCmake\engine\source\testing\googleTest\include\gtest/internal/gtest-param-util-generated.h(4258): warning C4996: 'std::tr1': warning STL4002: The non-Standard std::tr1 namespace and TR1-only machinery are deprecated and will be REMOVED. You can define _SILENCE_TR1_NAMESPACE_DEPRECATION_WARNING to acknowledge that you have received this warning. (compiling source file M:\Torque2DCmake\engine\source\testing\tests\platformFileIoTests.cc)
  C:\Program Files (x86)\Microsoft Visual Studio\2017\Professional\VC\Tools\MSVC\14.16.27023\include\tuple(1333): note: see declaration of 'std::tr1' (compiling source file M:\Torque2DCmake\engine\source\testing\tests\platformFileIoTests.cc)
M:\Torque2DCmake\engine\source\testing\googleTest\include\gtest/internal/gtest-param-util-generated.h(4520): warning C4996: 'std::tr1': warning STL4002: The non-Standard std::tr1 namespace and TR1-only machinery are deprecated and will be REMOVED. You can define _SILENCE_TR1_NAMESPACE_DEPRECATION_WARNING to acknowledge that you have received this warning. (compiling source file M:\Torque2DCmake\engine\source\testing\tests\platformFileIoTests.cc)
  C:\Program Files (x86)\Microsoft Visual Studio\2017\Professional\VC\Tools\MSVC\14.16.27023\include\tuple(1333): note: see declaration of 'std::tr1' (compiling source file M:\Torque2DCmake\engine\source\testing\tests\platformFileIoTests.cc)
  M:\Torque2DCmake\engine\source\testing\googleTest\include\gtest/internal/gtest-param-util-generated.h(4533): note: see reference to class template instantiation 'testing::internal::CartesianProductHolder2<Generator1,Generator2>' being compiled (compiling source file M:\Torque2DCmake\engine\source\testing\tests\platformFileIoTests.cc)
M:\Torque2DCmake\engine\source\testing\googleTest\include\gtest/internal/gtest-param-util-generated.h(4542): warning C4996: 'std::tr1': warning STL4002: The non-Standard std::tr1 namespace and TR1-only machinery are deprecated and will be REMOVED. You can define _SILENCE_TR1_NAMESPACE_DEPRECATION_WARNING to acknowledge that you have received this warning. (compiling source file M:\Torque2DCmake\engine\source\testing\tests\platformFileIoTests.cc)
  C:\Program Files (x86)\Microsoft Visual Studio\2017\Professional\VC\Tools\MSVC\14.16.27023\include\tuple(1333): note: see declaration of 'std::tr1' (compiling source file M:\Torque2DCmake\engine\source\testing\tests\platformFileIoTests.cc)
  M:\Torque2DCmake\engine\source\testing\googleTest\include\gtest/internal/gtest-param-util-generated.h(4557): note: see reference to class template instantiation 'testing::internal::CartesianProductHolder3<Generator1,Generator2,Generator3>' being compiled (compiling source file M:\Torque2DCmake\engine\source\testing\tests\platformFileIoTests.cc)
M:\Torque2DCmake\engine\source\testing\googleTest\include\gtest/internal/gtest-param-util-generated.h(4567): warning C4996: 'std::tr1': warning STL4002: The non-Standard std::tr1 namespace and TR1-only machinery are deprecated and will be REMOVED. You can define _SILENCE_TR1_NAMESPACE_DEPRECATION_WARNING to acknowledge that you have received this warning. (compiling source file M:\Torque2DCmake\engine\source\testing\tests\platformFileIoTests.cc)
  C:\Program Files (x86)\Microsoft Visual Studio\2017\Professional\VC\Tools\MSVC\14.16.27023\include\tuple(1333): note: see declaration of 'std::tr1' (compiling source file M:\Torque2DCmake\engine\source\testing\tests\platformFileIoTests.cc)
  M:\Torque2DCmake\engine\source\testing\googleTest\include\gtest/internal/gtest-param-util-generated.h(4584): note: see reference to class template instantiation 'testing::internal::CartesianProductHolder4<Generator1,Generator2,Generator3,Generator4>' being compiled (compiling source file M:\Torque2DCmake\engine\source\testing\tests\platformFileIoTests.cc)
M:\Torque2DCmake\engine\source\testing\googleTest\include\gtest/internal/gtest-param-util-generated.h(4594): warning C4996: 'std::tr1': warning STL4002: The non-Standard std::tr1 namespace and TR1-only machinery are deprecated and will be REMOVED. You can define _SILENCE_TR1_NAMESPACE_DEPRECATION_WARNING to acknowledge that you have received this warning. (compiling source file M:\Torque2DCmake\engine\source\testing\tests\platformFileIoTests.cc)
  C:\Program Files (x86)\Microsoft Visual Studio\2017\Professional\VC\Tools\MSVC\14.16.27023\include\tuple(1333): note: see declaration of 'std::tr1' (compiling source file M:\Torque2DCmake\engine\source\testing\tests\platformFileIoTests.cc)
  M:\Torque2DCmake\engine\source\testing\googleTest\include\gtest/internal/gtest-param-util-generated.h(4613): note: see reference to class template instantiation 'testing::internal::CartesianProductHolder5<Generator1,Generator2,Generator3,Generator4,Generator5>' being compiled (compiling source file M:\Torque2DCmake\engine\source\testing\tests\platformFileIoTests.cc)
M:\Torque2DCmake\engine\source\testing\googleTest\include\gtest/internal/gtest-param-util-generated.h(4625): warning C4996: 'std::tr1': warning STL4002: The non-Standard std::tr1 namespace and TR1-only machinery are deprecated and will be REMOVED. You can define _SILENCE_TR1_NAMESPACE_DEPRECATION_WARNING to acknowledge that you have received this warning. (compiling source file M:\Torque2DCmake\engine\source\testing\tests\platformFileIoTests.cc)
  C:\Program Files (x86)\Microsoft Visual Studio\2017\Professional\VC\Tools\MSVC\14.16.27023\include\tuple(1333): note: see declaration of 'std::tr1' (compiling source file M:\Torque2DCmake\engine\source\testing\tests\platformFileIoTests.cc)
  M:\Torque2DCmake\engine\source\testing\googleTest\include\gtest/internal/gtest-param-util-generated.h(4646): note: see reference to class template instantiation 'testing::internal::CartesianProductHolder6<Generator1,Generator2,Generator3,Generator4,Generator5,Generator6>' being compiled (compiling source file M:\Torque2DCmake\engine\source\testing\tests\platformFileIoTests.cc)
M:\Torque2DCmake\engine\source\testing\googleTest\include\gtest/internal/gtest-param-util-generated.h(4659): warning C4996: 'std::tr1': warning STL4002: The non-Standard std::tr1 namespace and TR1-only machinery are deprecated and will be REMOVED. You can define _SILENCE_TR1_NAMESPACE_DEPRECATION_WARNING to acknowledge that you have received this warning. (compiling source file M:\Torque2DCmake\engine\source\testing\tests\platformFileIoTests.cc)
  C:\Program Files (x86)\Microsoft Visual Studio\2017\Professional\VC\Tools\MSVC\14.16.27023\include\tuple(1333): note: see declaration of 'std::tr1' (compiling source file M:\Torque2DCmake\engine\source\testing\tests\platformFileIoTests.cc)
  M:\Torque2DCmake\engine\source\testing\googleTest\include\gtest/internal/gtest-param-util-generated.h(4682): note: see reference to class template instantiation 'testing::internal::CartesianProductHolder7<Generator1,Generator2,Generator3,Generator4,Generator5,Generator6,Generator7>' being compiled (compiling source file M:\Torque2DCmake\engine\source\testing\tests\platformFileIoTests.cc)
M:\Torque2DCmake\engine\source\testing\googleTest\include\gtest/internal/gtest-param-util-generated.h(4697): warning C4996: 'std::tr1': warning STL4002: The non-Standard std::tr1 namespace and TR1-only machinery are deprecated and will be REMOVED. You can define _SILENCE_TR1_NAMESPACE_DEPRECATION_WARNING to acknowledge that you have received this warning. (compiling source file M:\Torque2DCmake\engine\source\testing\tests\platformFileIoTests.cc)
  C:\Program Files (x86)\Microsoft Visual Studio\2017\Professional\VC\Tools\MSVC\14.16.27023\include\tuple(1333): note: see declaration of 'std::tr1' (compiling source file M:\Torque2DCmake\engine\source\testing\tests\platformFileIoTests.cc)
  M:\Torque2DCmake\engine\source\testing\googleTest\include\gtest/internal/gtest-param-util-generated.h(4722): note: see reference to class template instantiation 'testing::internal::CartesianProductHolder8<Generator1,Generator2,Generator3,Generator4,Generator5,Generator6,Generator7,Generator8>' being compiled (compiling source file M:\Torque2DCmake\engine\source\testing\tests\platformFileIoTests.cc)
M:\Torque2DCmake\engine\source\testing\googleTest\include\gtest/internal/gtest-param-util-generated.h(4738): warning C4996: 'std::tr1': warning STL4002: The non-Standard std::tr1 namespace and TR1-only machinery are deprecated and will be REMOVED. You can define _SILENCE_TR1_NAMESPACE_DEPRECATION_WARNING to acknowledge that you have received this warning. (compiling source file M:\Torque2DCmake\engine\source\testing\tests\platformFileIoTests.cc)
  C:\Program Files (x86)\Microsoft Visual Studio\2017\Professional\VC\Tools\MSVC\14.16.27023\include\tuple(1333): note: see declaration of 'std::tr1' (compiling source file M:\Torque2DCmake\engine\source\testing\tests\platformFileIoTests.cc)
  M:\Torque2DCmake\engine\source\testing\googleTest\include\gtest/internal/gtest-param-util-generated.h(4766): note: see reference to class template instantiation 'testing::internal::CartesianProductHolder9<Generator1,Generator2,Generator3,Generator4,Generator5,Generator6,Generator7,Generator8,Generator9>' being compiled (compiling source file M:\Torque2DCmake\engine\source\testing\tests\platformFileIoTests.cc)
M:\Torque2DCmake\engine\source\testing\googleTest\include\gtest/internal/gtest-param-util-generated.h(4782): warning C4996: 'std::tr1': warning STL4002: The non-Standard std::tr1 namespace and TR1-only machinery are deprecated and will be REMOVED. You can define _SILENCE_TR1_NAMESPACE_DEPRECATION_WARNING to acknowledge that you have received this warning. (compiling source file M:\Torque2DCmake\engine\source\testing\tests\platformFileIoTests.cc)
  C:\Program Files (x86)\Microsoft Visual Studio\2017\Professional\VC\Tools\MSVC\14.16.27023\include\tuple(1333): note: see declaration of 'std::tr1' (compiling source file M:\Torque2DCmake\engine\source\testing\tests\platformFileIoTests.cc)
  M:\Torque2DCmake\engine\source\testing\googleTest\include\gtest/internal/gtest-param-util-generated.h(4813): note: see reference to class template instantiation 'testing::internal::CartesianProductHolder10<Generator1,Generator2,Generator3,Generator4,Generator5,Generator6,Generator7,Generator8,Generator9,Generator10>' being compiled (compiling source file M:\Torque2DCmake\engine\source\testing\tests\platformFileIoTests.cc)
M:\Torque2DCmake\engine\source\testing\googleTest\include\gtest/gtest-printers.h(497): warning C4996: 'std::tr1': warning STL4002: The non-Standard std::tr1 namespace and TR1-only machinery are deprecated and will be REMOVED. You can define _SILENCE_TR1_NAMESPACE_DEPRECATION_WARNING to acknowledge that you have received this warning. (compiling source file M:\Torque2DCmake\engine\source\testing\tests\platformMemoryTests.cc)
  C:\Program Files (x86)\Microsoft Visual Studio\2017\Professional\VC\Tools\MSVC\14.16.27023\include\tuple(1333): note: see declaration of 'std::tr1' (compiling source file M:\Torque2DCmake\engine\source\testing\tests\platformMemoryTests.cc)
M:\Torque2DCmake\engine\source\testing\googleTest\include\gtest/gtest-printers.h(502): warning C4996: 'std::tr1': warning STL4002: The non-Standard std::tr1 namespace and TR1-only machinery are deprecated and will be REMOVED. You can define _SILENCE_TR1_NAMESPACE_DEPRECATION_WARNING to acknowledge that you have received this warning. (compiling source file M:\Torque2DCmake\engine\source\testing\tests\platformMemoryTests.cc)
  C:\Program Files (x86)\Microsoft Visual Studio\2017\Professional\VC\Tools\MSVC\14.16.27023\include\tuple(1333): note: see declaration of 'std::tr1' (compiling source file M:\Torque2DCmake\engine\source\testing\tests\platformMemoryTests.cc)
M:\Torque2DCmake\engine\source\testing\googleTest\include\gtest/gtest-printers.h(507): warning C4996: 'std::tr1': warning STL4002: The non-Standard std::tr1 namespace and TR1-only machinery are deprecated and will be REMOVED. You can define _SILENCE_TR1_NAMESPACE_DEPRECATION_WARNING to acknowledge that you have received this warning. (compiling source file M:\Torque2DCmake\engine\source\testing\tests\platformMemoryTests.cc)
  C:\Program Files (x86)\Microsoft Visual Studio\2017\Professional\VC\Tools\MSVC\14.16.27023\include\tuple(1333): note: see declaration of 'std::tr1' (compiling source file M:\Torque2DCmake\engine\source\testing\tests\platformMemoryTests.cc)
M:\Torque2DCmake\engine\source\testing\googleTest\include\gtest/gtest-printers.h(512): warning C4996: 'std::tr1': warning STL4002: The non-Standard std::tr1 namespace and TR1-only machinery are deprecated and will be REMOVED. You can define _SILENCE_TR1_NAMESPACE_DEPRECATION_WARNING to acknowledge that you have received this warning. (compiling source file M:\Torque2DCmake\engine\source\testing\tests\platformMemoryTests.cc)
  C:\Program Files (x86)\Microsoft Visual Studio\2017\Professional\VC\Tools\MSVC\14.16.27023\include\tuple(1333): note: see declaration of 'std::tr1' (compiling source file M:\Torque2DCmake\engine\source\testing\tests\platformMemoryTests.cc)
M:\Torque2DCmake\engine\source\testing\googleTest\include\gtest/gtest-printers.h(517): warning C4996: 'std::tr1': warning STL4002: The non-Standard std::tr1 namespace and TR1-only machinery are deprecated and will be REMOVED. You can define _SILENCE_TR1_NAMESPACE_DEPRECATION_WARNING to acknowledge that you have received this warning. (compiling source file M:\Torque2DCmake\engine\source\testing\tests\platformMemoryTests.cc)
  C:\Program Files (x86)\Microsoft Visual Studio\2017\Professional\VC\Tools\MSVC\14.16.27023\include\tuple(1333): note: see declaration of 'std::tr1' (compiling source file M:\Torque2DCmake\engine\source\testing\tests\platformMemoryTests.cc)
M:\Torque2DCmake\engine\source\testing\googleTest\include\gtest/gtest-printers.h(522): warning C4996: 'std::tr1': warning STL4002: The non-Standard std::tr1 namespace and TR1-only machinery are deprecated and will be REMOVED. You can define _SILENCE_TR1_NAMESPACE_DEPRECATION_WARNING to acknowledge that you have received this warning. (compiling source file M:\Torque2DCmake\engine\source\testing\tests\platformMemoryTests.cc)
  C:\Program Files (x86)\Microsoft Visual Studio\2017\Professional\VC\Tools\MSVC\14.16.27023\include\tuple(1333): note: see declaration of 'std::tr1' (compiling source file M:\Torque2DCmake\engine\source\testing\tests\platformMemoryTests.cc)
M:\Torque2DCmake\engine\source\testing\googleTest\include\gtest/gtest-printers.h(529): warning C4996: 'std::tr1': warning STL4002: The non-Standard std::tr1 namespace and TR1-only machinery are deprecated and will be REMOVED. You can define _SILENCE_TR1_NAMESPACE_DEPRECATION_WARNING to acknowledge that you have received this warning. (compiling source file M:\Torque2DCmake\engine\source\testing\tests\platformMemoryTests.cc)
  C:\Program Files (x86)\Microsoft Visual Studio\2017\Professional\VC\Tools\MSVC\14.16.27023\include\tuple(1333): note: see declaration of 'std::tr1' (compiling source file M:\Torque2DCmake\engine\source\testing\tests\platformMemoryTests.cc)
M:\Torque2DCmake\engine\source\testing\googleTest\include\gtest/gtest-printers.h(536): warning C4996: 'std::tr1': warning STL4002: The non-Standard std::tr1 namespace and TR1-only machinery are deprecated and will be REMOVED. You can define _SILENCE_TR1_NAMESPACE_DEPRECATION_WARNING to acknowledge that you have received this warning. (compiling source file M:\Torque2DCmake\engine\source\testing\tests\platformMemoryTests.cc)
  C:\Program Files (x86)\Microsoft Visual Studio\2017\Professional\VC\Tools\MSVC\14.16.27023\include\tuple(1333): note: see declaration of 'std::tr1' (compiling source file M:\Torque2DCmake\engine\source\testing\tests\platformMemoryTests.cc)
M:\Torque2DCmake\engine\source\testing\googleTest\include\gtest/gtest-printers.h(543): warning C4996: 'std::tr1': warning STL4002: The non-Standard std::tr1 namespace and TR1-only machinery are deprecated and will be REMOVED. You can define _SILENCE_TR1_NAMESPACE_DEPRECATION_WARNING to acknowledge that you have received this warning. (compiling source file M:\Torque2DCmake\engine\source\testing\tests\platformMemoryTests.cc)
  C:\Program Files (x86)\Microsoft Visual Studio\2017\Professional\VC\Tools\MSVC\14.16.27023\include\tuple(1333): note: see declaration of 'std::tr1' (compiling source file M:\Torque2DCmake\engine\source\testing\tests\platformMemoryTests.cc)
M:\Torque2DCmake\engine\source\testing\googleTest\include\gtest/gtest-printers.h(550): warning C4996: 'std::tr1': warning STL4002: The non-Standard std::tr1 namespace and TR1-only machinery are deprecated and will be REMOVED. You can define _SILENCE_TR1_NAMESPACE_DEPRECATION_WARNING to acknowledge that you have received this warning. (compiling source file M:\Torque2DCmake\engine\source\testing\tests\platformMemoryTests.cc)
  C:\Program Files (x86)\Microsoft Visual Studio\2017\Professional\VC\Tools\MSVC\14.16.27023\include\tuple(1333): note: see declaration of 'std::tr1' (compiling source file M:\Torque2DCmake\engine\source\testing\tests\platformMemoryTests.cc)
M:\Torque2DCmake\engine\source\testing\googleTest\include\gtest/gtest-printers.h(558): warning C4996: 'std::tr1': warning STL4002: The non-Standard std::tr1 namespace and TR1-only machinery are deprecated and will be REMOVED. You can define _SILENCE_TR1_NAMESPACE_DEPRECATION_WARNING to acknowledge that you have received this warning. (compiling source file M:\Torque2DCmake\engine\source\testing\tests\platformMemoryTests.cc)
  C:\Program Files (x86)\Microsoft Visual Studio\2017\Professional\VC\Tools\MSVC\14.16.27023\include\tuple(1333): note: see declaration of 'std::tr1' (compiling source file M:\Torque2DCmake\engine\source\testing\tests\platformMemoryTests.cc)
M:\Torque2DCmake\engine\source\testing\googleTest\include\gtest/gtest-printers.h(497): warning C4996: 'std::tr1': warning STL4002: The non-Standard std::tr1 namespace and TR1-only machinery are deprecated and will be REMOVED. You can define _SILENCE_TR1_NAMESPACE_DEPRECATION_WARNING to acknowledge that you have received this warning. (compiling source file M:\Torque2DCmake\engine\source\testing\tests\platformStringTests.cc)
  C:\Program Files (x86)\Microsoft Visual Studio\2017\Professional\VC\Tools\MSVC\14.16.27023\include\tuple(1333): note: see declaration of 'std::tr1' (compiling source file M:\Torque2DCmake\engine\source\testing\tests\platformStringTests.cc)
M:\Torque2DCmake\engine\source\testing\googleTest\include\gtest/gtest-printers.h(502): warning C4996: 'std::tr1': warning STL4002: The non-Standard std::tr1 namespace and TR1-only machinery are deprecated and will be REMOVED. You can define _SILENCE_TR1_NAMESPACE_DEPRECATION_WARNING to acknowledge that you have received this warning. (compiling source file M:\Torque2DCmake\engine\source\testing\tests\platformStringTests.cc)
  C:\Program Files (x86)\Microsoft Visual Studio\2017\Professional\VC\Tools\MSVC\14.16.27023\include\tuple(1333): note: see declaration of 'std::tr1' (compiling source file M:\Torque2DCmake\engine\source\testing\tests\platformStringTests.cc)
M:\Torque2DCmake\engine\source\testing\googleTest\include\gtest/gtest-printers.h(507): warning C4996: 'std::tr1': warning STL4002: The non-Standard std::tr1 namespace and TR1-only machinery are deprecated and will be REMOVED. You can define _SILENCE_TR1_NAMESPACE_DEPRECATION_WARNING to acknowledge that you have received this warning. (compiling source file M:\Torque2DCmake\engine\source\testing\tests\platformStringTests.cc)
  C:\Program Files (x86)\Microsoft Visual Studio\2017\Professional\VC\Tools\MSVC\14.16.27023\include\tuple(1333): note: see declaration of 'std::tr1' (compiling source file M:\Torque2DCmake\engine\source\testing\tests\platformStringTests.cc)
M:\Torque2DCmake\engine\source\testing\googleTest\include\gtest/gtest-printers.h(512): warning C4996: 'std::tr1': warning STL4002: The non-Standard std::tr1 namespace and TR1-only machinery are deprecated and will be REMOVED. You can define _SILENCE_TR1_NAMESPACE_DEPRECATION_WARNING to acknowledge that you have received this warning. (compiling source file M:\Torque2DCmake\engine\source\testing\tests\platformStringTests.cc)
  C:\Program Files (x86)\Microsoft Visual Studio\2017\Professional\VC\Tools\MSVC\14.16.27023\include\tuple(1333): note: see declaration of 'std::tr1' (compiling source file M:\Torque2DCmake\engine\source\testing\tests\platformStringTests.cc)
M:\Torque2DCmake\engine\source\testing\googleTest\include\gtest/gtest-printers.h(517): warning C4996: 'std::tr1': warning STL4002: The non-Standard std::tr1 namespace and TR1-only machinery are deprecated and will be REMOVED. You can define _SILENCE_TR1_NAMESPACE_DEPRECATION_WARNING to acknowledge that you have received this warning. (compiling source file M:\Torque2DCmake\engine\source\testing\tests\platformStringTests.cc)
  C:\Program Files (x86)\Microsoft Visual Studio\2017\Professional\VC\Tools\MSVC\14.16.27023\include\tuple(1333): note: see declaration of 'std::tr1' (compiling source file M:\Torque2DCmake\engine\source\testing\tests\platformStringTests.cc)
M:\Torque2DCmake\engine\source\testing\googleTest\include\gtest/gtest-printers.h(522): warning C4996: 'std::tr1': warning STL4002: The non-Standard std::tr1 namespace and TR1-only machinery are deprecated and will be REMOVED. You can define _SILENCE_TR1_NAMESPACE_DEPRECATION_WARNING to acknowledge that you have received this warning. (compiling source file M:\Torque2DCmake\engine\source\testing\tests\platformStringTests.cc)
  C:\Program Files (x86)\Microsoft Visual Studio\2017\Professional\VC\Tools\MSVC\14.16.27023\include\tuple(1333): note: see declaration of 'std::tr1' (compiling source file M:\Torque2DCmake\engine\source\testing\tests\platformStringTests.cc)
M:\Torque2DCmake\engine\source\testing\googleTest\include\gtest/gtest-printers.h(529): warning C4996: 'std::tr1': warning STL4002: The non-Standard std::tr1 namespace and TR1-only machinery are deprecated and will be REMOVED. You can define _SILENCE_TR1_NAMESPACE_DEPRECATION_WARNING to acknowledge that you have received this warning. (compiling source file M:\Torque2DCmake\engine\source\testing\tests\platformStringTests.cc)
  C:\Program Files (x86)\Microsoft Visual Studio\2017\Professional\VC\Tools\MSVC\14.16.27023\include\tuple(1333): note: see declaration of 'std::tr1' (compiling source file M:\Torque2DCmake\engine\source\testing\tests\platformStringTests.cc)
M:\Torque2DCmake\engine\source\testing\googleTest\include\gtest/gtest-printers.h(536): warning C4996: 'std::tr1': warning STL4002: The non-Standard std::tr1 namespace and TR1-only machinery are deprecated and will be REMOVED. You can define _SILENCE_TR1_NAMESPACE_DEPRECATION_WARNING to acknowledge that you have received this warning. (compiling source file M:\Torque2DCmake\engine\source\testing\tests\platformStringTests.cc)
  C:\Program Files (x86)\Microsoft Visual Studio\2017\Professional\VC\Tools\MSVC\14.16.27023\include\tuple(1333): note: see declaration of 'std::tr1' (compiling source file M:\Torque2DCmake\engine\source\testing\tests\platformStringTests.cc)
M:\Torque2DCmake\engine\source\testing\googleTest\include\gtest/gtest-printers.h(543): warning C4996: 'std::tr1': warning STL4002: The non-Standard std::tr1 namespace and TR1-only machinery are deprecated and will be REMOVED. You can define _SILENCE_TR1_NAMESPACE_DEPRECATION_WARNING to acknowledge that you have received this warning. (compiling source file M:\Torque2DCmake\engine\source\testing\tests\platformStringTests.cc)
  C:\Program Files (x86)\Microsoft Visual Studio\2017\Professional\VC\Tools\MSVC\14.16.27023\include\tuple(1333): note: see declaration of 'std::tr1' (compiling source file M:\Torque2DCmake\engine\source\testing\tests\platformStringTests.cc)
M:\Torque2DCmake\engine\source\testing\googleTest\include\gtest/gtest-printers.h(550): warning C4996: 'std::tr1': warning STL4002: The non-Standard std::tr1 namespace and TR1-only machinery are deprecated and will be REMOVED. You can define _SILENCE_TR1_NAMESPACE_DEPRECATION_WARNING to acknowledge that you have received this warning. (compiling source file M:\Torque2DCmake\engine\source\testing\tests\platformStringTests.cc)
  C:\Program Files (x86)\Microsoft Visual Studio\2017\Professional\VC\Tools\MSVC\14.16.27023\include\tuple(1333): note: see declaration of 'std::tr1' (compiling source file M:\Torque2DCmake\engine\source\testing\tests\platformStringTests.cc)
M:\Torque2DCmake\engine\source\testing\googleTest\include\gtest/gtest-printers.h(558): warning C4996: 'std::tr1': warning STL4002: The non-Standard std::tr1 namespace and TR1-only machinery are deprecated and will be REMOVED. You can define _SILENCE_TR1_NAMESPACE_DEPRECATION_WARNING to acknowledge that you have received this warning. (compiling source file M:\Torque2DCmake\engine\source\testing\tests\platformStringTests.cc)
  C:\Program Files (x86)\Microsoft Visual Studio\2017\Professional\VC\Tools\MSVC\14.16.27023\include\tuple(1333): note: see declaration of 'std::tr1' (compiling source file M:\Torque2DCmake\engine\source\testing\tests\platformStringTests.cc)
M:\Torque2DCmake\engine\source\testing\googleTest\include\gtest/gtest-printers.h(497): warning C4996: 'std::tr1': warning STL4002: The non-Standard std::tr1 namespace and TR1-only machinery are deprecated and will be REMOVED. You can define _SILENCE_TR1_NAMESPACE_DEPRECATION_WARNING to acknowledge that you have received this warning. (compiling source file M:\Torque2DCmake\engine\source\testing\unitTesting.cc)
  C:\Program Files (x86)\Microsoft Visual Studio\2017\Professional\VC\Tools\MSVC\14.16.27023\include\tuple(1333): note: see declaration of 'std::tr1' (compiling source file M:\Torque2DCmake\engine\source\testing\unitTesting.cc)
M:\Torque2DCmake\engine\source\testing\googleTest\include\gtest/gtest-printers.h(502): warning C4996: 'std::tr1': warning STL4002: The non-Standard std::tr1 namespace and TR1-only machinery are deprecated and will be REMOVED. You can define _SILENCE_TR1_NAMESPACE_DEPRECATION_WARNING to acknowledge that you have received this warning. (compiling source file M:\Torque2DCmake\engine\source\testing\unitTesting.cc)
  C:\Program Files (x86)\Microsoft Visual Studio\2017\Professional\VC\Tools\MSVC\14.16.27023\include\tuple(1333): note: see declaration of 'std::tr1' (compiling source file M:\Torque2DCmake\engine\source\testing\unitTesting.cc)
M:\Torque2DCmake\engine\source\testing\googleTest\include\gtest/gtest-printers.h(507): warning C4996: 'std::tr1': warning STL4002: The non-Standard std::tr1 namespace and TR1-only machinery are deprecated and will be REMOVED. You can define _SILENCE_TR1_NAMESPACE_DEPRECATION_WARNING to acknowledge that you have received this warning. (compiling source file M:\Torque2DCmake\engine\source\testing\unitTesting.cc)
  C:\Program Files (x86)\Microsoft Visual Studio\2017\Professional\VC\Tools\MSVC\14.16.27023\include\tuple(1333): note: see declaration of 'std::tr1' (compiling source file M:\Torque2DCmake\engine\source\testing\unitTesting.cc)
M:\Torque2DCmake\engine\source\testing\googleTest\include\gtest/gtest-printers.h(512): warning C4996: 'std::tr1': warning STL4002: The non-Standard std::tr1 namespace and TR1-only machinery are deprecated and will be REMOVED. You can define _SILENCE_TR1_NAMESPACE_DEPRECATION_WARNING to acknowledge that you have received this warning. (compiling source file M:\Torque2DCmake\engine\source\testing\unitTesting.cc)
  C:\Program Files (x86)\Microsoft Visual Studio\2017\Professional\VC\Tools\MSVC\14.16.27023\include\tuple(1333): note: see declaration of 'std::tr1' (compiling source file M:\Torque2DCmake\engine\source\testing\unitTesting.cc)
M:\Torque2DCmake\engine\source\testing\googleTest\include\gtest/gtest-printers.h(517): warning C4996: 'std::tr1': warning STL4002: The non-Standard std::tr1 namespace and TR1-only machinery are deprecated and will be REMOVED. You can define _SILENCE_TR1_NAMESPACE_DEPRECATION_WARNING to acknowledge that you have received this warning. (compiling source file M:\Torque2DCmake\engine\source\testing\unitTesting.cc)
  C:\Program Files (x86)\Microsoft Visual Studio\2017\Professional\VC\Tools\MSVC\14.16.27023\include\tuple(1333): note: see declaration of 'std::tr1' (compiling source file M:\Torque2DCmake\engine\source\testing\unitTesting.cc)
M:\Torque2DCmake\engine\source\testing\googleTest\include\gtest/gtest-printers.h(522): warning C4996: 'std::tr1': warning STL4002: The non-Standard std::tr1 namespace and TR1-only machinery are deprecated and will be REMOVED. You can define _SILENCE_TR1_NAMESPACE_DEPRECATION_WARNING to acknowledge that you have received this warning. (compiling source file M:\Torque2DCmake\engine\source\testing\unitTesting.cc)
  C:\Program Files (x86)\Microsoft Visual Studio\2017\Professional\VC\Tools\MSVC\14.16.27023\include\tuple(1333): note: see declaration of 'std::tr1' (compiling source file M:\Torque2DCmake\engine\source\testing\unitTesting.cc)
M:\Torque2DCmake\engine\source\testing\googleTest\include\gtest/gtest-printers.h(529): warning C4996: 'std::tr1': warning STL4002: The non-Standard std::tr1 namespace and TR1-only machinery are deprecated and will be REMOVED. You can define _SILENCE_TR1_NAMESPACE_DEPRECATION_WARNING to acknowledge that you have received this warning. (compiling source file M:\Torque2DCmake\engine\source\testing\unitTesting.cc)
  C:\Program Files (x86)\Microsoft Visual Studio\2017\Professional\VC\Tools\MSVC\14.16.27023\include\tuple(1333): note: see declaration of 'std::tr1' (compiling source file M:\Torque2DCmake\engine\source\testing\unitTesting.cc)
M:\Torque2DCmake\engine\source\testing\googleTest\include\gtest/gtest-printers.h(536): warning C4996: 'std::tr1': warning STL4002: The non-Standard std::tr1 namespace and TR1-only machinery are deprecated and will be REMOVED. You can define _SILENCE_TR1_NAMESPACE_DEPRECATION_WARNING to acknowledge that you have received this warning. (compiling source file M:\Torque2DCmake\engine\source\testing\unitTesting.cc)
  C:\Program Files (x86)\Microsoft Visual Studio\2017\Professional\VC\Tools\MSVC\14.16.27023\include\tuple(1333): note: see declaration of 'std::tr1' (compiling source file M:\Torque2DCmake\engine\source\testing\unitTesting.cc)
M:\Torque2DCmake\engine\source\testing\googleTest\include\gtest/gtest-printers.h(543): warning C4996: 'std::tr1': warning STL4002: The non-Standard std::tr1 namespace and TR1-only machinery are deprecated and will be REMOVED. You can define _SILENCE_TR1_NAMESPACE_DEPRECATION_WARNING to acknowledge that you have received this warning. (compiling source file M:\Torque2DCmake\engine\source\testing\unitTesting.cc)
  C:\Program Files (x86)\Microsoft Visual Studio\2017\Professional\VC\Tools\MSVC\14.16.27023\include\tuple(1333): note: see declaration of 'std::tr1' (compiling source file M:\Torque2DCmake\engine\source\testing\unitTesting.cc)
M:\Torque2DCmake\engine\source\testing\googleTest\include\gtest/gtest-printers.h(550): warning C4996: 'std::tr1': warning STL4002: The non-Standard std::tr1 namespace and TR1-only machinery are deprecated and will be REMOVED. You can define _SILENCE_TR1_NAMESPACE_DEPRECATION_WARNING to acknowledge that you have received this warning. (compiling source file M:\Torque2DCmake\engine\source\testing\unitTesting.cc)
  C:\Program Files (x86)\Microsoft Visual Studio\2017\Professional\VC\Tools\MSVC\14.16.27023\include\tuple(1333): note: see declaration of 'std::tr1' (compiling source file M:\Torque2DCmake\engine\source\testing\unitTesting.cc)
M:\Torque2DCmake\engine\source\testing\googleTest\include\gtest/gtest-printers.h(558): warning C4996: 'std::tr1': warning STL4002: The non-Standard std::tr1 namespace and TR1-only machinery are deprecated and will be REMOVED. You can define _SILENCE_TR1_NAMESPACE_DEPRECATION_WARNING to acknowledge that you have received this warning. (compiling source file M:\Torque2DCmake\engine\source\testing\unitTesting.cc)
  C:\Program Files (x86)\Microsoft Visual Studio\2017\Professional\VC\Tools\MSVC\14.16.27023\include\tuple(1333): note: see declaration of 'std::tr1' (compiling source file M:\Torque2DCmake\engine\source\testing\unitTesting.cc)
M:\Torque2DCmake\engine\source\testing\googleTest\include\gtest/internal/gtest-param-util-generated.h(2839): warning C4996: 'std::tr1': warning STL4002: The non-Standard std::tr1 namespace and TR1-only machinery are deprecated and will be REMOVED. You can define _SILENCE_TR1_NAMESPACE_DEPRECATION_WARNING to acknowledge that you have received this warning. (compiling source file M:\Torque2DCmake\engine\source\testing\tests\platformMemoryTests.cc)
  C:\Program Files (x86)\Microsoft Visual Studio\2017\Professional\VC\Tools\MSVC\14.16.27023\include\tuple(1333): note: see declaration of 'std::tr1' (compiling source file M:\Torque2DCmake\engine\source\testing\tests\platformMemoryTests.cc)
  M:\Torque2DCmake\engine\source\testing\googleTest\include\gtest/internal/gtest-param-util-generated.h(2949): note: see reference to class template instantiation 'testing::internal::CartesianProductGenerator2<T1,T2>' being compiled (compiling source file M:\Torque2DCmake\engine\source\testing\tests\platformMemoryTests.cc)
M:\Torque2DCmake\engine\source\testing\googleTest\include\gtest/internal/gtest-param-util-generated.h(2841): warning C4996: 'std::tr1': warning STL4002: The non-Standard std::tr1 namespace and TR1-only machinery are deprecated and will be REMOVED. You can define _SILENCE_TR1_NAMESPACE_DEPRECATION_WARNING to acknowledge that you have received this warning. (compiling source file M:\Torque2DCmake\engine\source\testing\tests\platformMemoryTests.cc)
  C:\Program Files (x86)\Microsoft Visual Studio\2017\Professional\VC\Tools\MSVC\14.16.27023\include\tuple(1333): note: see declaration of 'std::tr1' (compiling source file M:\Torque2DCmake\engine\source\testing\tests\platformMemoryTests.cc)
M:\Torque2DCmake\engine\source\testing\googleTest\include\gtest/internal/gtest-param-util-generated.h(2954): warning C4996: 'std::tr1': warning STL4002: The non-Standard std::tr1 namespace and TR1-only machinery are deprecated and will be REMOVED. You can define _SILENCE_TR1_NAMESPACE_DEPRECATION_WARNING to acknowledge that you have received this warning. (compiling source file M:\Torque2DCmake\engine\source\testing\tests\platformMemoryTests.cc)
  C:\Program Files (x86)\Microsoft Visual Studio\2017\Professional\VC\Tools\MSVC\14.16.27023\include\tuple(1333): note: see declaration of 'std::tr1' (compiling source file M:\Torque2DCmake\engine\source\testing\tests\platformMemoryTests.cc)
  M:\Torque2DCmake\engine\source\testing\googleTest\include\gtest/internal/gtest-param-util-generated.h(3081): note: see reference to class template instantiation 'testing::internal::CartesianProductGenerator3<T1,T2,T3>' being compiled (compiling source file M:\Torque2DCmake\engine\source\testing\tests\platformMemoryTests.cc)
M:\Torque2DCmake\engine\source\testing\googleTest\include\gtest/internal/gtest-param-util-generated.h(2956): warning C4996: 'std::tr1': warning STL4002: The non-Standard std::tr1 namespace and TR1-only machinery are deprecated and will be REMOVED. You can define _SILENCE_TR1_NAMESPACE_DEPRECATION_WARNING to acknowledge that you have received this warning. (compiling source file M:\Torque2DCmake\engine\source\testing\tests\platformMemoryTests.cc)
  C:\Program Files (x86)\Microsoft Visual Studio\2017\Professional\VC\Tools\MSVC\14.16.27023\include\tuple(1333): note: see declaration of 'std::tr1' (compiling source file M:\Torque2DCmake\engine\source\testing\tests\platformMemoryTests.cc)
M:\Torque2DCmake\engine\source\testing\googleTest\include\gtest/internal/gtest-param-util-generated.h(3086): warning C4996: 'std::tr1': warning STL4002: The non-Standard std::tr1 namespace and TR1-only machinery are deprecated and will be REMOVED. You can define _SILENCE_TR1_NAMESPACE_DEPRECATION_WARNING to acknowledge that you have received this warning. (compiling source file M:\Torque2DCmake\engine\source\testing\tests\platformMemoryTests.cc)
  C:\Program Files (x86)\Microsoft Visual Studio\2017\Professional\VC\Tools\MSVC\14.16.27023\include\tuple(1333): note: see declaration of 'std::tr1' (compiling source file M:\Torque2DCmake\engine\source\testing\tests\platformMemoryTests.cc)
  M:\Torque2DCmake\engine\source\testing\googleTest\include\gtest/internal/gtest-param-util-generated.h(3232): note: see reference to class template instantiation 'testing::internal::CartesianProductGenerator4<T1,T2,T3,T4>' being compiled (compiling source file M:\Torque2DCmake\engine\source\testing\tests\platformMemoryTests.cc)
M:\Torque2DCmake\engine\source\testing\googleTest\include\gtest/internal/gtest-param-util-generated.h(3088): warning C4996: 'std::tr1': warning STL4002: The non-Standard std::tr1 namespace and TR1-only machinery are deprecated and will be REMOVED. You can define _SILENCE_TR1_NAMESPACE_DEPRECATION_WARNING to acknowledge that you have received this warning. (compiling source file M:\Torque2DCmake\engine\source\testing\tests\platformMemoryTests.cc)
  C:\Program Files (x86)\Microsoft Visual Studio\2017\Professional\VC\Tools\MSVC\14.16.27023\include\tuple(1333): note: see declaration of 'std::tr1' (compiling source file M:\Torque2DCmake\engine\source\testing\tests\platformMemoryTests.cc)
M:\Torque2DCmake\engine\source\testing\googleTest\include\gtest/internal/gtest-param-util-generated.h(3237): warning C4996: 'std::tr1': warning STL4002: The non-Standard std::tr1 namespace and TR1-only machinery are deprecated and will be REMOVED. You can define _SILENCE_TR1_NAMESPACE_DEPRECATION_WARNING to acknowledge that you have received this warning. (compiling source file M:\Torque2DCmake\engine\source\testing\tests\platformMemoryTests.cc)
  C:\Program Files (x86)\Microsoft Visual Studio\2017\Professional\VC\Tools\MSVC\14.16.27023\include\tuple(1333): note: see declaration of 'std::tr1' (compiling source file M:\Torque2DCmake\engine\source\testing\tests\platformMemoryTests.cc)
  M:\Torque2DCmake\engine\source\testing\googleTest\include\gtest/internal/gtest-param-util-generated.h(3399): note: see reference to class template instantiation 'testing::internal::CartesianProductGenerator5<T1,T2,T3,T4,T5>' being compiled (compiling source file M:\Torque2DCmake\engine\source\testing\tests\platformMemoryTests.cc)
M:\Torque2DCmake\engine\source\testing\googleTest\include\gtest/internal/gtest-param-util-generated.h(3239): warning C4996: 'std::tr1': warning STL4002: The non-Standard std::tr1 namespace and TR1-only machinery are deprecated and will be REMOVED. You can define _SILENCE_TR1_NAMESPACE_DEPRECATION_WARNING to acknowledge that you have received this warning. (compiling source file M:\Torque2DCmake\engine\source\testing\tests\platformMemoryTests.cc)
  C:\Program Files (x86)\Microsoft Visual Studio\2017\Professional\VC\Tools\MSVC\14.16.27023\include\tuple(1333): note: see declaration of 'std::tr1' (compiling source file M:\Torque2DCmake\engine\source\testing\tests\platformMemoryTests.cc)
M:\Torque2DCmake\engine\source\testing\googleTest\include\gtest/internal/gtest-param-util-generated.h(3405): warning C4996: 'std::tr1': warning STL4002: The non-Standard std::tr1 namespace and TR1-only machinery are deprecated and will be REMOVED. You can define _SILENCE_TR1_NAMESPACE_DEPRECATION_WARNING to acknowledge that you have received this warning. (compiling source file M:\Torque2DCmake\engine\source\testing\tests\platformMemoryTests.cc)
  C:\Program Files (x86)\Microsoft Visual Studio\2017\Professional\VC\Tools\MSVC\14.16.27023\include\tuple(1333): note: see declaration of 'std::tr1' (compiling source file M:\Torque2DCmake\engine\source\testing\tests\platformMemoryTests.cc)
  M:\Torque2DCmake\engine\source\testing\googleTest\include\gtest/internal/gtest-param-util-generated.h(3585): note: see reference to class template instantiation 'testing::internal::CartesianProductGenerator6<T1,T2,T3,T4,T5,T6>' being compiled (compiling source file M:\Torque2DCmake\engine\source\testing\tests\platformMemoryTests.cc)
M:\Torque2DCmake\engine\source\testing\googleTest\include\gtest/internal/gtest-param-util-generated.h(3408): warning C4996: 'std::tr1': warning STL4002: The non-Standard std::tr1 namespace and TR1-only machinery are deprecated and will be REMOVED. You can define _SILENCE_TR1_NAMESPACE_DEPRECATION_WARNING to acknowledge that you have received this warning. (compiling source file M:\Torque2DCmake\engine\source\testing\tests\platformMemoryTests.cc)
  C:\Program Files (x86)\Microsoft Visual Studio\2017\Professional\VC\Tools\MSVC\14.16.27023\include\tuple(1333): note: see declaration of 'std::tr1' (compiling source file M:\Torque2DCmake\engine\source\testing\tests\platformMemoryTests.cc)
M:\Torque2DCmake\engine\source\testing\googleTest\include\gtest/internal/gtest-param-util-generated.h(3591): warning C4996: 'std::tr1': warning STL4002: The non-Standard std::tr1 namespace and TR1-only machinery are deprecated and will be REMOVED. You can define _SILENCE_TR1_NAMESPACE_DEPRECATION_WARNING to acknowledge that you have received this warning. (compiling source file M:\Torque2DCmake\engine\source\testing\tests\platformMemoryTests.cc)
  C:\Program Files (x86)\Microsoft Visual Studio\2017\Professional\VC\Tools\MSVC\14.16.27023\include\tuple(1333): note: see declaration of 'std::tr1' (compiling source file M:\Torque2DCmake\engine\source\testing\tests\platformMemoryTests.cc)
  M:\Torque2DCmake\engine\source\testing\googleTest\include\gtest/internal/gtest-param-util-generated.h(3788): note: see reference to class template instantiation 'testing::internal::CartesianProductGenerator7<T1,T2,T3,T4,T5,T6,T7>' being compiled (compiling source file M:\Torque2DCmake\engine\source\testing\tests\platformMemoryTests.cc)
M:\Torque2DCmake\engine\source\testing\googleTest\include\gtest/internal/gtest-param-util-generated.h(3594): warning C4996: 'std::tr1': warning STL4002: The non-Standard std::tr1 namespace and TR1-only machinery are deprecated and will be REMOVED. You can define _SILENCE_TR1_NAMESPACE_DEPRECATION_WARNING to acknowledge that you have received this warning. (compiling source file M:\Torque2DCmake\engine\source\testing\tests\platformMemoryTests.cc)
  C:\Program Files (x86)\Microsoft Visual Studio\2017\Professional\VC\Tools\MSVC\14.16.27023\include\tuple(1333): note: see declaration of 'std::tr1' (compiling source file M:\Torque2DCmake\engine\source\testing\tests\platformMemoryTests.cc)
M:\Torque2DCmake\engine\source\testing\googleTest\include\gtest/internal/gtest-param-util-generated.h(2839): warning C4996: 'std::tr1': warning STL4002: The non-Standard std::tr1 namespace and TR1-only machinery are deprecated and will be REMOVED. You can define _SILENCE_TR1_NAMESPACE_DEPRECATION_WARNING to acknowledge that you have received this warning. (compiling source file M:\Torque2DCmake\engine\source\testing\tests\platformStringTests.cc)
M:\Torque2DCmake\engine\source\testing\googleTest\include\gtest/internal/gtest-param-util-generated.h(3794): warning C4996: 'std::tr1': warning STL4002: The non-Standard std::tr1 namespace and TR1-only machinery are deprecated and will be REMOVED. You can define _SILENCE_TR1_NAMESPACE_DEPRECATION_WARNING to acknowledge that you have received this warning. (compiling source file M:\Torque2DCmake\engine\source\testing\tests\platformMemoryTests.cc)
  C:\Program Files (x86)\Microsoft Visual Studio\2017\Professional\VC\Tools\MSVC\14.16.27023\include\tuple(1333): note: see declaration of 'std::tr1' (compiling source file M:\Torque2DCmake\engine\source\testing\tests\platformStringTests.cc)
  C:\Program Files (x86)\Microsoft Visual Studio\2017\Professional\VC\Tools\MSVC\14.16.27023\include\tuple(1333): note: see declaration of 'std::tr1' (compiling source file M:\Torque2DCmake\engine\source\testing\tests\platformMemoryTests.cc)
  M:\Torque2DCmake\engine\source\testing\googleTest\include\gtest/internal/gtest-param-util-generated.h(2949): note: see reference to class template instantiation 'testing::internal::CartesianProductGenerator2<T1,T2>' being compiled (compiling source file M:\Torque2DCmake\engine\source\testing\tests\platformStringTests.cc)
  M:\Torque2DCmake\engine\source\testing\googleTest\include\gtest/internal/gtest-param-util-generated.h(4010): note: see reference to class template instantiation 'testing::internal::CartesianProductGenerator8<T1,T2,T3,T4,T5,T6,T7,T8>' being compiled (compiling source file M:\Torque2DCmake\engine\source\testing\tests\platformMemoryTests.cc)
M:\Torque2DCmake\engine\source\testing\googleTest\include\gtest/internal/gtest-param-util-generated.h(2841): warning C4996: 'std::tr1': warning STL4002: The non-Standard std::tr1 namespace and TR1-only machinery are deprecated and will be REMOVED. You can define _SILENCE_TR1_NAMESPACE_DEPRECATION_WARNING to acknowledge that you have received this warning. (compiling source file M:\Torque2DCmake\engine\source\testing\tests\platformStringTests.cc)
  C:\Program Files (x86)\Microsoft Visual Studio\2017\Professional\VC\Tools\MSVC\14.16.27023\include\tuple(1333): note: see declaration of 'std::tr1' (compiling source file M:\Torque2DCmake\engine\source\testing\tests\platformStringTests.cc)
M:\Torque2DCmake\engine\source\testing\googleTest\include\gtest/internal/gtest-param-util-generated.h(2954): warning C4996: 'std::tr1': warning STL4002: The non-Standard std::tr1 namespace and TR1-only machinery are deprecated and will be REMOVED. You can define _SILENCE_TR1_NAMESPACE_DEPRECATION_WARNING to acknowledge that you have received this warning. (compiling source file M:\Torque2DCmake\engine\source\testing\tests\platformStringTests.cc)
  C:\Program Files (x86)\Microsoft Visual Studio\2017\Professional\VC\Tools\MSVC\14.16.27023\include\tuple(1333): note: see declaration of 'std::tr1' (compiling source file M:\Torque2DCmake\engine\source\testing\tests\platformStringTests.cc)
  M:\Torque2DCmake\engine\source\testing\googleTest\include\gtest/internal/gtest-param-util-generated.h(3081): note: see reference to class template instantiation 'testing::internal::CartesianProductGenerator3<T1,T2,T3>' being compiled (compiling source file M:\Torque2DCmake\engine\source\testing\tests\platformStringTests.cc)
M:\Torque2DCmake\engine\source\testing\googleTest\include\gtest/internal/gtest-param-util-generated.h(2956): warning C4996: 'std::tr1': warning STL4002: The non-Standard std::tr1 namespace and TR1-only machinery are deprecated and will be REMOVED. You can define _SILENCE_TR1_NAMESPACE_DEPRECATION_WARNING to acknowledge that you have received this warning. (compiling source file M:\Torque2DCmake\engine\source\testing\tests\platformStringTests.cc)
  C:\Program Files (x86)\Microsoft Visual Studio\2017\Professional\VC\Tools\MSVC\14.16.27023\include\tuple(1333): note: see declaration of 'std::tr1' (compiling source file M:\Torque2DCmake\engine\source\testing\tests\platformStringTests.cc)
M:\Torque2DCmake\engine\source\testing\googleTest\include\gtest/internal/gtest-param-util-generated.h(3086): warning C4996: 'std::tr1': warning STL4002: The non-Standard std::tr1 namespace and TR1-only machinery are deprecated and will be REMOVED. You can define _SILENCE_TR1_NAMESPACE_DEPRECATION_WARNING to acknowledge that you have received this warning. (compiling source file M:\Torque2DCmake\engine\source\testing\tests\platformStringTests.cc)
  C:\Program Files (x86)\Microsoft Visual Studio\2017\Professional\VC\Tools\MSVC\14.16.27023\include\tuple(1333): note: see declaration of 'std::tr1' (compiling source file M:\Torque2DCmake\engine\source\testing\tests\platformStringTests.cc)
  M:\Torque2DCmake\engine\source\testing\googleTest\include\gtest/internal/gtest-param-util-generated.h(3232): note: see reference to class template instantiation 'testing::internal::CartesianProductGenerator4<T1,T2,T3,T4>' being compiled (compiling source file M:\Torque2DCmake\engine\source\testing\tests\platformStringTests.cc)
M:\Torque2DCmake\engine\source\testing\googleTest\include\gtest/internal/gtest-param-util-generated.h(3088): warning C4996: 'std::tr1': warning STL4002: The non-Standard std::tr1 namespace and TR1-only machinery are deprecated and will be REMOVED. You can define _SILENCE_TR1_NAMESPACE_DEPRECATION_WARNING to acknowledge that you have received this warning. (compiling source file M:\Torque2DCmake\engine\source\testing\tests\platformStringTests.cc)
  C:\Program Files (x86)\Microsoft Visual Studio\2017\Professional\VC\Tools\MSVC\14.16.27023\include\tuple(1333): note: see declaration of 'std::tr1' (compiling source file M:\Torque2DCmake\engine\source\testing\tests\platformStringTests.cc)
M:\Torque2DCmake\engine\source\testing\googleTest\include\gtest/internal/gtest-param-util-generated.h(3237): warning C4996: 'std::tr1': warning STL4002: The non-Standard std::tr1 namespace and TR1-only machinery are deprecated and will be REMOVED. You can define _SILENCE_TR1_NAMESPACE_DEPRECATION_WARNING to acknowledge that you have received this warning. (compiling source file M:\Torque2DCmake\engine\source\testing\tests\platformStringTests.cc)
  C:\Program Files (x86)\Microsoft Visual Studio\2017\Professional\VC\Tools\MSVC\14.16.27023\include\tuple(1333): note: see declaration of 'std::tr1' (compiling source file M:\Torque2DCmake\engine\source\testing\tests\platformStringTests.cc)
  M:\Torque2DCmake\engine\source\testing\googleTest\include\gtest/internal/gtest-param-util-generated.h(3399): note: see reference to class template instantiation 'testing::internal::CartesianProductGenerator5<T1,T2,T3,T4,T5>' being compiled (compiling source file M:\Torque2DCmake\engine\source\testing\tests\platformStringTests.cc)
M:\Torque2DCmake\engine\source\testing\googleTest\include\gtest/internal/gtest-param-util-generated.h(3239): warning C4996: 'std::tr1': warning STL4002: The non-Standard std::tr1 namespace and TR1-only machinery are deprecated and will be REMOVED. You can define _SILENCE_TR1_NAMESPACE_DEPRECATION_WARNING to acknowledge that you have received this warning. (compiling source file M:\Torque2DCmake\engine\source\testing\tests\platformStringTests.cc)
  C:\Program Files (x86)\Microsoft Visual Studio\2017\Professional\VC\Tools\MSVC\14.16.27023\include\tuple(1333): note: see declaration of 'std::tr1' (compiling source file M:\Torque2DCmake\engine\source\testing\tests\platformStringTests.cc)
M:\Torque2DCmake\engine\source\testing\googleTest\include\gtest/internal/gtest-param-util-generated.h(3405): warning C4996: 'std::tr1': warning STL4002: The non-Standard std::tr1 namespace and TR1-only machinery are deprecated and will be REMOVED. You can define _SILENCE_TR1_NAMESPACE_DEPRECATION_WARNING to acknowledge that you have received this warning. (compiling source file M:\Torque2DCmake\engine\source\testing\tests\platformStringTests.cc)
  C:\Program Files (x86)\Microsoft Visual Studio\2017\Professional\VC\Tools\MSVC\14.16.27023\include\tuple(1333): note: see declaration of 'std::tr1' (compiling source file M:\Torque2DCmake\engine\source\testing\tests\platformStringTests.cc)
  M:\Torque2DCmake\engine\source\testing\googleTest\include\gtest/internal/gtest-param-util-generated.h(3585): note: see reference to class template instantiation 'testing::internal::CartesianProductGenerator6<T1,T2,T3,T4,T5,T6>' being compiled (compiling source file M:\Torque2DCmake\engine\source\testing\tests\platformStringTests.cc)
M:\Torque2DCmake\engine\source\testing\googleTest\include\gtest/internal/gtest-param-util-generated.h(3408): warning C4996: 'std::tr1': warning STL4002: The non-Standard std::tr1 namespace and TR1-only machinery are deprecated and will be REMOVED. You can define _SILENCE_TR1_NAMESPACE_DEPRECATION_WARNING to acknowledge that you have received this warning. (compiling source file M:\Torque2DCmake\engine\source\testing\tests\platformStringTests.cc)
  C:\Program Files (x86)\Microsoft Visual Studio\2017\Professional\VC\Tools\MSVC\14.16.27023\include\tuple(1333): note: see declaration of 'std::tr1' (compiling source file M:\Torque2DCmake\engine\source\testing\tests\platformStringTests.cc)
M:\Torque2DCmake\engine\source\testing\googleTest\include\gtest/internal/gtest-param-util-generated.h(3591): warning C4996: 'std::tr1': warning STL4002: The non-Standard std::tr1 namespace and TR1-only machinery are deprecated and will be REMOVED. You can define _SILENCE_TR1_NAMESPACE_DEPRECATION_WARNING to acknowledge that you have received this warning. (compiling source file M:\Torque2DCmake\engine\source\testing\tests\platformStringTests.cc)
  C:\Program Files (x86)\Microsoft Visual Studio\2017\Professional\VC\Tools\MSVC\14.16.27023\include\tuple(1333): note: see declaration of 'std::tr1' (compiling source file M:\Torque2DCmake\engine\source\testing\tests\platformStringTests.cc)
  M:\Torque2DCmake\engine\source\testing\googleTest\include\gtest/internal/gtest-param-util-generated.h(3788): note: see reference to class template instantiation 'testing::internal::CartesianProductGenerator7<T1,T2,T3,T4,T5,T6,T7>' being compiled (compiling source file M:\Torque2DCmake\engine\source\testing\tests\platformStringTests.cc)
M:\Torque2DCmake\engine\source\testing\googleTest\include\gtest/internal/gtest-param-util-generated.h(3594): warning C4996: 'std::tr1': warning STL4002: The non-Standard std::tr1 namespace and TR1-only machinery are deprecated and will be REMOVED. You can define _SILENCE_TR1_NAMESPACE_DEPRECATION_WARNING to acknowledge that you have received this warning. (compiling source file M:\Torque2DCmake\engine\source\testing\tests\platformStringTests.cc)
  C:\Program Files (x86)\Microsoft Visual Studio\2017\Professional\VC\Tools\MSVC\14.16.27023\include\tuple(1333): note: see declaration of 'std::tr1' (compiling source file M:\Torque2DCmake\engine\source\testing\tests\platformStringTests.cc)
M:\Torque2DCmake\engine\source\testing\googleTest\include\gtest/internal/gtest-param-util-generated.h(3794): warning C4996: 'std::tr1': warning STL4002: The non-Standard std::tr1 namespace and TR1-only machinery are deprecated and will be REMOVED. You can define _SILENCE_TR1_NAMESPACE_DEPRECATION_WARNING to acknowledge that you have received this warning. (compiling source file M:\Torque2DCmake\engine\source\testing\tests\platformStringTests.cc)
  C:\Program Files (x86)\Microsoft Visual Studio\2017\Professional\VC\Tools\MSVC\14.16.27023\include\tuple(1333): note: see declaration of 'std::tr1' (compiling source file M:\Torque2DCmake\engine\source\testing\tests\platformStringTests.cc)
  M:\Torque2DCmake\engine\source\testing\googleTest\include\gtest/internal/gtest-param-util-generated.h(4010): note: see reference to class template instantiation 'testing::internal::CartesianProductGenerator8<T1,T2,T3,T4,T5,T6,T7,T8>' being compiled (compiling source file M:\Torque2DCmake\engine\source\testing\tests\platformStringTests.cc)
M:\Torque2DCmake\engine\source\testing\googleTest\include\gtest/internal/gtest-param-util-generated.h(3797): warning C4996: 'std::tr1': warning STL4002: The non-Standard std::tr1 namespace and TR1-only machinery are deprecated and will be REMOVED. You can define _SILENCE_TR1_NAMESPACE_DEPRECATION_WARNING to acknowledge that you have received this warning. (compiling source file M:\Torque2DCmake\engine\source\testing\tests\platformStringTests.cc)
  C:\Program Files (x86)\Microsoft Visual Studio\2017\Professional\VC\Tools\MSVC\14.16.27023\include\tuple(1333): note: see declaration of 'std::tr1' (compiling source file M:\Torque2DCmake\engine\source\testing\tests\platformStringTests.cc)
M:\Torque2DCmake\engine\source\testing\googleTest\include\gtest/internal/gtest-param-util-generated.h(4016): warning C4996: 'std::tr1': warning STL4002: The non-Standard std::tr1 namespace and TR1-only machinery are deprecated and will be REMOVED. You can define _SILENCE_TR1_NAMESPACE_DEPRECATION_WARNING to acknowledge that you have received this warning. (compiling source file M:\Torque2DCmake\engine\source\testing\tests\platformStringTests.cc)
  C:\Program Files (x86)\Microsoft Visual Studio\2017\Professional\VC\Tools\MSVC\14.16.27023\include\tuple(1333): note: see declaration of 'std::tr1' (compiling source file M:\Torque2DCmake\engine\source\testing\tests\platformStringTests.cc)
  M:\Torque2DCmake\engine\source\testing\googleTest\include\gtest/internal/gtest-param-util-generated.h(4249): note: see reference to class template instantiation 'testing::internal::CartesianProductGenerator9<T1,T2,T3,T4,T5,T6,T7,T8,T9>' being compiled (compiling source file M:\Torque2DCmake\engine\source\testing\tests\platformStringTests.cc)
M:\Torque2DCmake\engine\source\testing\googleTest\include\gtest/internal/gtest-param-util-generated.h(4019): warning C4996: 'std::tr1': warning STL4002: The non-Standard std::tr1 namespace and TR1-only machinery are deprecated and will be REMOVED. You can define _SILENCE_TR1_NAMESPACE_DEPRECATION_WARNING to acknowledge that you have received this warning. (compiling source file M:\Torque2DCmake\engine\source\testing\tests\platformStringTests.cc)
  C:\Program Files (x86)\Microsoft Visual Studio\2017\Professional\VC\Tools\MSVC\14.16.27023\include\tuple(1333): note: see declaration of 'std::tr1' (compiling source file M:\Torque2DCmake\engine\source\testing\tests\platformStringTests.cc)
M:\Torque2DCmake\engine\source\testing\googleTest\include\gtest/internal/gtest-param-util-generated.h(3797): warning C4996: 'std::tr1': warning STL4002: The non-Standard std::tr1 namespace and TR1-only machinery are deprecated and will be REMOVED. You can define _SILENCE_TR1_NAMESPACE_DEPRECATION_WARNING to acknowledge that you have received this warning. (compiling source file M:\Torque2DCmake\engine\source\testing\tests\platformMemoryTests.cc)
  C:\Program Files (x86)\Microsoft Visual Studio\2017\Professional\VC\Tools\MSVC\14.16.27023\include\tuple(1333): note: see declaration of 'std::tr1' (compiling source file M:\Torque2DCmake\engine\source\testing\tests\platformMemoryTests.cc)
M:\Torque2DCmake\engine\source\testing\googleTest\include\gtest/internal/gtest-param-util-generated.h(4255): warning C4996: 'std::tr1': warning STL4002: The non-Standard std::tr1 namespace and TR1-only machinery are deprecated and will be REMOVED. You can define _SILENCE_TR1_NAMESPACE_DEPRECATION_WARNING to acknowledge that you have received this warning. (compiling source file M:\Torque2DCmake\engine\source\testing\tests\platformStringTests.cc)
  C:\Program Files (x86)\Microsoft Visual Studio\2017\Professional\VC\Tools\MSVC\14.16.27023\include\tuple(1333): note: see declaration of 'std::tr1' (compiling source file M:\Torque2DCmake\engine\source\testing\tests\platformStringTests.cc)
  M:\Torque2DCmake\engine\source\testing\googleTest\include\gtest/internal/gtest-param-util-generated.h(4505): note: see reference to class template instantiation 'testing::internal::CartesianProductGenerator10<T1,T2,T3,T4,T5,T6,T7,T8,T9,T10>' being compiled (compiling source file M:\Torque2DCmake\engine\source\testing\tests\platformStringTests.cc)
M:\Torque2DCmake\engine\source\testing\googleTest\include\gtest/internal/gtest-param-util-generated.h(4258): warning C4996: 'std::tr1': warning STL4002: The non-Standard std::tr1 namespace and TR1-only machinery are deprecated and will be REMOVED. You can define _SILENCE_TR1_NAMESPACE_DEPRECATION_WARNING to acknowledge that you have received this warning. (compiling source file M:\Torque2DCmake\engine\source\testing\tests\platformStringTests.cc)
  C:\Program Files (x86)\Microsoft Visual Studio\2017\Professional\VC\Tools\MSVC\14.16.27023\include\tuple(1333): note: see declaration of 'std::tr1' (compiling source file M:\Torque2DCmake\engine\source\testing\tests\platformStringTests.cc)
M:\Torque2DCmake\engine\source\testing\googleTest\include\gtest/internal/gtest-param-util-generated.h(2839): warning C4996: 'std::tr1': warning STL4002: The non-Standard std::tr1 namespace and TR1-only machinery are deprecated and will be REMOVED. You can define _SILENCE_TR1_NAMESPACE_DEPRECATION_WARNING to acknowledge that you have received this warning. (compiling source file M:\Torque2DCmake\engine\source\testing\unitTesting.cc)
  C:\Program Files (x86)\Microsoft Visual Studio\2017\Professional\VC\Tools\MSVC\14.16.27023\include\tuple(1333): note: see declaration of 'std::tr1' (compiling source file M:\Torque2DCmake\engine\source\testing\unitTesting.cc)
  M:\Torque2DCmake\engine\source\testing\googleTest\include\gtest/internal/gtest-param-util-generated.h(2949): note: see reference to class template instantiation 'testing::internal::CartesianProductGenerator2<T1,T2>' being compiled (compiling source file M:\Torque2DCmake\engine\source\testing\unitTesting.cc)
M:\Torque2DCmake\engine\source\testing\googleTest\include\gtest/internal/gtest-param-util-generated.h(2841): warning C4996: 'std::tr1': warning STL4002: The non-Standard std::tr1 namespace and TR1-only machinery are deprecated and will be REMOVED. You can define _SILENCE_TR1_NAMESPACE_DEPRECATION_WARNING to acknowledge that you have received this warning. (compiling source file M:\Torque2DCmake\engine\source\testing\unitTesting.cc)
  C:\Program Files (x86)\Microsoft Visual Studio\2017\Professional\VC\Tools\MSVC\14.16.27023\include\tuple(1333): note: see declaration of 'std::tr1' (compiling source file M:\Torque2DCmake\engine\source\testing\unitTesting.cc)
M:\Torque2DCmake\engine\source\testing\googleTest\include\gtest/internal/gtest-param-util-generated.h(4520): warning C4996: 'std::tr1': warning STL4002: The non-Standard std::tr1 namespace and TR1-only machinery are deprecated and will be REMOVED. You can define _SILENCE_TR1_NAMESPACE_DEPRECATION_WARNING to acknowledge that you have received this warning. (compiling source file M:\Torque2DCmake\engine\source\testing\tests\platformStringTests.cc)
  C:\Program Files (x86)\Microsoft Visual Studio\2017\Professional\VC\Tools\MSVC\14.16.27023\include\tuple(1333): note: see declaration of 'std::tr1' (compiling source file M:\Torque2DCmake\engine\source\testing\tests\platformStringTests.cc)
  M:\Torque2DCmake\engine\source\testing\googleTest\include\gtest/internal/gtest-param-util-generated.h(4533): note: see reference to class template instantiation 'testing::internal::CartesianProductHolder2<Generator1,Generator2>' being compiled (compiling source file M:\Torque2DCmake\engine\source\testing\tests\platformStringTests.cc)
M:\Torque2DCmake\engine\source\testing\googleTest\include\gtest/internal/gtest-param-util-generated.h(2954): warning C4996: 'std::tr1': warning STL4002: The non-Standard std::tr1 namespace and TR1-only machinery are deprecated and will be REMOVED. You can define _SILENCE_TR1_NAMESPACE_DEPRECATION_WARNING to acknowledge that you have received this warning. (compiling source file M:\Torque2DCmake\engine\source\testing\unitTesting.cc)
M:\Torque2DCmake\engine\source\testing\googleTest\include\gtest/internal/gtest-param-util-generated.h(4542): warning C4996: 'std::tr1': warning STL4002: The non-Standard std::tr1 namespace and TR1-only machinery are deprecated and will be REMOVED. You can define _SILENCE_TR1_NAMESPACE_DEPRECATION_WARNING to acknowledge that you have received this warning. (compiling source file M:\Torque2DCmake\engine\source\testing\tests\platformStringTests.cc)
  C:\Program Files (x86)\Microsoft Visual Studio\2017\Professional\VC\Tools\MSVC\14.16.27023\include\tuple(1333): note: see declaration of 'std::tr1' (compiling source file M:\Torque2DCmake\engine\source\testing\unitTesting.cc)
  C:\Program Files (x86)\Microsoft Visual Studio\2017\Professional\VC\Tools\MSVC\14.16.27023\include\tuple(1333): note: see declaration of 'std::tr1' (compiling source file M:\Torque2DCmake\engine\source\testing\tests\platformStringTests.cc)
  M:\Torque2DCmake\engine\source\testing\googleTest\include\gtest/internal/gtest-param-util-generated.h(3081): note: see reference to class template instantiation 'testing::internal::CartesianProductGenerator3<T1,T2,T3>' being compiled (compiling source file M:\Torque2DCmake\engine\source\testing\unitTesting.cc)
  M:\Torque2DCmake\engine\source\testing\googleTest\include\gtest/internal/gtest-param-util-generated.h(4557): note: see reference to class template instantiation 'testing::internal::CartesianProductHolder3<Generator1,Generator2,Generator3>' being compiled (compiling source file M:\Torque2DCmake\engine\source\testing\tests\platformStringTests.cc)
M:\Torque2DCmake\engine\source\testing\googleTest\include\gtest/internal/gtest-param-util-generated.h(2956): warning C4996: 'std::tr1': warning STL4002: The non-Standard std::tr1 namespace and TR1-only machinery are deprecated and will be REMOVED. You can define _SILENCE_TR1_NAMESPACE_DEPRECATION_WARNING to acknowledge that you have received this warning. (compiling source file M:\Torque2DCmake\engine\source\testing\unitTesting.cc)
M:\Torque2DCmake\engine\source\testing\googleTest\include\gtest/internal/gtest-param-util-generated.h(4567): warning C4996: 'std::tr1': warning STL4002: The non-Standard std::tr1 namespace and TR1-only machinery are deprecated and will be REMOVED. You can define _SILENCE_TR1_NAMESPACE_DEPRECATION_WARNING to acknowledge that you have received this warning. (compiling source file M:\Torque2DCmake\engine\source\testing\tests\platformStringTests.cc)
  C:\Program Files (x86)\Microsoft Visual Studio\2017\Professional\VC\Tools\MSVC\14.16.27023\include\tuple(1333): note: see declaration of 'std::tr1' (compiling source file M:\Torque2DCmake\engine\source\testing\tests\platformStringTests.cc)
  C:\Program Files (x86)\Microsoft Visual Studio\2017\Professional\VC\Tools\MSVC\14.16.27023\include\tuple(1333): note: see declaration of 'std::tr1' (compiling source file M:\Torque2DCmake\engine\source\testing\unitTesting.cc)
  M:\Torque2DCmake\engine\source\testing\googleTest\include\gtest/internal/gtest-param-util-generated.h(4584): note: see reference to class template instantiation 'testing::internal::CartesianProductHolder4<Generator1,Generator2,Generator3,Generator4>' being compiled (compiling source file M:\Torque2DCmake\engine\source\testing\tests\platformStringTests.cc)
M:\Torque2DCmake\engine\source\testing\googleTest\include\gtest/internal/gtest-param-util-generated.h(4016): warning C4996: 'std::tr1': warning STL4002: The non-Standard std::tr1 namespace and TR1-only machinery are deprecated and will be REMOVED. You can define _SILENCE_TR1_NAMESPACE_DEPRECATION_WARNING to acknowledge that you have received this warning. (compiling source file M:\Torque2DCmake\engine\source\testing\tests\platformMemoryTests.cc)
  C:\Program Files (x86)\Microsoft Visual Studio\2017\Professional\VC\Tools\MSVC\14.16.27023\include\tuple(1333): note: see declaration of 'std::tr1' (compiling source file M:\Torque2DCmake\engine\source\testing\tests\platformMemoryTests.cc)
M:\Torque2DCmake\engine\source\testing\googleTest\include\gtest/internal/gtest-param-util-generated.h(4594): warning C4996: 'std::tr1': warning STL4002: The non-Standard std::tr1 namespace and TR1-only machinery are deprecated and will be REMOVED. You can define _SILENCE_TR1_NAMESPACE_DEPRECATION_WARNING to acknowledge that you have received this warning. (compiling source file M:\Torque2DCmake\engine\source\testing\tests\platformStringTests.cc)
  M:\Torque2DCmake\engine\source\testing\googleTest\include\gtest/internal/gtest-param-util-generated.h(4249): note: see reference to class template instantiation 'testing::internal::CartesianProductGenerator9<T1,T2,T3,T4,T5,T6,T7,T8,T9>' being compiled (compiling source file M:\Torque2DCmake\engine\source\testing\tests\platformMemoryTests.cc)
  C:\Program Files (x86)\Microsoft Visual Studio\2017\Professional\VC\Tools\MSVC\14.16.27023\include\tuple(1333): note: see declaration of 'std::tr1' (compiling source file M:\Torque2DCmake\engine\source\testing\tests\platformStringTests.cc)
  M:\Torque2DCmake\engine\source\testing\googleTest\include\gtest/internal/gtest-param-util-generated.h(4613): note: see reference to class template instantiation 'testing::internal::CartesianProductHolder5<Generator1,Generator2,Generator3,Generator4,Generator5>' being compiled (compiling source file M:\Torque2DCmake\engine\source\testing\tests\platformStringTests.cc)
M:\Torque2DCmake\engine\source\testing\googleTest\include\gtest/internal/gtest-param-util-generated.h(4019): warning C4996: 'std::tr1': warning STL4002: The non-Standard std::tr1 namespace and TR1-only machinery are deprecated and will be REMOVED. You can define _SILENCE_TR1_NAMESPACE_DEPRECATION_WARNING to acknowledge that you have received this warning. (compiling source file M:\Torque2DCmake\engine\source\testing\tests\platformMemoryTests.cc)
  C:\Program Files (x86)\Microsoft Visual Studio\2017\Professional\VC\Tools\MSVC\14.16.27023\include\tuple(1333): note: see declaration of 'std::tr1' (compiling source file M:\Torque2DCmake\engine\source\testing\tests\platformMemoryTests.cc)
M:\Torque2DCmake\engine\source\testing\googleTest\include\gtest/internal/gtest-param-util-generated.h(4625): warning C4996: 'std::tr1': warning STL4002: The non-Standard std::tr1 namespace and TR1-only machinery are deprecated and will be REMOVED. You can define _SILENCE_TR1_NAMESPACE_DEPRECATION_WARNING to acknowledge that you have received this warning. (compiling source file M:\Torque2DCmake\engine\source\testing\tests\platformStringTests.cc)
M:\Torque2DCmake\engine\source\testing\googleTest\include\gtest/internal/gtest-param-util-generated.h(3086): warning C4996: 'std::tr1': warning STL4002: The non-Standard std::tr1 namespace and TR1-only machinery are deprecated and will be REMOVED. You can define _SILENCE_TR1_NAMESPACE_DEPRECATION_WARNING to acknowledge that you have received this warning. (compiling source file M:\Torque2DCmake\engine\source\testing\unitTesting.cc)
  C:\Program Files (x86)\Microsoft Visual Studio\2017\Professional\VC\Tools\MSVC\14.16.27023\include\tuple(1333): note: see declaration of 'std::tr1' (compiling source file M:\Torque2DCmake\engine\source\testing\tests\platformStringTests.cc)
  C:\Program Files (x86)\Microsoft Visual Studio\2017\Professional\VC\Tools\MSVC\14.16.27023\include\tuple(1333): note: see declaration of 'std::tr1' (compiling source file M:\Torque2DCmake\engine\source\testing\unitTesting.cc)
  M:\Torque2DCmake\engine\source\testing\googleTest\include\gtest/internal/gtest-param-util-generated.h(4646): note: see reference to class template instantiation 'testing::internal::CartesianProductHolder6<Generator1,Generator2,Generator3,Generator4,Generator5,Generator6>' being compiled (compiling source file M:\Torque2DCmake\engine\source\testing\tests\platformStringTests.cc)
  M:\Torque2DCmake\engine\source\testing\googleTest\include\gtest/internal/gtest-param-util-generated.h(3232): note: see reference to class template instantiation 'testing::internal::CartesianProductGenerator4<T1,T2,T3,T4>' being compiled (compiling source file M:\Torque2DCmake\engine\source\testing\unitTesting.cc)
M:\Torque2DCmake\engine\source\testing\googleTest\include\gtest/internal/gtest-param-util-generated.h(4659): warning C4996: 'std::tr1': warning STL4002: The non-Standard std::tr1 namespace and TR1-only machinery are deprecated and will be REMOVED. You can define _SILENCE_TR1_NAMESPACE_DEPRECATION_WARNING to acknowledge that you have received this warning. (compiling source file M:\Torque2DCmake\engine\source\testing\tests\platformStringTests.cc)
  C:\Program Files (x86)\Microsoft Visual Studio\2017\Professional\VC\Tools\MSVC\14.16.27023\include\tuple(1333): note: see declaration of 'std::tr1' (compiling source file M:\Torque2DCmake\engine\source\testing\tests\platformStringTests.cc)
M:\Torque2DCmake\engine\source\testing\googleTest\include\gtest/internal/gtest-param-util-generated.h(3088): warning C4996: 'std::tr1': warning STL4002: The non-Standard std::tr1 namespace and TR1-only machinery are deprecated and will be REMOVED. You can define _SILENCE_TR1_NAMESPACE_DEPRECATION_WARNING to acknowledge that you have received this warning. (compiling source file M:\Torque2DCmake\engine\source\testing\unitTesting.cc)
  M:\Torque2DCmake\engine\source\testing\googleTest\include\gtest/internal/gtest-param-util-generated.h(4682): note: see reference to class template instantiation 'testing::internal::CartesianProductHolder7<Generator1,Generator2,Generator3,Generator4,Generator5,Generator6,Generator7>' being compiled (compiling source file M:\Torque2DCmake\engine\source\testing\tests\platformStringTests.cc)
  C:\Program Files (x86)\Microsoft Visual Studio\2017\Professional\VC\Tools\MSVC\14.16.27023\include\tuple(1333): note: see declaration of 'std::tr1' (compiling source file M:\Torque2DCmake\engine\source\testing\unitTesting.cc)
M:\Torque2DCmake\engine\source\testing\googleTest\include\gtest/internal/gtest-param-util-generated.h(4697): warning C4996: 'std::tr1': warning STL4002: The non-Standard std::tr1 namespace and TR1-only machinery are deprecated and will be REMOVED. You can define _SILENCE_TR1_NAMESPACE_DEPRECATION_WARNING to acknowledge that you have received this warning. (compiling source file M:\Torque2DCmake\engine\source\testing\tests\platformStringTests.cc)
M:\Torque2DCmake\engine\source\testing\googleTest\include\gtest/internal/gtest-param-util-generated.h(4255): warning C4996: 'std::tr1': warning STL4002: The non-Standard std::tr1 namespace and TR1-only machinery are deprecated and will be REMOVED. You can define _SILENCE_TR1_NAMESPACE_DEPRECATION_WARNING to acknowledge that you have received this warning. (compiling source file M:\Torque2DCmake\engine\source\testing\tests\platformMemoryTests.cc)
  C:\Program Files (x86)\Microsoft Visual Studio\2017\Professional\VC\Tools\MSVC\14.16.27023\include\tuple(1333): note: see declaration of 'std::tr1' (compiling source file M:\Torque2DCmake\engine\source\testing\tests\platformStringTests.cc)
  C:\Program Files (x86)\Microsoft Visual Studio\2017\Professional\VC\Tools\MSVC\14.16.27023\include\tuple(1333): note: see declaration of 'std::tr1' (compiling source file M:\Torque2DCmake\engine\source\testing\tests\platformMemoryTests.cc)
  M:\Torque2DCmake\engine\source\testing\googleTest\include\gtest/internal/gtest-param-util-generated.h(4722): note: see reference to class template instantiation 'testing::internal::CartesianProductHolder8<Generator1,Generator2,Generator3,Generator4,Generator5,Generator6,Generator7,Generator8>' being compiled (compiling source file M:\Torque2DCmake\engine\source\testing\tests\platformStringTests.cc)
  M:\Torque2DCmake\engine\source\testing\googleTest\include\gtest/internal/gtest-param-util-generated.h(4505): note: see reference to class template instantiation 'testing::internal::CartesianProductGenerator10<T1,T2,T3,T4,T5,T6,T7,T8,T9,T10>' being compiled (compiling source file M:\Torque2DCmake\engine\source\testing\tests\platformMemoryTests.cc)
M:\Torque2DCmake\engine\source\testing\googleTest\include\gtest/internal/gtest-param-util-generated.h(4738): warning C4996: 'std::tr1': warning STL4002: The non-Standard std::tr1 namespace and TR1-only machinery are deprecated and will be REMOVED. You can define _SILENCE_TR1_NAMESPACE_DEPRECATION_WARNING to acknowledge that you have received this warning. (compiling source file M:\Torque2DCmake\engine\source\testing\tests\platformStringTests.cc)
  C:\Program Files (x86)\Microsoft Visual Studio\2017\Professional\VC\Tools\MSVC\14.16.27023\include\tuple(1333): note: see declaration of 'std::tr1' (compiling source file M:\Torque2DCmake\engine\source\testing\tests\platformStringTests.cc)
  M:\Torque2DCmake\engine\source\testing\googleTest\include\gtest/internal/gtest-param-util-generated.h(4766): note: see reference to class template instantiation 'testing::internal::CartesianProductHolder9<Generator1,Generator2,Generator3,Generator4,Generator5,Generator6,Generator7,Generator8,Generator9>' being compiled (compiling source file M:\Torque2DCmake\engine\source\testing\tests\platformStringTests.cc)
M:\Torque2DCmake\engine\source\testing\googleTest\include\gtest/internal/gtest-param-util-generated.h(4258): warning C4996: 'std::tr1': warning STL4002: The non-Standard std::tr1 namespace and TR1-only machinery are deprecated and will be REMOVED. You can define _SILENCE_TR1_NAMESPACE_DEPRECATION_WARNING to acknowledge that you have received this warning. (compiling source file M:\Torque2DCmake\engine\source\testing\tests\platformMemoryTests.cc)
  C:\Program Files (x86)\Microsoft Visual Studio\2017\Professional\VC\Tools\MSVC\14.16.27023\include\tuple(1333): note: see declaration of 'std::tr1' (compiling source file M:\Torque2DCmake\engine\source\testing\tests\platformMemoryTests.cc)
M:\Torque2DCmake\engine\source\testing\googleTest\include\gtest/internal/gtest-param-util-generated.h(4782): warning C4996: 'std::tr1': warning STL4002: The non-Standard std::tr1 namespace and TR1-only machinery are deprecated and will be REMOVED. You can define _SILENCE_TR1_NAMESPACE_DEPRECATION_WARNING to acknowledge that you have received this warning. (compiling source file M:\Torque2DCmake\engine\source\testing\tests\platformStringTests.cc)
  C:\Program Files (x86)\Microsoft Visual Studio\2017\Professional\VC\Tools\MSVC\14.16.27023\include\tuple(1333): note: see declaration of 'std::tr1' (compiling source file M:\Torque2DCmake\engine\source\testing\tests\platformStringTests.cc)
M:\Torque2DCmake\engine\source\testing\googleTest\include\gtest/internal/gtest-param-util-generated.h(3237): warning C4996: 'std::tr1': warning STL4002: The non-Standard std::tr1 namespace and TR1-only machinery are deprecated and will be REMOVED. You can define _SILENCE_TR1_NAMESPACE_DEPRECATION_WARNING to acknowledge that you have received this warning. (compiling source file M:\Torque2DCmake\engine\source\testing\unitTesting.cc)
  C:\Program Files (x86)\Microsoft Visual Studio\2017\Professional\VC\Tools\MSVC\14.16.27023\include\tuple(1333): note: see declaration of 'std::tr1' (compiling source file M:\Torque2DCmake\engine\source\testing\unitTesting.cc)
  M:\Torque2DCmake\engine\source\testing\googleTest\include\gtest/internal/gtest-param-util-generated.h(4813): note: see reference to class template instantiation 'testing::internal::CartesianProductHolder10<Generator1,Generator2,Generator3,Generator4,Generator5,Generator6,Generator7,Generator8,Generator9,Generator10>' being compiled (compiling source file M:\Torque2DCmake\engine\source\testing\tests\platformStringTests.cc)
  M:\Torque2DCmake\engine\source\testing\googleTest\include\gtest/internal/gtest-param-util-generated.h(3399): note: see reference to class template instantiation 'testing::internal::CartesianProductGenerator5<T1,T2,T3,T4,T5>' being compiled (compiling source file M:\Torque2DCmake\engine\source\testing\unitTesting.cc)
M:\Torque2DCmake\engine\source\testing\googleTest\include\gtest/internal/gtest-param-util-generated.h(3239): warning C4996: 'std::tr1': warning STL4002: The non-Standard std::tr1 namespace and TR1-only machinery are deprecated and will be REMOVED. You can define _SILENCE_TR1_NAMESPACE_DEPRECATION_WARNING to acknowledge that you have received this warning. (compiling source file M:\Torque2DCmake\engine\source\testing\unitTesting.cc)
  C:\Program Files (x86)\Microsoft Visual Studio\2017\Professional\VC\Tools\MSVC\14.16.27023\include\tuple(1333): note: see declaration of 'std::tr1' (compiling source file M:\Torque2DCmake\engine\source\testing\unitTesting.cc)
M:\Torque2DCmake\engine\source\testing\googleTest\include\gtest/internal/gtest-param-util-generated.h(4520): warning C4996: 'std::tr1': warning STL4002: The non-Standard std::tr1 namespace and TR1-only machinery are deprecated and will be REMOVED. You can define _SILENCE_TR1_NAMESPACE_DEPRECATION_WARNING to acknowledge that you have received this warning. (compiling source file M:\Torque2DCmake\engine\source\testing\tests\platformMemoryTests.cc)
  C:\Program Files (x86)\Microsoft Visual Studio\2017\Professional\VC\Tools\MSVC\14.16.27023\include\tuple(1333): note: see declaration of 'std::tr1' (compiling source file M:\Torque2DCmake\engine\source\testing\tests\platformMemoryTests.cc)
  M:\Torque2DCmake\engine\source\testing\googleTest\include\gtest/internal/gtest-param-util-generated.h(4533): note: see reference to class template instantiation 'testing::internal::CartesianProductHolder2<Generator1,Generator2>' being compiled (compiling source file M:\Torque2DCmake\engine\source\testing\tests\platformMemoryTests.cc)
M:\Torque2DCmake\engine\source\testing\googleTest\include\gtest/internal/gtest-param-util-generated.h(4542): warning C4996: 'std::tr1': warning STL4002: The non-Standard std::tr1 namespace and TR1-only machinery are deprecated and will be REMOVED. You can define _SILENCE_TR1_NAMESPACE_DEPRECATION_WARNING to acknowledge that you have received this warning. (compiling source file M:\Torque2DCmake\engine\source\testing\tests\platformMemoryTests.cc)
  C:\Program Files (x86)\Microsoft Visual Studio\2017\Professional\VC\Tools\MSVC\14.16.27023\include\tuple(1333): note: see declaration of 'std::tr1' (compiling source file M:\Torque2DCmake\engine\source\testing\tests\platformMemoryTests.cc)
M:\Torque2DCmake\engine\source\testing\googleTest\include\gtest/internal/gtest-param-util-generated.h(3405): warning C4996: 'std::tr1': warning STL4002: The non-Standard std::tr1 namespace and TR1-only machinery are deprecated and will be REMOVED. You can define _SILENCE_TR1_NAMESPACE_DEPRECATION_WARNING to acknowledge that you have received this warning. (compiling source file M:\Torque2DCmake\engine\source\testing\unitTesting.cc)
  C:\Program Files (x86)\Microsoft Visual Studio\2017\Professional\VC\Tools\MSVC\14.16.27023\include\tuple(1333): note: see declaration of 'std::tr1' (compiling source file M:\Torque2DCmake\engine\source\testing\unitTesting.cc)
  M:\Torque2DCmake\engine\source\testing\googleTest\include\gtest/internal/gtest-param-util-generated.h(4557): note: see reference to class template instantiation 'testing::internal::CartesianProductHolder3<Generator1,Generator2,Generator3>' being compiled (compiling source file M:\Torque2DCmake\engine\source\testing\tests\platformMemoryTests.cc)
  M:\Torque2DCmake\engine\source\testing\googleTest\include\gtest/internal/gtest-param-util-generated.h(3585): note: see reference to class template instantiation 'testing::internal::CartesianProductGenerator6<T1,T2,T3,T4,T5,T6>' being compiled (compiling source file M:\Torque2DCmake\engine\source\testing\unitTesting.cc)
M:\Torque2DCmake\engine\source\testing\googleTest\include\gtest/internal/gtest-param-util-generated.h(4567): warning C4996: 'std::tr1': warning STL4002: The non-Standard std::tr1 namespace and TR1-only machinery are deprecated and will be REMOVED. You can define _SILENCE_TR1_NAMESPACE_DEPRECATION_WARNING to acknowledge that you have received this warning. (compiling source file M:\Torque2DCmake\engine\source\testing\tests\platformMemoryTests.cc)
  C:\Program Files (x86)\Microsoft Visual Studio\2017\Professional\VC\Tools\MSVC\14.16.27023\include\tuple(1333): note: see declaration of 'std::tr1' (compiling source file M:\Torque2DCmake\engine\source\testing\tests\platformMemoryTests.cc)
M:\Torque2DCmake\engine\source\testing\googleTest\include\gtest/internal/gtest-param-util-generated.h(3408): warning C4996: 'std::tr1': warning STL4002: The non-Standard std::tr1 namespace and TR1-only machinery are deprecated and will be REMOVED. You can define _SILENCE_TR1_NAMESPACE_DEPRECATION_WARNING to acknowledge that you have received this warning. (compiling source file M:\Torque2DCmake\engine\source\testing\unitTesting.cc)
  C:\Program Files (x86)\Microsoft Visual Studio\2017\Professional\VC\Tools\MSVC\14.16.27023\include\tuple(1333): note: see declaration of 'std::tr1' (compiling source file M:\Torque2DCmake\engine\source\testing\unitTesting.cc)
  M:\Torque2DCmake\engine\source\testing\googleTest\include\gtest/internal/gtest-param-util-generated.h(4584): note: see reference to class template instantiation 'testing::internal::CartesianProductHolder4<Generator1,Generator2,Generator3,Generator4>' being compiled (compiling source file M:\Torque2DCmake\engine\source\testing\tests\platformMemoryTests.cc)
M:\Torque2DCmake\engine\source\testing\googleTest\include\gtest/internal/gtest-param-util-generated.h(4594): warning C4996: 'std::tr1': warning STL4002: The non-Standard std::tr1 namespace and TR1-only machinery are deprecated and will be REMOVED. You can define _SILENCE_TR1_NAMESPACE_DEPRECATION_WARNING to acknowledge that you have received this warning. (compiling source file M:\Torque2DCmake\engine\source\testing\tests\platformMemoryTests.cc)
  C:\Program Files (x86)\Microsoft Visual Studio\2017\Professional\VC\Tools\MSVC\14.16.27023\include\tuple(1333): note: see declaration of 'std::tr1' (compiling source file M:\Torque2DCmake\engine\source\testing\tests\platformMemoryTests.cc)
  M:\Torque2DCmake\engine\source\testing\googleTest\include\gtest/internal/gtest-param-util-generated.h(4613): note: see reference to class template instantiation 'testing::internal::CartesianProductHolder5<Generator1,Generator2,Generator3,Generator4,Generator5>' being compiled (compiling source file M:\Torque2DCmake\engine\source\testing\tests\platformMemoryTests.cc)
M:\Torque2DCmake\engine\source\testing\googleTest\include\gtest/internal/gtest-param-util-generated.h(4625): warning C4996: 'std::tr1': warning STL4002: The non-Standard std::tr1 namespace and TR1-only machinery are deprecated and will be REMOVED. You can define _SILENCE_TR1_NAMESPACE_DEPRECATION_WARNING to acknowledge that you have received this warning. (compiling source file M:\Torque2DCmake\engine\source\testing\tests\platformMemoryTests.cc)
  C:\Program Files (x86)\Microsoft Visual Studio\2017\Professional\VC\Tools\MSVC\14.16.27023\include\tuple(1333): note: see declaration of 'std::tr1' (compiling source file M:\Torque2DCmake\engine\source\testing\tests\platformMemoryTests.cc)
  M:\Torque2DCmake\engine\source\testing\googleTest\include\gtest/internal/gtest-param-util-generated.h(4646): note: see reference to class template instantiation 'testing::internal::CartesianProductHolder6<Generator1,Generator2,Generator3,Generator4,Generator5,Generator6>' being compiled (compiling source file M:\Torque2DCmake\engine\source\testing\tests\platformMemoryTests.cc)
M:\Torque2DCmake\engine\source\testing\googleTest\include\gtest/internal/gtest-param-util-generated.h(3591): warning C4996: 'std::tr1': warning STL4002: The non-Standard std::tr1 namespace and TR1-only machinery are deprecated and will be REMOVED. You can define _SILENCE_TR1_NAMESPACE_DEPRECATION_WARNING to acknowledge that you have received this warning. (compiling source file M:\Torque2DCmake\engine\source\testing\unitTesting.cc)
  C:\Program Files (x86)\Microsoft Visual Studio\2017\Professional\VC\Tools\MSVC\14.16.27023\include\tuple(1333): note: see declaration of 'std::tr1' (compiling source file M:\Torque2DCmake\engine\source\testing\unitTesting.cc)
  M:\Torque2DCmake\engine\source\testing\googleTest\include\gtest/internal/gtest-param-util-generated.h(3788): note: see reference to class template instantiation 'testing::internal::CartesianProductGenerator7<T1,T2,T3,T4,T5,T6,T7>' being compiled (compiling source file M:\Torque2DCmake\engine\source\testing\unitTesting.cc)
M:\Torque2DCmake\engine\source\testing\googleTest\include\gtest/internal/gtest-param-util-generated.h(4659): warning C4996: 'std::tr1': warning STL4002: The non-Standard std::tr1 namespace and TR1-only machinery are deprecated and will be REMOVED. You can define _SILENCE_TR1_NAMESPACE_DEPRECATION_WARNING to acknowledge that you have received this warning. (compiling source file M:\Torque2DCmake\engine\source\testing\tests\platformMemoryTests.cc)
M:\Torque2DCmake\engine\source\testing\googleTest\include\gtest/internal/gtest-param-util-generated.h(3594): warning C4996: 'std::tr1': warning STL4002: The non-Standard std::tr1 namespace and TR1-only machinery are deprecated and will be REMOVED. You can define _SILENCE_TR1_NAMESPACE_DEPRECATION_WARNING to acknowledge that you have received this warning. (compiling source file M:\Torque2DCmake\engine\source\testing\unitTesting.cc)
  C:\Program Files (x86)\Microsoft Visual Studio\2017\Professional\VC\Tools\MSVC\14.16.27023\include\tuple(1333): note: see declaration of 'std::tr1' (compiling source file M:\Torque2DCmake\engine\source\testing\unitTesting.cc)
M:\Torque2DCmake\engine\source\testing\googleTest\include\gtest/internal/gtest-param-util-generated.h(3794): warning C4996: 'std::tr1': warning STL4002: The non-Standard std::tr1 namespace and TR1-only machinery are deprecated and will be REMOVED. You can define _SILENCE_TR1_NAMESPACE_DEPRECATION_WARNING to acknowledge that you have received this warning. (compiling source file M:\Torque2DCmake\engine\source\testing\unitTesting.cc)
  C:\Program Files (x86)\Microsoft Visual Studio\2017\Professional\VC\Tools\MSVC\14.16.27023\include\tuple(1333): note: see declaration of 'std::tr1' (compiling source file M:\Torque2DCmake\engine\source\testing\unitTesting.cc)
  M:\Torque2DCmake\engine\source\testing\googleTest\include\gtest/internal/gtest-param-util-generated.h(4010): note: see reference to class template instantiation 'testing::internal::CartesianProductGenerator8<T1,T2,T3,T4,T5,T6,T7,T8>' being compiled (compiling source file M:\Torque2DCmake\engine\source\testing\unitTesting.cc)
M:\Torque2DCmake\engine\source\testing\googleTest\include\gtest/internal/gtest-param-util-generated.h(3797): warning C4996: 'std::tr1': warning STL4002: The non-Standard std::tr1 namespace and TR1-only machinery are deprecated and will be REMOVED. You can define _SILENCE_TR1_NAMESPACE_DEPRECATION_WARNING to acknowledge that you have received this warning. (compiling source file M:\Torque2DCmake\engine\source\testing\unitTesting.cc)
  C:\Program Files (x86)\Microsoft Visual Studio\2017\Professional\VC\Tools\MSVC\14.16.27023\include\tuple(1333): note: see declaration of 'std::tr1' (compiling source file M:\Torque2DCmake\engine\source\testing\unitTesting.cc)
M:\Torque2DCmake\engine\source\testing\googleTest\include\gtest/internal/gtest-param-util-generated.h(4016): warning C4996: 'std::tr1': warning STL4002: The non-Standard std::tr1 namespace and TR1-only machinery are deprecated and will be REMOVED. You can define _SILENCE_TR1_NAMESPACE_DEPRECATION_WARNING to acknowledge that you have received this warning. (compiling source file M:\Torque2DCmake\engine\source\testing\unitTesting.cc)
  C:\Program Files (x86)\Microsoft Visual Studio\2017\Professional\VC\Tools\MSVC\14.16.27023\include\tuple(1333): note: see declaration of 'std::tr1' (compiling source file M:\Torque2DCmake\engine\source\testing\unitTesting.cc)
  M:\Torque2DCmake\engine\source\testing\googleTest\include\gtest/internal/gtest-param-util-generated.h(4249): note: see reference to class template instantiation 'testing::internal::CartesianProductGenerator9<T1,T2,T3,T4,T5,T6,T7,T8,T9>' being compiled (compiling source file M:\Torque2DCmake\engine\source\testing\unitTesting.cc)
M:\Torque2DCmake\engine\source\testing\googleTest\include\gtest/internal/gtest-param-util-generated.h(4019): warning C4996: 'std::tr1': warning STL4002: The non-Standard std::tr1 namespace and TR1-only machinery are deprecated and will be REMOVED. You can define _SILENCE_TR1_NAMESPACE_DEPRECATION_WARNING to acknowledge that you have received this warning. (compiling source file M:\Torque2DCmake\engine\source\testing\unitTesting.cc)
  C:\Program Files (x86)\Microsoft Visual Studio\2017\Professional\VC\Tools\MSVC\14.16.27023\include\tuple(1333): note: see declaration of 'std::tr1' (compiling source file M:\Torque2DCmake\engine\source\testing\unitTesting.cc)
M:\Torque2DCmake\engine\source\testing\googleTest\include\gtest/internal/gtest-param-util-generated.h(4255): warning C4996: 'std::tr1': warning STL4002: The non-Standard std::tr1 namespace and TR1-only machinery are deprecated and will be REMOVED. You can define _SILENCE_TR1_NAMESPACE_DEPRECATION_WARNING to acknowledge that you have received this warning. (compiling source file M:\Torque2DCmake\engine\source\testing\unitTesting.cc)
  C:\Program Files (x86)\Microsoft Visual Studio\2017\Professional\VC\Tools\MSVC\14.16.27023\include\tuple(1333): note: see declaration of 'std::tr1' (compiling source file M:\Torque2DCmake\engine\source\testing\unitTesting.cc)
  M:\Torque2DCmake\engine\source\testing\googleTest\include\gtest/internal/gtest-param-util-generated.h(4505): note: see reference to class template instantiation 'testing::internal::CartesianProductGenerator10<T1,T2,T3,T4,T5,T6,T7,T8,T9,T10>' being compiled (compiling source file M:\Torque2DCmake\engine\source\testing\unitTesting.cc)
M:\Torque2DCmake\engine\source\testing\googleTest\include\gtest/internal/gtest-param-util-generated.h(4258): warning C4996: 'std::tr1': warning STL4002: The non-Standard std::tr1 namespace and TR1-only machinery are deprecated and will be REMOVED. You can define _SILENCE_TR1_NAMESPACE_DEPRECATION_WARNING to acknowledge that you have received this warning. (compiling source file M:\Torque2DCmake\engine\source\testing\unitTesting.cc)
  C:\Program Files (x86)\Microsoft Visual Studio\2017\Professional\VC\Tools\MSVC\14.16.27023\include\tuple(1333): note: see declaration of 'std::tr1' (compiling source file M:\Torque2DCmake\engine\source\testing\unitTesting.cc)
M:\Torque2DCmake\engine\source\testing\googleTest\include\gtest/internal/gtest-param-util-generated.h(4520): warning C4996: 'std::tr1': warning STL4002: The non-Standard std::tr1 namespace and TR1-only machinery are deprecated and will be REMOVED. You can define _SILENCE_TR1_NAMESPACE_DEPRECATION_WARNING to acknowledge that you have received this warning. (compiling source file M:\Torque2DCmake\engine\source\testing\unitTesting.cc)
  C:\Program Files (x86)\Microsoft Visual Studio\2017\Professional\VC\Tools\MSVC\14.16.27023\include\tuple(1333): note: see declaration of 'std::tr1' (compiling source file M:\Torque2DCmake\engine\source\testing\unitTesting.cc)
  C:\Program Files (x86)\Microsoft Visual Studio\2017\Professional\VC\Tools\MSVC\14.16.27023\include\tuple(1333): note: see declaration of 'std::tr1' (compiling source file M:\Torque2DCmake\engine\source\testing\tests\platformMemoryTests.cc)
  M:\Torque2DCmake\engine\source\testing\googleTest\include\gtest/internal/gtest-param-util-generated.h(4533): note: see reference to class template instantiation 'testing::internal::CartesianProductHolder2<Generator1,Generator2>' being compiled (compiling source file M:\Torque2DCmake\engine\source\testing\unitTesting.cc)
  M:\Torque2DCmake\engine\source\testing\googleTest\include\gtest/internal/gtest-param-util-generated.h(4682): note: see reference to class template instantiation 'testing::internal::CartesianProductHolder7<Generator1,Generator2,Generator3,Generator4,Generator5,Generator6,Generator7>' being compiled (compiling source file M:\Torque2DCmake\engine\source\testing\tests\platformMemoryTests.cc)
M:\Torque2DCmake\engine\source\testing\googleTest\include\gtest/internal/gtest-param-util-generated.h(4542): warning C4996: 'std::tr1': warning STL4002: The non-Standard std::tr1 namespace and TR1-only machinery are deprecated and will be REMOVED. You can define _SILENCE_TR1_NAMESPACE_DEPRECATION_WARNING to acknowledge that you have received this warning. (compiling source file M:\Torque2DCmake\engine\source\testing\unitTesting.cc)
M:\Torque2DCmake\engine\source\testing\googleTest\include\gtest/internal/gtest-param-util-generated.h(4697): warning C4996: 'std::tr1': warning STL4002: The non-Standard std::tr1 namespace and TR1-only machinery are deprecated and will be REMOVED. You can define _SILENCE_TR1_NAMESPACE_DEPRECATION_WARNING to acknowledge that you have received this warning. (compiling source file M:\Torque2DCmake\engine\source\testing\tests\platformMemoryTests.cc)
  C:\Program Files (x86)\Microsoft Visual Studio\2017\Professional\VC\Tools\MSVC\14.16.27023\include\tuple(1333): note: see declaration of 'std::tr1' (compiling source file M:\Torque2DCmake\engine\source\testing\unitTesting.cc)
  C:\Program Files (x86)\Microsoft Visual Studio\2017\Professional\VC\Tools\MSVC\14.16.27023\include\tuple(1333): note: see declaration of 'std::tr1' (compiling source file M:\Torque2DCmake\engine\source\testing\tests\platformMemoryTests.cc)
  M:\Torque2DCmake\engine\source\testing\googleTest\include\gtest/internal/gtest-param-util-generated.h(4557): note: see reference to class template instantiation 'testing::internal::CartesianProductHolder3<Generator1,Generator2,Generator3>' being compiled (compiling source file M:\Torque2DCmake\engine\source\testing\unitTesting.cc)
  M:\Torque2DCmake\engine\source\testing\googleTest\include\gtest/internal/gtest-param-util-generated.h(4722): note: see reference to class template instantiation 'testing::internal::CartesianProductHolder8<Generator1,Generator2,Generator3,Generator4,Generator5,Generator6,Generator7,Generator8>' being compiled (compiling source file M:\Torque2DCmake\engine\source\testing\tests\platformMemoryTests.cc)
M:\Torque2DCmake\engine\source\testing\googleTest\include\gtest/internal/gtest-param-util-generated.h(4567): warning C4996: 'std::tr1': warning STL4002: The non-Standard std::tr1 namespace and TR1-only machinery are deprecated and will be REMOVED. You can define _SILENCE_TR1_NAMESPACE_DEPRECATION_WARNING to acknowledge that you have received this warning. (compiling source file M:\Torque2DCmake\engine\source\testing\unitTesting.cc)
  C:\Program Files (x86)\Microsoft Visual Studio\2017\Professional\VC\Tools\MSVC\14.16.27023\include\tuple(1333): note: see declaration of 'std::tr1' (compiling source file M:\Torque2DCmake\engine\source\testing\unitTesting.cc)
M:\Torque2DCmake\engine\source\testing\googleTest\include\gtest/internal/gtest-param-util-generated.h(4738): warning C4996: 'std::tr1': warning STL4002: The non-Standard std::tr1 namespace and TR1-only machinery are deprecated and will be REMOVED. You can define _SILENCE_TR1_NAMESPACE_DEPRECATION_WARNING to acknowledge that you have received this warning. (compiling source file M:\Torque2DCmake\engine\source\testing\tests\platformMemoryTests.cc)
  C:\Program Files (x86)\Microsoft Visual Studio\2017\Professional\VC\Tools\MSVC\14.16.27023\include\tuple(1333): note: see declaration of 'std::tr1' (compiling source file M:\Torque2DCmake\engine\source\testing\tests\platformMemoryTests.cc)
  M:\Torque2DCmake\engine\source\testing\googleTest\include\gtest/internal/gtest-param-util-generated.h(4584): note: see reference to class template instantiation 'testing::internal::CartesianProductHolder4<Generator1,Generator2,Generator3,Generator4>' being compiled (compiling source file M:\Torque2DCmake\engine\source\testing\unitTesting.cc)
  M:\Torque2DCmake\engine\source\testing\googleTest\include\gtest/internal/gtest-param-util-generated.h(4766): note: see reference to class template instantiation 'testing::internal::CartesianProductHolder9<Generator1,Generator2,Generator3,Generator4,Generator5,Generator6,Generator7,Generator8,Generator9>' being compiled (compiling source file M:\Torque2DCmake\engine\source\testing\tests\platformMemoryTests.cc)
M:\Torque2DCmake\engine\source\testing\googleTest\include\gtest/internal/gtest-param-util-generated.h(4594): warning C4996: 'std::tr1': warning STL4002: The non-Standard std::tr1 namespace and TR1-only machinery are deprecated and will be REMOVED. You can define _SILENCE_TR1_NAMESPACE_DEPRECATION_WARNING to acknowledge that you have received this warning. (compiling source file M:\Torque2DCmake\engine\source\testing\unitTesting.cc)
  C:\Program Files (x86)\Microsoft Visual Studio\2017\Professional\VC\Tools\MSVC\14.16.27023\include\tuple(1333): note: see declaration of 'std::tr1' (compiling source file M:\Torque2DCmake\engine\source\testing\unitTesting.cc)
M:\Torque2DCmake\engine\source\testing\googleTest\include\gtest/internal/gtest-param-util-generated.h(4782): warning C4996: 'std::tr1': warning STL4002: The non-Standard std::tr1 namespace and TR1-only machinery are deprecated and will be REMOVED. You can define _SILENCE_TR1_NAMESPACE_DEPRECATION_WARNING to acknowledge that you have received this warning. (compiling source file M:\Torque2DCmake\engine\source\testing\tests\platformMemoryTests.cc)
  C:\Program Files (x86)\Microsoft Visual Studio\2017\Professional\VC\Tools\MSVC\14.16.27023\include\tuple(1333): note: see declaration of 'std::tr1' (compiling source file M:\Torque2DCmake\engine\source\testing\tests\platformMemoryTests.cc)
  M:\Torque2DCmake\engine\source\testing\googleTest\include\gtest/internal/gtest-param-util-generated.h(4613): note: see reference to class template instantiation 'testing::internal::CartesianProductHolder5<Generator1,Generator2,Generator3,Generator4,Generator5>' being compiled (compiling source file M:\Torque2DCmake\engine\source\testing\unitTesting.cc)
  M:\Torque2DCmake\engine\source\testing\googleTest\include\gtest/internal/gtest-param-util-generated.h(4813): note: see reference to class template instantiation 'testing::internal::CartesianProductHolder10<Generator1,Generator2,Generator3,Generator4,Generator5,Generator6,Generator7,Generator8,Generator9,Generator10>' being compiled (compiling source file M:\Torque2DCmake\engine\source\testing\tests\platformMemoryTests.cc)
M:\Torque2DCmake\engine\source\testing\googleTest\include\gtest/internal/gtest-param-util-generated.h(4625): warning C4996: 'std::tr1': warning STL4002: The non-Standard std::tr1 namespace and TR1-only machinery are deprecated and will be REMOVED. You can define _SILENCE_TR1_NAMESPACE_DEPRECATION_WARNING to acknowledge that you have received this warning. (compiling source file M:\Torque2DCmake\engine\source\testing\unitTesting.cc)
  C:\Program Files (x86)\Microsoft Visual Studio\2017\Professional\VC\Tools\MSVC\14.16.27023\include\tuple(1333): note: see declaration of 'std::tr1' (compiling source file M:\Torque2DCmake\engine\source\testing\unitTesting.cc)
  M:\Torque2DCmake\engine\source\testing\googleTest\include\gtest/internal/gtest-param-util-generated.h(4646): note: see reference to class template instantiation 'testing::internal::CartesianProductHolder6<Generator1,Generator2,Generator3,Generator4,Generator5,Generator6>' being compiled (compiling source file M:\Torque2DCmake\engine\source\testing\unitTesting.cc)
M:\Torque2DCmake\engine\source\testing\googleTest\include\gtest/internal/gtest-param-util-generated.h(4659): warning C4996: 'std::tr1': warning STL4002: The non-Standard std::tr1 namespace and TR1-only machinery are deprecated and will be REMOVED. You can define _SILENCE_TR1_NAMESPACE_DEPRECATION_WARNING to acknowledge that you have received this warning. (compiling source file M:\Torque2DCmake\engine\source\testing\unitTesting.cc)
  C:\Program Files (x86)\Microsoft Visual Studio\2017\Professional\VC\Tools\MSVC\14.16.27023\include\tuple(1333): note: see declaration of 'std::tr1' (compiling source file M:\Torque2DCmake\engine\source\testing\unitTesting.cc)
  M:\Torque2DCmake\engine\source\testing\googleTest\include\gtest/internal/gtest-param-util-generated.h(4682): note: see reference to class template instantiation 'testing::internal::CartesianProductHolder7<Generator1,Generator2,Generator3,Generator4,Generator5,Generator6,Generator7>' being compiled (compiling source file M:\Torque2DCmake\engine\source\testing\unitTesting.cc)
M:\Torque2DCmake\engine\source\testing\googleTest\include\gtest/internal/gtest-param-util-generated.h(4697): warning C4996: 'std::tr1': warning STL4002: The non-Standard std::tr1 namespace and TR1-only machinery are deprecated and will be REMOVED. You can define _SILENCE_TR1_NAMESPACE_DEPRECATION_WARNING to acknowledge that you have received this warning. (compiling source file M:\Torque2DCmake\engine\source\testing\unitTesting.cc)
  C:\Program Files (x86)\Microsoft Visual Studio\2017\Professional\VC\Tools\MSVC\14.16.27023\include\tuple(1333): note: see declaration of 'std::tr1' (compiling source file M:\Torque2DCmake\engine\source\testing\unitTesting.cc)
  M:\Torque2DCmake\engine\source\testing\googleTest\include\gtest/internal/gtest-param-util-generated.h(4722): note: see reference to class template instantiation 'testing::internal::CartesianProductHolder8<Generator1,Generator2,Generator3,Generator4,Generator5,Generator6,Generator7,Generator8>' being compiled (compiling source file M:\Torque2DCmake\engine\source\testing\unitTesting.cc)
M:\Torque2DCmake\engine\source\testing\googleTest\include\gtest/internal/gtest-param-util-generated.h(4738): warning C4996: 'std::tr1': warning STL4002: The non-Standard std::tr1 namespace and TR1-only machinery are deprecated and will be REMOVED. You can define _SILENCE_TR1_NAMESPACE_DEPRECATION_WARNING to acknowledge that you have received this warning. (compiling source file M:\Torque2DCmake\engine\source\testing\unitTesting.cc)
  C:\Program Files (x86)\Microsoft Visual Studio\2017\Professional\VC\Tools\MSVC\14.16.27023\include\tuple(1333): note: see declaration of 'std::tr1' (compiling source file M:\Torque2DCmake\engine\source\testing\unitTesting.cc)
  M:\Torque2DCmake\engine\source\testing\googleTest\include\gtest/internal/gtest-param-util-generated.h(4766): note: see reference to class template instantiation 'testing::internal::CartesianProductHolder9<Generator1,Generator2,Generator3,Generator4,Generator5,Generator6,Generator7,Generator8,Generator9>' being compiled (compiling source file M:\Torque2DCmake\engine\source\testing\unitTesting.cc)
M:\Torque2DCmake\engine\source\testing\googleTest\include\gtest/internal/gtest-param-util-generated.h(4782): warning C4996: 'std::tr1': warning STL4002: The non-Standard std::tr1 namespace and TR1-only machinery are deprecated and will be REMOVED. You can define _SILENCE_TR1_NAMESPACE_DEPRECATION_WARNING to acknowledge that you have received this warning. (compiling source file M:\Torque2DCmake\engine\source\testing\unitTesting.cc)
  C:\Program Files (x86)\Microsoft Visual Studio\2017\Professional\VC\Tools\MSVC\14.16.27023\include\tuple(1333): note: see declaration of 'std::tr1' (compiling source file M:\Torque2DCmake\engine\source\testing\unitTesting.cc)
  M:\Torque2DCmake\engine\source\testing\googleTest\include\gtest/internal/gtest-param-util-generated.h(4813): note: see reference to class template instantiation 'testing::internal::CartesianProductHolder10<Generator1,Generator2,Generator3,Generator4,Generator5,Generator6,Generator7,Generator8,Generator9,Generator10>' being compiled (compiling source file M:\Torque2DCmake\engine\source\testing\unitTesting.cc)
M:\Torque2DCmake\engine\source\testing\googleTest\include\gtest/gtest-printers.h(768): warning C4996: 'std::tr1': warning STL4002: The non-Standard std::tr1 namespace and TR1-only machinery are deprecated and will be REMOVED. You can define _SILENCE_TR1_NAMESPACE_DEPRECATION_WARNING to acknowledge that you have received this warning. (compiling source file M:\Torque2DCmake\engine\source\testing\tests\platformFileIoTests.cc)
  C:\Program Files (x86)\Microsoft Visual Studio\2017\Professional\VC\Tools\MSVC\14.16.27023\include\tuple(1333): note: see declaration of 'std::tr1' (compiling source file M:\Torque2DCmake\engine\source\testing\tests\platformFileIoTests.cc)
  M:\Torque2DCmake\engine\source\testing\googleTest\include\gtest/gtest-printers.h(498): note: see reference to function template instantiation 'void testing::internal::PrintTupleTo<std::tuple<>>(const T &,std::ostream *)' being compiled
          with
          [
              T=std::tuple<>
          ] (compiling source file M:\Torque2DCmake\engine\source\testing\tests\platformFileIoTests.cc)
M:\Torque2DCmake\engine\source\Box2D/Common/b2Settings.h(28): fatal error C1017: invalid integer constant expression (compiling source file M:\Torque2DCmake\engine\source\2d\levelInfo.cc)
  LevelAsset.cc
M:\Torque2DCmake\engine\source\testing\googleTest\include\gtest/gtest-printers.h(768): warning C4996: 'std::tr1': warning STL4002: The non-Standard std::tr1 namespace and TR1-only machinery are deprecated and will be REMOVED. You can define _SILENCE_TR1_NAMESPACE_DEPRECATION_WARNING to acknowledge that you have received this warning. (compiling source file M:\Torque2DCmake\engine\source\testing\tests\platformMemoryTests.cc)
  C:\Program Files (x86)\Microsoft Visual Studio\2017\Professional\VC\Tools\MSVC\14.16.27023\include\tuple(1333): note: see declaration of 'std::tr1' (compiling source file M:\Torque2DCmake\engine\source\testing\tests\platformMemoryTests.cc)
  M:\Torque2DCmake\engine\source\testing\googleTest\include\gtest/gtest-printers.h(498): note: see reference to function template instantiation 'void testing::internal::PrintTupleTo<std::tuple<>>(const T &,std::ostream *)' being compiled
          with
          [
              T=std::tuple<>
          ] (compiling source file M:\Torque2DCmake\engine\source\testing\tests\platformMemoryTests.cc)
M:\Torque2DCmake\engine\source\Box2D/Common/b2Settings.h(28): fatal error C1017: invalid integer constant expression (compiling source file M:\Torque2DCmake\engine\source\2d\assets\AnimationAsset.cc)
  ParticleAsset.cc
M:\Torque2DCmake\engine\source\testing\googleTest\include\gtest/gtest-printers.h(768): warning C4996: 'std::tr1': warning STL4002: The non-Standard std::tr1 namespace and TR1-only machinery are deprecated and will be REMOVED. You can define _SILENCE_TR1_NAMESPACE_DEPRECATION_WARNING to acknowledge that you have received this warning. (compiling source file M:\Torque2DCmake\engine\source\testing\tests\platformStringTests.cc)
  C:\Program Files (x86)\Microsoft Visual Studio\2017\Professional\VC\Tools\MSVC\14.16.27023\include\tuple(1333): note: see declaration of 'std::tr1' (compiling source file M:\Torque2DCmake\engine\source\testing\tests\platformStringTests.cc)
  M:\Torque2DCmake\engine\source\testing\googleTest\include\gtest/gtest-printers.h(498): note: see reference to function template instantiation 'void testing::internal::PrintTupleTo<std::tuple<>>(const T &,std::ostream *)' being compiled
          with
          [
              T=std::tuple<>
          ] (compiling source file M:\Torque2DCmake\engine\source\testing\tests\platformStringTests.cc)
  ParticleAssetEmitter.cc
M:\Torque2DCmake\engine\source\Box2D/Common/b2Settings.h(28): fatal error C1017: invalid integer constant expression (compiling source file M:\Torque2DCmake\engine\source\2d\assets\ImageAsset.cc)
  ParticleAssetField.cc
  ParticleAssetFieldCollection.cc
M:\Torque2DCmake\engine\source\Box2D/Common/b2Settings.h(28): fatal error C1017: invalid integer constant expression (compiling source file M:\Torque2DCmake\engine\source\2d\assets\FontAsset.cc)
  SkeletonAsset.cc
  AmbientForceController.cc
M:\Torque2DCmake\engine\source\Box2D/Common/b2Settings.h(28): fatal error C1017: invalid integer constant expression (compiling source file M:\Torque2DCmake\engine\source\2d\assets\LevelAsset.cc)
  BuoyancyController.cc
M:\Torque2DCmake\engine\source\Box2D/Common/b2Settings.h(28): fatal error C1017: invalid integer constant expression (compiling source file M:\Torque2DCmake\engine\source\2d\assets\ParticleAsset.cc)
  PointForceController.cc
M:\Torque2DCmake\engine\source\Box2D/Common/b2Settings.h(28): fatal error C1017: invalid integer constant expression (compiling source file M:\Torque2DCmake\engine\source\2d\assets\SkeletonAsset.cc)
  GroupedSceneController.cc
M:\Torque2DCmake\engine\source\testing\googleTest\include\gtest/gtest-printers.h(768): warning C4996: 'std::tr1': warning STL4002: The non-Standard std::tr1 namespace and TR1-only machinery are deprecated and will be REMOVED. You can define _SILENCE_TR1_NAMESPACE_DEPRECATION_WARNING to acknowledge that you have received this warning. (compiling source file M:\Torque2DCmake\engine\source\testing\unitTesting.cc)
  C:\Program Files (x86)\Microsoft Visual Studio\2017\Professional\VC\Tools\MSVC\14.16.27023\include\tuple(1333): note: see declaration of 'std::tr1' (compiling source file M:\Torque2DCmake\engine\source\testing\unitTesting.cc)
  M:\Torque2DCmake\engine\source\testing\googleTest\include\gtest/gtest-printers.h(498): note: see reference to function template instantiation 'void testing::internal::PrintTupleTo<std::tuple<>>(const T &,std::ostream *)' being compiled
          with
          [
              T=std::tuple<>
          ] (compiling source file M:\Torque2DCmake\engine\source\testing\unitTesting.cc)
M:\Torque2DCmake\engine\source\platform/platformAL.h(60): fatal error C1083: Cannot open include file: 'al/altypes.h': No such file or directory (compiling source file M:\Torque2DCmake\engine\source\2d\assets\ParticleAssetEmitter.cc)
  PickingSceneController.cc
M:\Torque2DCmake\engine\source\Box2D/Common/b2Settings.h(28): fatal error C1017: invalid integer constant expression (compiling source file M:\Torque2DCmake\engine\source\2d\controllers\AmbientForceController.cc)
  BatchRender.cc
  CoreMath.cc
  ImageFrameProvider.cc
M:\Torque2DCmake\engine\source\Box2D/Common/b2Settings.h(28): fatal error C1017: invalid integer constant expression (compiling source file M:\Torque2DCmake\engine\source\2d\controllers\BuoyancyController.cc)
  ImageFrameProviderCore.cc
M:\Torque2DCmake\engine\source\Box2D/Common/b2Settings.h(28): fatal error C1017: invalid integer constant expression (compiling source file M:\Torque2DCmake\engine\source\2d\controllers\PointForceController.cc)
  ParticleSystem.cc
M:\Torque2DCmake\engine\source\Box2D/Common/b2Settings.h(28): fatal error C1017: invalid integer constant expression (compiling source file M:\Torque2DCmake\engine\source\2d\controllers\core\PickingSceneController.cc)
  RenderProxy.cc
M:\Torque2DCmake\engine\source\Box2D/Common/b2Settings.h(28): fatal error C1017: invalid integer constant expression (compiling source file M:\Torque2DCmake\engine\source\2d\controllers\core\GroupedSceneController.cc)
  SpriteBase.cc
M:\Torque2DCmake\engine\source\Box2D/Common/b2Settings.h(28): fatal error C1017: invalid integer constant expression (compiling source file M:\Torque2DCmake\engine\source\2d\core\BatchRender.cc)
  SpriteBatch.cc
  SpriteBatchItem.cc
M:\Torque2DCmake\engine\source\Box2D/Common/b2Settings.h(28): fatal error C1017: invalid integer constant expression (compiling source file M:\Torque2DCmake\engine\source\2d\core\CoreMath.cc)
M:\Torque2DCmake\engine\source\Box2D/Common/b2Settings.h(28): fatal error C1017: invalid integer constant expression (compiling source file M:\Torque2DCmake\engine\source\2d\core\ImageFrameProvider.cc)
  SpriteBatchQuery.cc
  Utility.cc
M:\Torque2DCmake\engine\source\Box2D/Common/b2Settings.h(28): fatal error C1017: invalid integer constant expression (compiling source file M:\Torque2DCmake\engine\source\2d\core\ImageFrameProviderCore.cc)
  Vector2.cc
M:\Torque2DCmake\engine\source\Box2D/Common/b2Settings.h(28): fatal error C1017: invalid integer constant expression (compiling source file M:\Torque2DCmake\engine\source\2d\core\ParticleSystem.cc)
  WaveComposite.cc
M:\Torque2DCmake\engine\source\Box2D/Common/b2Settings.h(28): fatal error C1017: invalid integer constant expression (compiling source file M:\Torque2DCmake\engine\source\2d\core\RenderProxy.cc)
  SceneWindow.cc
M:\Torque2DCmake\engine\source\Box2D/Common/b2Settings.h(28): fatal error C1017: invalid integer constant expression (compiling source file M:\Torque2DCmake\engine\source\2d\core\SpriteBatchItem.cc)
M:\Torque2DCmake\engine\source\Box2D/Common/b2Settings.h(28): fatal error C1017: invalid integer constant expression (compiling source file M:\Torque2DCmake\engine\source\2d\core\SpriteBase.cc)
  guiImageButtonCtrl.cc
  guiSceneObjectCtrl.cc
M:\Torque2DCmake\engine\source\Box2D/Common/b2Settings.h(28): fatal error C1017: invalid integer constant expression (compiling source file M:\Torque2DCmake\engine\source\2d\core\Utility.cc)
M:\Torque2DCmake\engine\source\Box2D/Common/b2Settings.h(28): fatal error C1017: invalid integer constant expression (compiling source file M:\Torque2DCmake\engine\source\2d\core\Vector2.cc)
  guiSpriteCtrl.cc
M:\Torque2DCmake\engine\source\Box2D/Common/b2Settings.h(28): fatal error C1017: invalid integer constant expression (compiling source file M:\Torque2DCmake\engine\source\2d\core\SpriteBatchQuery.cc)
  ContactFilter.cc
  DebugDraw.cc
M:\Torque2DCmake\engine\source\Box2D/Common/b2Settings.h(28): fatal error C1017: invalid integer constant expression (compiling source file M:\Torque2DCmake\engine\source\2d\experimental\composites\WaveComposite.cc)
M:\Torque2DCmake\engine\source\Box2D/Common/b2Settings.h(28): fatal error C1017: invalid integer constant expression (compiling source file M:\Torque2DCmake\engine\source\2d\core\SpriteBatch.cc)
  Scene.cc
  SceneRenderFactories.cpp
M:\Torque2DCmake\engine\source\Box2D/Common/b2Settings.h(28): fatal error C1017: invalid integer constant expression (compiling source file M:\Torque2DCmake\engine\source\2d\gui\guiSceneObjectCtrl.cc)
  SceneRenderQueue.cpp
M:\Torque2DCmake\engine\source\Box2D/Common/b2Settings.h(28): fatal error C1017: invalid integer constant expression (compiling source file M:\Torque2DCmake\engine\source\2d\gui\guiSpriteCtrl.cc)
  WorldQuery.cc
M:\Torque2DCmake\engine\source\Box2D/Common/b2Settings.h(28): fatal error C1017: invalid integer constant expression (compiling source file M:\Torque2DCmake\engine\source\2d\gui\guiImageButtonCtrl.cc)
M:\Torque2DCmake\engine\source\Box2D/Common/b2Settings.h(28): fatal error C1017: invalid integer constant expression (compiling source file M:\Torque2DCmake\engine\source\2d\gui\SceneWindow.cc)
  BaseDatablock.cc
  CompositeSprite.cc
M:\Torque2DCmake\engine\source\2d\scene\DebugDraw.cc(244): warning C4456: declaration of 'p1' hides previous local declaration
  M:\Torque2DCmake\engine\source\2d\scene\DebugDraw.cc(216): note: see declaration of 'p1'
M:\Torque2DCmake\engine\source\2d\scene\DebugDraw.cc(246): warning C4456: declaration of 'p2' hides previous local declaration
  M:\Torque2DCmake\engine\source\2d\scene\DebugDraw.cc(217): note: see declaration of 'p2'
M:\Torque2DCmake\engine\source\platform/platformAL.h(60): fatal error C1083: Cannot open include file: 'al/altypes.h': No such file or directory (compiling source file M:\Torque2DCmake\engine\source\2d\scene\ContactFilter.cc)
  LightObject.cc
M:\Torque2DCmake\engine\source\Box2D/Common/b2Settings.h(28): fatal error C1017: invalid integer constant expression (compiling source file M:\Torque2DCmake\engine\source\2d\scene\Scene.cc)
  ParticlePlayer.cc
M:\Torque2DCmake\engine\source\Box2D/Common/b2Settings.h(28): fatal error C1017: invalid integer constant expression (compiling source file M:\Torque2DCmake\engine\source\2d\scene\SceneRenderFactories.cpp)
  Path.cc
M:\Torque2DCmake\engine\source\Box2D/Common/b2Settings.h(28): fatal error C1017: invalid integer constant expression (compiling source file M:\Torque2DCmake\engine\source\2d\scene\SceneRenderQueue.cpp)
  SceneObject.cc
  SceneObjectList.cc
M:\Torque2DCmake\engine\source\Box2D/Common/b2Settings.h(28): fatal error C1017: invalid integer constant expression (compiling source file M:\Torque2DCmake\engine\source\2d\scene\WorldQuery.cc)
  SceneObjectSet.cc
M:\Torque2DCmake\engine\source\Box2D/Common/b2Settings.h(28): fatal error C1017: invalid integer constant expression (compiling source file M:\Torque2DCmake\engine\source\2d\sceneobject\CompositeSprite.cc)
M:\Torque2DCmake\engine\source\Box2D/Common/b2Settings.h(28): fatal error C1017: invalid integer constant expression (compiling source file M:\Torque2DCmake\engine\source\2d\sceneobject\LightObject.cc)
  Scroller.cc
  ShapeVector.cc
  SkeletonObject.cc
M:\Torque2DCmake\engine\source\Box2D/Common/b2Settings.h(28): fatal error C1017: invalid integer constant expression (compiling source file M:\Torque2DCmake\engine\source\2d\sceneobject\Path.cc)
  Sprite.cc
M:\Torque2DCmake\engine\source\Box2D/Common/b2Settings.h(28): fatal error C1017: invalid integer constant expression (compiling source file M:\Torque2DCmake\engine\source\2d\sceneobject\SceneObjectList.cc)
  TextSprite.cc
M:\Torque2DCmake\engine\source\Box2D/Common/b2Settings.h(28): fatal error C1017: invalid integer constant expression (compiling source file M:\Torque2DCmake\engine\source\2d\sceneobject\SceneObjectSet.cc)
  Trigger.cc
M:\Torque2DCmake\engine\source\platform/platformAL.h(60): fatal error C1083: Cannot open include file: 'al/altypes.h': No such file or directory (compiling source file M:\Torque2DCmake\engine\source\2d\sceneobject\ParticlePlayer.cc)
M:\Torque2DCmake\engine\source\Box2D/Common/b2Settings.h(28): fatal error C1017: invalid integer constant expression (compiling source file M:\Torque2DCmake\engine\source\2d\sceneobject\SceneObject.cc)
  cardProfile.cpp
  winAsmBlit.cc
M:\Torque2DCmake\engine\source\Box2D/Common/b2Settings.h(28): fatal error C1017: invalid integer constant expression (compiling source file M:\Torque2DCmake\engine\source\2d\sceneobject\Scroller.cc)
  winCPUInfo.cc
M:\Torque2DCmake\engine\source\Box2D/Common/b2Settings.h(28): fatal error C1017: invalid integer constant expression (compiling source file M:\Torque2DCmake\engine\source\2d\sceneobject\SkeletonObject.cc)
  winConsole.cc
M:\Torque2DCmake\engine\source\Box2D/Common/b2Settings.h(28): fatal error C1017: invalid integer constant expression (compiling source file M:\Torque2DCmake\engine\source\2d\sceneobject\ShapeVector.cc)
  winDInputDevice.cc
M:\Torque2DCmake\engine\source\Box2D/Common/b2Settings.h(28): fatal error C1017: invalid integer constant expression (compiling source file M:\Torque2DCmake\engine\source\2d\sceneobject\TextSprite.cc)
  winDirectInput.cc
M:\Torque2DCmake\engine\source\Box2D/Common/b2Settings.h(28): fatal error C1017: invalid integer constant expression (compiling source file M:\Torque2DCmake\engine\source\2d\sceneobject\Sprite.cc)
  winExec.cc
  winFileio.cc
  winFont.cc
M:\Torque2DCmake\engine\source\Box2D/Common/b2Settings.h(28): fatal error C1017: invalid integer constant expression (compiling source file M:\Torque2DCmake\engine\source\2d\sceneobject\Trigger.cc)
  winGL.cc
  winGLSpecial.cc
m:\torque2dcmake\engine\source\platformwin32\winConsole_ScriptBinding.h(45): warning C4840: non-portable use of class 'std::basic_string<char,std::char_traits<char>,std::allocator<char>>' as an argument to a variadic function (compiling source file M:\Torque2DCmake\engine\source\platformWin32\winConsole.cc)
  m:\torque2dcmake\engine\source\platformwin32\winConsole_ScriptBinding.h(45): note: 'std::basic_string<char,std::char_traits<char>,std::allocator<char>>::basic_string' is non-trivial (compiling source file M:\Torque2DCmake\engine\source\platformWin32\winConsole.cc)
  C:\Program Files (x86)\Microsoft Visual Studio\2017\Professional\VC\Tools\MSVC\14.16.27023\include\xstring(2128): note: see declaration of 'std::basic_string<char,std::char_traits<char>,std::allocator<char>>::basic_string' (compiling source file M:\Torque2DCmake\engine\source\platformWin32\winConsole.cc)
  m:\torque2dcmake\engine\source\platformwin32\winConsole_ScriptBinding.h(45): note: the constructor and destructor will not be called; a bitwise copy of the class will be passed as the argument (compiling source file M:\Torque2DCmake\engine\source\platformWin32\winConsole.cc)
  C:\Program Files (x86)\Microsoft Visual Studio\2017\Professional\VC\Tools\MSVC\14.16.27023\include\xstring(4373): note: see declaration of 'std::basic_string<char,std::char_traits<char>,std::allocator<char>>' (compiling source file M:\Torque2DCmake\engine\source\platformWin32\winConsole.cc)
M:\Torque2DCmake\engine\source\platformWin32\winConsole.cc(175): warning C4456: declaration of 'i' hides previous local declaration
  M:\Torque2DCmake\engine\source\platformWin32\winConsole.cc(151): note: see declaration of 'i'
M:\Torque2DCmake\engine\source\platformWin32\winConsole.cc(205): warning C4456: declaration of 'i' hides previous local declaration
  M:\Torque2DCmake\engine\source\platformWin32\winConsole.cc(151): note: see declaration of 'i'
M:\Torque2DCmake\engine\source\platformWin32\winConsole.cc(249): warning C4456: declaration of 'i' hides previous local declaration
  M:\Torque2DCmake\engine\source\platformWin32\winConsole.cc(151): note: see declaration of 'i'
M:\Torque2DCmake\engine\source\platformWin32\winFileio.cc(732): warning C4189: 'ret': local variable is initialized but not referenced
M:\Torque2DCmake\engine\source\platformWin32\winFileio.cc(106): warning C4505: 'pathCompare': unreferenced local function has been removed
m:\torque2dcmake\engine\source\platformwin32\winfileio.cc(431): warning C4701: potentially uninitialized local variable 'finalPos' used
m:\torque2dcmake\engine\source\platformwin32\winfileio.cc(1022): warning C4701: potentially uninitialized local variable 'subTrail' used
m:\torque2dcmake\engine\source\platformwin32\winfileio.cc(1069): warning C4701: potentially uninitialized local variable 'subLead' used
  winInput.cc
  winMath.cc
M:\Torque2DCmake\engine\source\platformWin32\winDInputDevice.cc(906): warning C4189: 'objInstance': local variable is initialized but not referenced
  winMath_ASM.cc
m:\torque2dcmake\engine\source\platformwin32\winexec.cc(112): warning C4701: potentially uninitialized local variable 'wait' used
  winMemory.cc
m:\torque2dcmake\engine\source\platformwin32\windinputdevice.cc(681): warning C4701: potentially uninitialized local variable 'oldData' used
  winOGLVideo.cc
  winOpenAL.cc
M:\Torque2DCmake\engine\source\platformWin32\winGLSpecial.cc(193): warning C4477: 'fprintf' : format string '%d' requires an argument of type 'int', but variadic argument 1 has type 'GLdouble'
M:\Torque2DCmake\engine\source\platformWin32\winGLSpecial.cc(193): warning C4477: 'fprintf' : format string '%d' requires an argument of type 'int', but variadic argument 2 has type 'GLdouble'
M:\Torque2DCmake\engine\source\platformWin32\winGLSpecial.cc(193): warning C4477: 'fprintf' : format string '%d' requires an argument of type 'int', but variadic argument 3 has type 'GLdouble'
M:\Torque2DCmake\engine\source\platformWin32\winGLSpecial.cc(193): warning C4477: 'fprintf' : format string '%d' requires an argument of type 'int', but variadic argument 4 has type 'GLdouble'
M:\Torque2DCmake\engine\source\platformWin32\winGLSpecial.cc(200): warning C4477: 'fprintf' : format string '%d' requires an argument of type 'int', but variadic argument 1 has type 'GLdouble'
M:\Torque2DCmake\engine\source\platformWin32\winGLSpecial.cc(200): warning C4477: 'fprintf' : format string '%d' requires an argument of type 'int', but variadic argument 2 has type 'GLdouble'
M:\Torque2DCmake\engine\source\platformWin32\winGLSpecial.cc(200): warning C4477: 'fprintf' : format string '%d' requires an argument of type 'int', but variadic argument 3 has type 'GLdouble'
M:\Torque2DCmake\engine\source\platformWin32\winGLSpecial.cc(200): warning C4477: 'fprintf' : format string '%d' requires an argument of type 'int', but variadic argument 4 has type 'GLdouble'
M:\Torque2DCmake\engine\source\platformWin32\winGLSpecial.cc(207): warning C4477: 'fprintf' : format string '%d' requires an argument of type 'int', but variadic argument 1 has type 'GLdouble'
M:\Torque2DCmake\engine\source\platformWin32\winGLSpecial.cc(207): warning C4477: 'fprintf' : format string '%d' requires an argument of type 'int', but variadic argument 2 has type 'GLdouble'
M:\Torque2DCmake\engine\source\platformWin32\winGLSpecial.cc(207): warning C4477: 'fprintf' : format string '%d' requires an argument of type 'int', but variadic argument 3 has type 'GLdouble'
M:\Torque2DCmake\engine\source\platformWin32\winGLSpecial.cc(207): warning C4477: 'fprintf' : format string '%d' requires an argument of type 'int', but variadic argument 4 has type 'GLdouble'
M:\Torque2DCmake\engine\source\platformWin32\winGLSpecial.cc(214): warning C4477: 'fprintf' : format string '%d' requires an argument of type 'int', but variadic argument 1 has type 'GLdouble'
M:\Torque2DCmake\engine\source\platformWin32\winGLSpecial.cc(214): warning C4477: 'fprintf' : format string '%d' requires an argument of type 'int', but variadic argument 2 has type 'GLdouble'
M:\Torque2DCmake\engine\source\platformWin32\winGLSpecial.cc(214): warning C4477: 'fprintf' : format string '%d' requires an argument of type 'int', but variadic argument 3 has type 'GLdouble'
M:\Torque2DCmake\engine\source\platformWin32\winGLSpecial.cc(214): warning C4477: 'fprintf' : format string '%d' requires an argument of type 'int', but variadic argument 4 has type 'GLdouble'
M:\Torque2DCmake\engine\source\platformWin32\winGLSpecial.cc(214): warning C4477: 'fprintf' : format string '%d' requires an argument of type 'int', but variadic argument 5 has type 'GLdouble'
M:\Torque2DCmake\engine\source\platformWin32\winGLSpecial.cc(214): warning C4477: 'fprintf' : format string '%d' requires an argument of type 'int', but variadic argument 6 has type 'GLdouble'
M:\Torque2DCmake\engine\source\platformWin32\winGLSpecial.cc(214): warning C4477: 'fprintf' : format string '%d' requires an argument of type 'int', but variadic argument 7 has type 'GLdouble'
M:\Torque2DCmake\engine\source\platformWin32\winGLSpecial.cc(214): warning C4477: 'fprintf' : format string '%d' requires an argument of type 'int', but variadic argument 8 has type 'GLdouble'
M:\Torque2DCmake\engine\source\platformWin32\winGLSpecial.cc(214): warning C4477: 'fprintf' : format string '%d' requires an argument of type 'int', but variadic argument 9 has type 'GLdouble'
  winProcessControl.cc
  winSemaphore.cc
  winStrings.cc
  winTLS.cc
  winTime.cc
M:\Torque2DCmake\engine\source\platformWin32\winOpenAL.cc(26): fatal error C1083: Cannot open include file: 'al/altypes.h': No such file or directory
  winUser.cc
  winVFS.cc
  winVideo.cc
  winWindow.cc
  win32DirectoryResolver.cpp
M:\Torque2DCmake\engine\source\platformWin32\winOGLVideo.cc(760): warning C4456: declaration of 'pfd' hides previous local declaration
  M:\Torque2DCmake\engine\source\platformWin32\winOGLVideo.cc(743): note: see declaration of 'pfd'
M:\Torque2DCmake\engine\source\platformWin32\winOGLVideo.cc(763): warning C4456: declaration of 'chosenFormat' hides previous local declaration
  M:\Torque2DCmake\engine\source\platformWin32\winOGLVideo.cc(747): note: see declaration of 'chosenFormat'
  win32FileDialog.cc
  win32MsgBox.cpp
m:\torque2dcmake\engine\source\platformwin32\winvfs.cc(84): warning C4706: assignment within conditional expression
  popupMenuWin32.cc
  mutex.cc
  thread.cc
M:\Torque2DCmake\engine\source\platformWin32\nativeDialogs\win32MsgBox.cpp(44): warning C4838: conversion from 'unsigned int' to 'S32' requires a narrowing conversion
M:\Torque2DCmake\engine\source\platformWin32\nativeDialogs\win32MsgBox.cpp(53): warning C4838: conversion from 'unsigned int' to 'S32' requires a narrowing conversion
M:\Torque2DCmake\engine\source\platformWin32\nativeDialogs\win32MsgBox.cpp(63): warning C4838: conversion from 'unsigned int' to 'S32' requires a narrowing conversion
M:\Torque2DCmake\engine\source\Box2D/Common/b2Settings.h(28): fatal error C1017: invalid integer constant expression (compiling source file M:\Torque2DCmake\engine\source\platformWin32\winWindow.cc)
